2 282 176
2 112 188
2 59 20
3 288 5 53
3 296 157 222
2 68 269
2 180 108
2 265 235
3 10 137 270
2 293 57
2 256 2
3 185 40 24
3 181 163 66
2 75 6
3 0 200 17
3 152 139 46
3 285 124 299
2 141 132
2 156 248
2 213 199
3 196 58 286
3 106 164 166
3 114 171 122
2 12 76
3 95 47 115
3 216 239 231
3 121 61 263
3 101 18 267
3 243 81 86
3 127 227 172
3 272 215 56
3 96 158 118
3 212 262 64
3 201 198 280
3 98 136 183
3 119 79 268
3 111 91 291
2 259 23
3 11 202 191
2 271 72
3 43 250 100
3 126 145 93
3 219 189 193
3 205 78 175
3 258 144 253
2 242 232
3 85 298 38
3 13 60 211
3 161 149 52
3 54 32 187
3 48 277 22
3 16 69 229
3 290 297 117
3 25 113 169
3 260 71 51
3 80 240 230
3 104 37 246
3 206 102 134
3 244 218 9
3 170 178 130
3 63 97 278
3 154 236 225
3 49 237 45
3 94 252 26
3 27 107 7
3 284 159 255
3 135 283 55
3 89 287 165
3 214 82 3
3 151 138 4
3 131 153 109
3 1 105 274
3 155 197 254
3 103 70 264
3 208 123 186
3 295 39 8
3 83 142 90
3 257 266 220
3 204 19 251
3 249 133 147
3 140 150 120
3 67 174 31
3 207 190 182
3 233 228 44
3 276 162 173
3 289 273 84
3 50 35 279
3 42 146 247
3 223 160 128
3 15 292 29
3 116 217 192
3 294 281 129
3 245 125 195
3 224 209 30
3 148 241 261
3 73 177 210
3 143 14 238
3 21 74 28
3 226 62 77
3 203 92 194
