49 370 7329 6896 1247 3545 8100 4733 9689 2048 574 9199 5439 336 7479 9835 1523 8363 5207 975 8521 5003 2492 4476 8011 7499 9040 7278 6436 1345 2578 631 1360 1147 2636 1886 9274 1954 7766 3692 9780 630 7706 155 710 9213 940 6373 5472 5649
52 7747 7973 4400 7389 8053 640 5497 85 240 3503 7030 1137 3701 9686 7258 1249 5314 923 3243 6644 6796 6686 3869 779 1460 8404 6579 814 1546 9954 5065 9978 1010 4672 1634 4821 9035 7254 4479 9724 9518 2336 7446 9987 3261 2405 7669 4229 8507 595 699 8727
51 1030 3815 2550 3083 5192 4376 8254 87 8671 5155 7692 8298 1077 1158 9193 6158 1625 7481 4372 9059 470 8021 6300 6379 1629 1601 1635 9967 9386 3440 8599 8429 2516 3452 7846 5376 6847 3067 7554 5598 49 7411 5399 2296 4398 8388 6814 6826 9704 2447 4609
49 7383 3834 7694 2476 3121 9115 3856 4529 852 5880 2039 5781 2042 6163 6385 760 6755 3871 9681 7360 863 3479 7952 2652 4026 2106 1537 8079 2532 1759 3311 3141 1836 4872 3017 3812 390 9189 6390 2421 7224 3857 3226 9107 5186 2923 1006 1229 2717
52 5821 7203 4622 6923 3794 7024 7462 3849 5833 3028 8720 4906 4575 9964 2638 6119 7784 1541 1583 7066 8669 527 2865 967 7522 7765 5628 7505 1631 7266 990 5616 128 9818 1028 4017 8922 563 1091 435 8674 9071 5615 9017 727 5429 7146 9867 1281 6009 7543 2036
53 6775 6813 5445 4200 9299 8941 826 4588 7597 5126 1960 3203 1971 9155 8176 7899 9758 9543 6033 50 9577 5580 3139 537 9869 4943 1214 3117 8251 9173 7507 7513 1823 7046 1411 2757 5835 8884 9099 1681 9000 8077 9338 747 9803 4360 2933 1312 3003 1125 3434 8366 5037
51 3224 1076 2535 2355 993 4928 6012 4934 96 4514 196 1081 7135 360 8107 9887 1916 4015 2035 7795 5230 6607 2892 1482 6664 7121 358 8936 4130 8665 9345 8214 4381 6551 5594 9743 960 3556 8409 3386 3726 8375 3727 6071 4681 1610 6806 3164 5284 5789 7749
53 1157 180 4924 4551 3366 6333 8043 4176 1035 3435 6784 1342 5737 5745 5203 4573 5451 7928 2308 5044 7778 1608 9324 9472 894 9051 625 2213 4548 4456 3714 2847 9719 9768 8830 9004 3897 3884 508 6066 6563 6995 2215 5773 5337 6643 1705 2088 5986 7378 1003 9690 1384
56 2870 6016 4921 6320 227 8542 5426 2477 6629 8687 2284 234 5272 2904 6398 1860 258 6751 5607 9064 8233 793 2996 4818 484 4217 5685 7873 5524 4442 5733 1066 6540 1876 4805 1861 1810 9625 4812 7909 4465 5636 9194 6003 4034 4098 7569 8096 4993 880 147 545 5447 7576 4181 4513
50 5193 8293 6545 8617 8106 4213 8559 9175 6689 6124 3838 798 7677 1198 3273 4645 1934 5670 7352 38 3159 6590 6181 7082 7379 517 7238 2845 2178 9926 5333 9953 316 5886 4532 2604 7009 6365 3474 3758 5798 1209 1775 5050 5947 101 4596 9617 8530 854
54 8257 8012 8804 6756 9856 5515 1567 5326 3476 4131 580 2281 2108 7498 6969 6994 2760 1949 4785 6316 6898 3134 3673 4151 6450 1930 3102 3396 9546 8993 7323 7586 394 2011 1435 8232 6542 259 361 2157 5919 8833 4525 6470 6426 516 8039 9072 8944 1895 572 6248 7813 8866
51 9337 6117 2690 141 6245 8218 3162 524 2854 8956 2089 2104 4433 9969 4782 1586 6037 1707 2435 2925 423 2271 7842 576 5297 9789 6260 1304 7547 467 2254 6363 597 1441 3748 1379 5231 7787 819 874 5246 5156 5871 1982 670 4489 9528 842 9582 4669 9190
51 8999 2253 550 5135 3917 8911 4980 8205 588 7844 1458 2001 6166 2175 9435 4638 3491 9779 1905 7247 165 6767 1461 1140 8229 999 2082 8253 3469 8180 3488 3594 7418 1463 5295 8259 6022 3875 3021 6936 7141 9910 1366 3206 9717 3530 8697 7100 1293 7501 2922
50 9829 5153 6392 8324 2468 9307 2803 6514 2794 2836 302 6577 1404 1576 2013 3284 1981 4738 8240 6371 2885 1105 9268 9740 4774 6600 8349 8817 5401 5475 9504 4452 8943 299 1626 982 3214 2974 7512 9921 5600 2026 1054 7613 7614 9097 9318 249 1476 5068
49 2478 3355 7409 3547 7924 443 4411 6548 610 1919 5950 210 3251 906 9805 5868 1095 4692 250 2702 6143 8972 8042 8913 2857 70 1825 7000 9400 6453 4175 4007 5308 3248 4524 7148 9502 5091 1642 1776 6530 1809 4515 5944 359 1287 8048 2411 3494
51 4994 7213 3168 3377 5748 6438 3694 7675 7991 9321 9205 6244 7886 202 736 2024 3880 6429 5893 6458 6703 7656 426 243 6099 1402 3653 8338 9106 2969 5799 9615 5772 6960 925 1747 7025 1309 2022 1222 7028 4856 4956 6431 7130 9607 7055 9139 5946 6264 4412
53 745 696 7934 2825 9011 9589 6210 2610 1139 3227 2963 9285 9713 3835 7374 3774 3264 8200 6883 4863 5694 3297 4668 6183 1183 3145 4981 9437 3850 7157 5925 3681 8341 9934 1453 9233 1 5850 7649 973 4577 3611 5989 5136 6142 4115 1558 6294 6765 3353 458 5895 1466
54 6369 400 2656 8901 4198 7763 7926 8491 6090 4042 354 3562 3130 4126 5839 7528 3464 6237 7532 2683 376 2840 3797 5968 1590 7566 2200 7098 9993 1848 4457 4750 5655 8381 3604 8041 7672 2491 5219 774 4187 4403 156 2586 5300 731 4758 7445 4968 6324 8329 2626 8032 7615
54 6403 8465 2123 5198 3303 7331 9232 855 4322 5094 5851 3821 4123 9094 3640 4526 5847 291 4257 9696 7902 7727 6357 6747 1726 1839 2595 8296 3012 9466 921 4031 6835 6986 2676 5440 992 2544 633 2194 1405 3075 194 7893 2489 2784 8657 9456 5526 3932 7067 2148 4502 320
54 8015 4359 771 7447 9184 6884 8575 2533 1511 7181 816 1377 7235 8410 427 7074 3345 5595 3841 2363 8009 3511 4062 1918 7239 9451 2080 5145 2494 2678 3346 5111 8477 4138 9349 9739 7200 6439 1073 2461 3882 2283 6402 8270 8121 8265 6261 2150 5754 8518 4059 9211 5329 6112
53 3546 1632 2707 4935 4927 6972 7830 1099 3793 2732 8949 1177 5470 9474 9444 9567 4862 4877 5954 399 1393 471 1781 7059 8596 5171 7752 7336 6587 8271 1731 2805 2303 4797 2777 2463 9726 608 783 2651 6581 9122 2571 2649 4022 7204 7967 2219 4287 706 1612 6113 8851
58 6934 9073 1745 7014 6277 3100 3241 4190 7390 7941 172 2310 4462 9450 5063 3778 5000 9654 4900 8192 3394 5550 5704 9134 583 1830 8105 6120 3426 9018 8493 346 8067 5617 7332 9718 6516 6842 1871 6922 8097 1042 6759 8444 8798 3664 9897 4158 4867 769 2309 7297 1202 1673 8400 6605 5903 5199
49 9269 7197 5757 175 2504 6498 8286 8721 9174 8112 4716 4842 5371 9771 2449 5715 2007 6630 9286 7182 2773 5531 9218 438 7998 1064 7116 565 3065 5034 4078 6356 8655 1074 2003 5486 1059 4815 6802 9548 4016 7818 2102 6797 2830 3082 7888 1241 1448
51 6968 2227 7801 8288 7847 9673 7211 4473 8696 838 1148 7785 4247 6496 8926 9430 3912 8526 9326 891 9517 2951 2329 2525 663 2059 6715 8965 9538 879 5914 4205 4254 6265 8215 7460 7581 2891 1134 3034 3200 4713 5668 8544 6188 7291 418 851 8423 9970 8285
52 2095 8050 1972 8374 2081 4608 7551 342 3765 6230 6467 3360 9291 4070 130 5229 9727 9764 882 740 3276 8020 1421 5585 6720 9759 6421 2708 5934 6254 1554 7771 3099 2972 9025 169 5338 1943 8991 2049 3001 4032 6827 8793 3178 9509 829 5766 9407 3447 9052 7533
52 8511 8014 9647 5162 133 8383 134 5216 9145 1048 2921 2616 6560 8126 2554 4585 4654 1674 5256 7453 2277 7095 1829 5527 7637 3199 3595 6447 7060 2875 284 4385 7357 8900 3721 8424 8627 6233 2906 4602 2137 4742 5360 9609 5085 7156 8408 4853 7870 983 9880 1929
51 8498 8988 3002 5455 7220 1898 8394 6864 185 2324 4566 9257 2509 2637 8717 4820 5223 5343 232 2736 3564 5233 942 9055 3649 5582 9578 4063 5756 3883 3963 8211 8605 9279 478 3864 5428 8051 1269 1493 2594 3872 8489 985 5078 4755 4961 5479 1475 6075 7035
54 6757 1187 53 8384 9260 7126 9427 489 2561 7010 7347 4631 199 20 587 8123 8462 7429 9425 437 548 5422 2290 9813 8355 150 4621 5190 6494 7762 926 6202 9251 1998 8681 1536 8102 5240 1274 4534 9182 6017 2436 8131 9575 3076 6471 7638 2639 2203 1160 8768 1831 3373
53 6536 7004 7715 201 3788 889 2140 5152 6473 5559 5057 1818 4873 9058 2265 2518 3660 8263 3120 9586 839 1591 2412 5130 7194 8445 5112 8573 1406 4793 9854 8844 4390 4646 4628 5244 5546 9068 1738 2101 4725 9948 473 3940 1124 3634 6874 1339 1548 4212 1363 2940 270
51 7764 9258 3098 6040 794 3188 6739 7857 2976 1887 4788 2902 6046 6068 1884 2919 6920 221 494 2770 6528 7538 6048 7580 8094 2075 9531 5977 7651 7974 4969 6647 9693 32 9893 4870 6650 1941 9864 1944 190 8584 2552 4382 6227 6321 4202 5549 9027 8463 1265
54 5469 4781 4291 4413 9044 9900 2587 1041 7346 9786 5581 131 7388 4537 1149 2030 2944 4907 5900 6891 8266 9481 2716 5134 44 9511 3375 5993 252 9498 3677 4369 7736 1733 4637 3612 7289 9019 5626 8258 8907 2272 2077 692 2679 6057 6899 371 3048 721 384 246 3026 9851
52 3702 5583 5552 980 2979 1034 1718 4045 398 7105 4014 8348 9935 1741 3800 2295 2400 1033 1049 5234 9614 5346 6241 2572 4735 9276 1963 6588 3382 5858 7833 4584 5474 5726 5749 6742 703 1027 9061 9079 3156 8117 3070 1620 4839 7985 4225 4318 4453 1819 8389 9421
50 3638 4378 5279 2454 2672 6641 1318 4784 1170 5695 6127 7855 4940 3772 7079 1757 8541 7338 8109 8431 8466 2890 4520 9359 2152 5861 261 1723 5570 6733 7223 1973 1846 4568 1621 8719 9468 6191 6251 9622 4657 3019 1070 9519 2686 4719 9253 2896 5901 2500
48 3060 2824 5883 4701 8869 2710 552 7605 2443 1645 3190 6880 3658 6656 5087 4185 8081 930 4236 8256 2517 5394 2071 1893 5082 764 4536 468 2162 12 1658 3894 1889 8235 2741 2129 5840 9032 2879 3974 9304 1713 6295 6652 575 669 3540 8660
52 3016 4271 5237 7879 348 931 1422 8677 2758 4079 237 4419 7198 386 6364 3189 4226 4342 676 4698 4736 8570 5026 2735 979 2956 4309 3935 8069 2354 3038 7854 4167 6465 9596 2017 4731 966 1412 357 2542 3699 2014 3401 5247 7646 4640 6696 7063 7458 9968 7183
56 4387 6875 4172 7080 9433 6731 4594 5248 1767 4041 5128 6722 6906 7751 4509 4049 7653 6234 7210 558 5215 5873 3777 5236 1022 7252 6971 5802 6941 6822 7287 4152 8729 6454 7695 4203 8894 5315 7444 1474 3741 5770 6674 7251 8169 3301 5785 8590 5432 2547 9515 714 2718 7912 541 3271
53 3487 3525 5606 9668 5144 2949 4761 5358 7319 7966 3056 1468 2986 9637 2033 8915 452 741 3873 4705 9505 1533 1974 5936 8340 7859 260 6554 6063 1487 6639 5305 5820 8362 8800 9021 166 2167 2362 6038 561 3231 5405 6116 6821 6897 1606 2058 9317 2737 3698 6483 7286
52 1193 2315 3031 3062 7201 2761 2796 7617 3695 8065 483 997 2712 5768 2185 5891 1026 5132 5705 2694 4345 9135 2763 7086 1600 1599 6276 8287 9033 8801 2681 6566 7178 8852 9939 7817 1864 3497 9997 1365 4847 6337 4708 9706 256 3403 4110 5282 3193 3959 5547 9003
49 366 4307 7154 3490 377 8027 6636 9894 8792 9373 4656 1133 2 2155 2252 6478 9309 2888 9946 1039 6041 8787 1896 4315 780 3742 7305 8064 7791 6482 2817 3267 7225 8531 8483 8565 6348 698 5114 3651 3757 9558 9644 6811 7500 120 1401 7635 6083
54 2410 835 2126 2787 4667 7685 83 2360 7093 7118 138 6583 7359 5812 5810 1383 4995 1129 1807 9857 311 7869 2568 5030 7557 178 5069 1664 8785 6801 3647 8085 3348 4173 4539 5239 1375 5220 4279 6152 222 1038 1956 6795 6218 4209 4683 441 7355 4902 5266 328 3770 474
52 6513 300 1897 2536 886 7885 3768 114 7206 3427 6791 8297 549 2439 2483 5465 1165 3787 1086 8162 1516 7906 6895 4972 7740 2607 8314 3196 738 5166 6441 9601 6168 4859 5255 9432 2342 635 1315 8862 3552 9675 353 9520 871 3473 1180 4983 8101 682 3088 9431
51 4270 7606 8171 3063 3509 6628 525 4068 4094 2433 4746 5251 8728 9471 3354 8045 9595 4559 292 7872 9664 6228 768 2789 4177 9464 116 4829 6780 3429 4908 6562 1156 6785 7641 1262 4889 5538 7670 2801 6393 2438 3073 5572 7520 230 6383 3859 4352 6484 2563
52 5543 4985 7396 4170 8010 1490 1433 7633 1574 152 9988 1950 1088 4561 4882 4891 1980 5196 6303 3589 4020 5275 6855 758 5483 7269 2349 2774 3089 8611 3818 8024 9792 959 2657 8415 8865 9521 912 5499 8342 297 4966 6793 9592 2051 4833 7911 6067 6544 8796 22
51 4459 1153 5023 5874 7798 4033 4301 9413 9424 7054 7085 2119 4582 3669 744 2084 4890 9453 2739 7600 9282 988 2863 9741 2809 6487 8264 9050 3131 7337 7863 4574 3718 937 2068 7218 7891 170 2356 5684 7936 8122 9873 432 9463 4777 124 2727 6817 8703 59
58 5859 4767 2642 3579 3132 4086 5863 9593 6065 2161 4420 7598 970 1420 4058 7644 3937 8193 5762 5434 6660 1111 1438 5409 4625 6223 3998 873 4427 4528 2221 2286 7895 5797 98 3040 4772 5205 5658 9752 6378 6838 533 9924 5204 7990 8942 7640 8391 901 2705 313 5574 4823 6929 7804 1962 7264
55 1553 910 1320 2220 6059 6105 2160 6984 3144 3645 8574 5138 2781 2861 7368 9265 847 1883 4603 9380 1682 6159 8716 9753 4118 7015 8186 1327 9172 526 2720 3176 511 3931 183 3899 5994 9095 6206 3617 8059 4132 5098 5179 6740 9192 3018 9360 6998 9014 9259 3238 140 2581 9159
52 6888 58 2374 449 4182 7088 8548 3281 4396 1447 8049 9928 1863 6459 7823 522 8948 6126 7186 8456 3643 7127 9368 1019 3225 4605 1488 5443 6323 7391 1695 7228 5909 9705 5729 9787 5164 5568 6991 9426 1225 4553 1618 266 2394 6082 7931 4560 8516 8650 5088 7034
51 167 713 5746 2177 8710 8771 1613 2646 4262 6412 5913 828 1940 772 3588 4311 8566 6521 9560 3792 5760 1873 5988 9642 4660 8708 9379 4466 7452 3247 8230 2118 5143 2869 7860 2756 3080 4714 6766 4242 4811 6435 7573 1985 3472 8769 8968 869 4984 6292 8885
47 933 1566 5442 8078 5175 307 9187 4945 9542 2429 7827 1196 5163 9083 4455 3676 6850 7624 1317 9957 137 2959 68 8307 2046 9384 642 5061 7592 3910 1649 2585 9077 3662 7354 9777 914 8497 8582 2440 6093 977 1123 1481 4470 5591 3711
54 1354 1418 750 2076 3329 6761 892 1908 2300 6043 3534 6495 8272 5306 1693 200 5698 7832 2305 5049 1975 2043 5017 6497 9671 1909 3000 9060 7113 2074 1425 6777 6799 3809 2199 3886 8282 1851 8334 6524 8087 4522 7199 2064 8733 1295 5249 8711 1087 9246 4425 9697 8916 7503
52 6914 4909 5554 7230 8093 9323 4499 368 5803 7341 2601 3096 9009 6779 2094 4850 8743 1688 4371 3744 4635 8588 9581 1277 1595 6097 8098 4963 7089 8062 4273 9069 5142 8649 3743 2105 4629 4832 4918 7271 7607 6407 6808 7731 8572 3560 6974 2837 4321 5125 9250 8195
50 2258 3428 602 3628 9046 3444 5623 450 6080 8019 8850 2994 6456 7340 9888 88 5261 8840 9526 4255 5097 6977 3769 2242 8057 7738 5064 8248 8325 5014 8092 1349 7697 5307 4393 6313 8667 207 4370 3064 3364 4211 5033 6515 1572 2317 8343 303 6329 3323
47 6375 8578 2813 3771 4146 5106 7419 5807 6624 9120 9281 4362 3234 4012 9208 2333 9632 8188 5545 1413 5392 9007 9214 4389 8470 6186 104 1970 4148 8372 7553 6475 3567 3961 6457 8150 1219 1355 6887 1194 3417 3582 9489 9760 1811 5038 9963
48 9936 4930 9195 4765 1118 6204 424 9784 9799 472 6693 365 4630 9030 876 5502 9005 8308 7382 8805 824 1817 1838 2307 2526 2548 5387 5829 6411 8673 34 7774 8794 9198 7673 3288 421 4769 7051 9342 479 3449 5811 7634 507 1114 1662 2946
49 4550 5355 6008 6074 9459 2658 6964 5599 5077 6687 8581 3729 9497 9650 16 9611 174 9066 9131 9761 986 1786 2176 7175 8187 3320 4975 7043 8924 4237 1762 5605 5093 5512 171 9998 321 4323 5633 8370 1719 1381 6086 6831 3349 8245 3259 26 644
48 9165 5059 8856 47 3900 5930 7947 206 8425 229 5741 6061 7938 8505 2154 4693 7490 8903 2970 4246 6386 8005 7358 2145 5480 1302 4759 5052 6717 8832 1203 3379 4196 6193 5960 6327 6593 9876 1138 2298 6387 7668 8174 9499 4194 7149 9905 2097
56 4546 92 1002 4721 6306 6526 1728 7366 39 637 1967 3516 4843 8146 812 2249 6319 2246 8433 110 833 5362 1279 6794 5945 5638 6634 1032 7062 7234 9666 410 9162 3573 4121 496 1272 4593 4320 242 4673 3918 4051 5277 1582 3194 8084 3507 5822 1637 1877 3314 4960 3889 4837 6612
51 5674 7407 1297 4997 6229 6225 8610 4700 4851 6663 9300 2073 2247 9891 1806 5790 8052 8958 9522 5832 6167 1014 4752 5921 6509 7850 860 2409 3590 107 650 2501 4394 5148 6370 7889 4133 383 3146 5318 7558 4162 4554 9996 1832 9138 6597 7259 2942 3915 536
53 5818 3627 6302 7943 4722 5334 8895 6400 3926 5716 2742 395 1116 8152 8367 8755 4480 7487 5403 8142 2728 6448 7410 6262 6377 8401 6500 9141 9 5487 5879 9488 896 2060 7416 8737 244 2860 3696 5127 5958 8628 7302 7745 145 4005 3559 1689 6754 2669 2897 6790 3110
49 5385 9674 2431 4658 2214 6194 2973 944 1798 2848 3467 5846 7483 3568 6132 8028 8003 8167 8881 314 5197 6401 8765 7221 3860 5335 7 9657 1058 2369 4957 3182 5817 1368 5679 8310 9008 3010 8841 991 4662 4926 4558 1285 3478 6461 369 5961 8934
53 1103 8520 356 4876 6052 41 8339 8724 9563 1509 2971 3934 5712 6989 1840 4192 6352 2072 3412 6582 417 3968 4614 6843 7007 9853 1780 2120 5498 7548 1044 4754 8403 6101 6594 1374 5707 7131 7262 5939 2569 4597 4458 7333 5671 1399 4641 1835 3510 4035 3032 4128 2232
50 9223 5022 8918 1127 9074 276 7163 7404 3308 3407 4598 559 3454 6335 7643 6440 238 2038 4298 647 3655 6578 849 108 4082 8799 1282 9065 624 7351 957 2776 8226 9809 656 513 7236 9886 255 444 2954 5444 7610 6395 6434 4531 5206 5210 5066 3725
55 4333 6460 7944 9550 2348 6723 7815 8994 8908 2469 3390 4267 6466 2634 7759 6701 7809 1522 3051 5665 5995 8928 9610 2622 4946 6729 4649 4770 5107 5539 6885 4067 6649 7376 8291 8864 8088 5117 6743 7160 8814 1891 864 1789 2945 6735 2482 9580 289 2806 4256 4506 6195 2670 4377
48 9945 555 2008 5690 7212 9486 7856 8546 3852 2019 4250 9529 9712 531 888 2650 7761 1467 4905 9397 553 562 4666 7963 8500 8870 8921 3706 4639 5843 7876 5332 5747 9041 3895 4240 5621 5681 7602 2256 9085 770 1429 7862 687 702 1698 3066
55 7780 3691 5352 9391 2326 3756 8735 2420 2893 18 8357 6094 6745 7977 8858 2556 9692 7858 7903 8686 4351 5174 5794 7812 500 1228 4319 7372 8992 9316 659 3613 1986 3982 7698 2596 8680 1244 5732 6098 6967 806 2749 7881 8124 3648 1082 3292 5662 7003 8001 9186 8762 310 4814
50 1794 1964 2255 3654 5070 3327 2186 7052 7172 7609 8746 126 3343 4753 5604 5718 1098 1714 688 3533 6535 9698 2275 8906 591 709 1881 5189 5806 4786 9376 1696 2192 3808 4652 6215 6673 6023 6541 8435 2005 3025 3583 4954 8552 8583 382 2292 2766 3896
49 7953 945 3847 7913 651 4002 4976 9448 312 720 4686 4695 6721 9537 189 7619 2131 4436 9981 917 1292 1816 2916 6102 8855 4712 5115 3163 4222 1248 3616 4117 4709 8018 9944 1278 7435 3739 7663 4113 5158 6270 971 8597 9638 9850 3749 9605 4481
49 67 2680 5075 7631 7840 8775 3081 8073 5602 8738 5367 7725 1532 6109 7612 7711 8620 6710 8364 1888 4075 6640 2404 3114 5159 8752 3399 950 2693 2947 6992 7502 909 2197 5997 8145 105 2386 3465 4135 6872 6990 269 451 3468 6915 1756 3991 7393
48 2958 8455 6571 6839 2133 8676 9016 4076 5293 7084 8641 420 7090 7721 2643 4142 4299 7293 9039 5398 6706 8976 9682 6909 46 6226 7026 1921 2871 3599 5055 7318 7441 8250 9140 3339 3544 7523 2895 1504 1955 8119 8937 1491 8116 8822 5347 1083
52 661 8382 3228 9855 813 9898 5328 6584 7017 3805 9796 1291 4106 7369 9606 4357 4849 5071 9238 1910 9010 412 1875 6753 6555 8304 9699 2210 6136 8262 6362 951 1708 6997 3942 9396 293 1957 5929 6380 434 2714 5809 7710 4397 5551 272 2381 5838 2396 5006 1470
52 9319 1991 4374 5287 6902 8023 4619 6770 3223 6162 6908 339 7737 2820 2696 9289 9679 4581 1902 2442 7626 8133 163 2762 5488 8373 2487 5556 6711 337 8886 1273 6677 8114 1409 1040 2557 4429 5815 8234 1051 1969 5735 9525 1761 7400 8607 3566 6455 7917 8438 5795
51 899 8670 8725 9256 1254 2302 4216 4486 5351 6916 2480 4618 3789 4723 8938 63 2560 2957 4214 5976 2640 7267 7395 4920 2691 3094 6698 6833 8888 3106 4124 5456 9852 4440 6212 8141 8722 9178 3602 7618 326 4569 7268 9757 1013 8076 9574 2216 3755 5072 5140
54 8825 8848 2582 6272 2687 6713 9555 439 1890 2115 4437 5983 1197 5402 9684 1067 9242 7053 934 2706 3836 4816 6263 6857 1540 2747 4141 6196 3950 5678 1169 2641 3891 9404 2453 1290 2580 4358 4764 9378 4093 5603 7334 9868 501 7964 5940 350 5775 2689 8990 3687 4992 9350
53 6781 91 1562 3842 8688 1230 4704 4227 4399 6477 609 3840 5374 1736 6311 7136 989 3195 6718 7993 9733 301 4230 5548 9346 1370 7317 8732 6463 8247 5386 5686 6840 8395 2136 3383 836 4932 5813 8158 8513 1347 2193 1330 3183 3828 7295 7826 2029 3846 7968 213 5957
47 3208 4087 7603 2165 2704 2935 5759 8323 281 3600 976 7655 8508 7189 8317 7583 7981 9634 4111 4218 958 8997 9783 2512 5673 3486 6520 1703 9661 1644 3848 4831 6950 7544 9620 9815 6051 9229 5708 6354 8654 3307 3700 8209 2380 69 220
53 9290 9825 2797 4634 9544 3485 5532 6900 2466 2648 4335 9355 497 4065 5476 7316 5942 3068 3147 1136 2402 6322 1415 5289 6642 9322 3747 6682 7257 7282 2328 3728 4220 4970 6503 1045 2261 5280 6462 3985 1426 3336 3780 4204 1001 2297 5509 5529 6267 5375 9841 6810 8175
48 3520 6893 8029 5902 6310 7277 1545 7734 9670 23 2743 3461 6865 7011 2715 5031 8604 5340 367 2117 5024 6956 1507 3244 3703 7246 9334 2006 4469 4547 4860 4627 6622 9180 862 6856 7468 43 593 4771 1966 1989 2862 4911 762 2682 3107 6236
49 539 1192 4825 4523 6699 3413 3941 4535 7542 4601 7679 8080 8872 1280 7283 9651 9881 2168 6481 7601 8608 9367 3180 7620 2456 6114 9388 6592 1311 2171 2808 3712 7511 8204 623 5157 6676 3115 4999 8867 9220 409 1773 2675 2856 3333 3531 5467 8212
49 9643 3526 3927 8666 8244 6115 2927 476 1880 5045 8857 2332 8656 1704 2241 2397 2467 8658 2496 6389 697 1423 1575 7757 3328 3450 6746 132 5438 215 2434 3290 4125 4897 678 2811 5518 9631 804 1694 1834 4592 8741 136 628 3650 6666 2285 4085
49 4544 7036 1336 4350 9765 3052 9288 2211 2790 3684 4326 4258 7313 7866 8838 1016 5941 7455 9842 2377 8592 9721 2366 3061 3919 7403 9127 1646 3253 6774 9216 2612 2764 3361 4066 6672 2635 3069 5680 275 5627 6208 343 2711 4461 5466 5481 6981 1218
49 7032 1353 1753 3759 6187 1394 6058 9153 3499 4563 5102 5896 7044 8035 9412 1109 5225 4406 2725 3158 7622 534 2340 3565 5344 7530 3972 4474 1289 9877 5804 1979 3878 5898 8961 2633 9091 671 1173 3398 3597 9225 4046 5341 8040 3086 8647 775 3955
