21 9579 8722 2481 9880 2132 762 9829 2192 4542 116 9266 9367 3955 8810 9330 3678 9975 2786 449 8003 5155
20 3225 454 1842 2806 8998 7989 223 7960 9908 4701 7095 4149 7219 895 3645 6658 8992 8683 3035 3872
20 8330 6293 5344 446 4380 1347 2326 4715 9582 6696 3754 571 4370 3351 2732 1471 12 2914 9311 3997
20 8605 3325 7679 5877 9402 6212 5378 8785 9002 8293 4332 2579 899 1809 2636 586 4055 6011 623 4564
17 9287 734 6994 2061 8839 8275 8141 8020 1762 9863 2372 8282 4771 8772 8183 2193 86
18 1399 7368 1034 1213 6300 787 5063 9984 7584 9098 4262 6177 3874 4567 9326 9568 6446 2095
18 3358 2684 156 8888 7614 2277 2879 3947 1281 3052 4464 3978 345 8504 4237 8677 8491 5515
19 4829 5717 3296 1303 3917 8971 6281 4872 4490 9713 4975 6343 87 3684 7694 8494 7834 9994 5735
20 7809 1560 9585 5365 8441 4366 1923 5361 8322 8195 1093 2116 8765 6589 2239 8130 4047 5936 7223 5944
19 2346 6518 2454 7627 4431 2793 1350 4221 5754 4963 5772 1861 5038 6778 3437 6714 7852 4951 1974
16 2591 3571 7903 1415 6886 6408 1020 7356 8456 1379 9499 6156 468 5911 5606 4865
20 7779 2693 4043 7782 2096 9102 3919 5913 5633 2069 2580 569 8542 7079 7205 7832 1502 900 1053 7976
20 9249 1751 2125 1326 6618 5489 6010 455 6250 3506 889 1124 6151 2905 8750 5252 1728 1617 1680 8746
20 310 5909 1426 1835 5176 5484 4614 5130 1028 7048 5035 1155 4834 3497 9907 5487 4491 9126 7508 9059
20 2751 8119 7280 9071 2487 6066 4956 9949 4551 1487 6812 3422 6467 747 1917 1331 4750 9577 7074 6779
20 7684 688 6114 8892 21 1819 8576 2498 9103 2119 1334 5710 5792 6620 746 7395 4721 4827 1673 7107
20 766 9528 6015 9644 7610 375 4147 9952 839 1836 2485 1268 6487 1846 6454 5145 6734 7158 2183 8738
20 9019 8632 9076 5021 6301 5178 9505 5184 3034 847 2518 51 6964 4098 5857 7562 94 9312 809 5800
17 9121 3396 8056 7334 5048 1811 6559 7847 9858 1128 4734 878 7324 1226 8234 4458 8049
16 5982 165 6611 9647 4351 9278 6883 8221 8385 5571 5643 2222 4188 2253 9309 937
18 8306 9649 9295 7962 8836 3387 2877 664 3310 7058 3925 5865 5429 5627 4446 8209 955 1404
19 3491 3265 7342 5652 1464 6262 2993 7968 6284 8580 4236 2712 4988 3944 4407 681 5162 2621 5972
19 1067 6889 5376 7102 9580 3973 9843 16 5945 1310 1004 6525 7487 8847 8320 2595 8350 5415 6097
20 5780 2649 4475 9672 2546 2382 481 6537 5823 1327 1700 416 5120 410 5122 8541 1621 4497 3698 7566
20 1190 6911 1666 7536 8006 6125 4876 6530 1115 8500 9239 3255 2832 4576 3361 9041 1658 6970 6215 7890
21 5919 3145 5437 6845 183 7069 6035 4965 336 4133 9736 5116 8523 628 5894 2618 9339 2644 7049 6209 9069
20 1973 3324 7056 5152 686 7259 7749 1085 8663 3394 3523 4310 1708 3440 5142 2150 2414 4445 891 7955
17 1000 4877 7986 9697 6617 5416 164 5786 6164 8026 5002 2707 1164 2901 9142 7537 8696
20 3709 5711 5164 1007 3829 5749 6481 7718 3547 9089 1982 5291 4324 302 783 8613 9724 295 4933 2824
20 4528 5377 687 9933 2338 4972 5900 7461 1304 8058 447 4708 6419 8039 3929 8807 735 7336 7545 6723
20 5478 6509 5570 7688 7393 6633 994 8475 9556 9904 4628 6386 4463 4289 8861 1596 3554 2157 6162 8985
20 8578 6365 7924 3699 538 3637 45 1371 79 176 4700 426 5499 4480 9469 4923 5046 4581 725 4618
20 9360 9541 6387 3492 9322 874 5298 2653 1181 217 8238 7160 6086 7175 9597 7137 5587 9354 3886 6609
18 1817 991 8023 9960 6145 3448 673 7046 8514 6336 859 5906 7491 6234 3948 9468 4908 2841
18 4471 9788 1645 7518 4924 2676 8943 6161 3376 3804 738 9331 2613 6275 1687 8138 3037 1507
18 8088 4228 5103 5053 2609 5117 3220 4193 8877 8844 8863 8465 5512 8054 6292 237 4545 8928
20 1778 2654 8819 5509 6431 6248 6512 2762 1541 8755 5339 5100 1301 1648 2022 3131 7571 2617 63 591
20 9925 6560 2026 2240 8218 8437 4577 9964 4899 2691 2254 2457 9911 8680 8069 6522 6915 9560 5940 4837
17 9927 8064 2134 6819 3015 944 5978 1859 1668 7958 8513 1482 5085 110 7400 2403 8690
20 7464 6333 7988 1180 5098 6241 3293 7028 7686 6064 3184 2220 9598 9094 8884 256 6586 733 5951 6492
19 5226 6543 7090 7387 6427 3284 1569 1942 5623 9957 4299 347 3062 9323 668 3386 6246 3569 7509
20 3696 3903 5764 4235 3889 8904 9448 904 3642 3764 5364 7879 3649 1050 436 6027 5722 3383 5726 3912
21 4588 9744 3758 9232 5373 4381 3771 5003 564 4079 7626 9979 9093 1909 6286 6227 9122 1996 2945 8087 8479
21 1874 8340 415 194 7476 4364 9831 4932 5612 8343 5104 1693 4389 5884 2361 9066 6453 1856 1017 5179 9982
21 943 2191 3633 2630 7859 9856 1764 6688 5925 9374 7833 2475 5265 8988 3562 3089 7300 5315 4731 4552 2090
22 8599 2812 693 2760 6616 9664 9135 5676 2763 7927 5433 8142 1539 1317 4035 603 4250 7765 2700 4217 4179 8834
21 6018 9840 3850 4012 2216 7295 2913 1749 8662 1013 7388 4189 8537 3553 4077 7423 9562 754 4161 3673 5947
21 7075 7153 3055 4051 6630 933 6112 883 6991 8279 9167 9015 2460 1544 5826 1008 6223 8452 5869 8091 4740
18 3654 5794 7191 4004 8414 4073 4060 9699 6180 5224 1704 3372 4369 7382 512 5026 917 7199
19 8303 3278 5812 1051 4314 8641 5156 5202 482 7875 5852 3661 3979 5219 7550 1084 5765 5526 8941
20 1555 8077 9381 4730 4716 4722 748 6242 9067 3113 5352 7085 2569 7529 8 4927 9932 9605 2705 4783
21 4520 8975 97 6680 8304 4603 1126 8505 919 2488 5095 9433 509 7649 6593 4738 5372 4504 1851 56 8005
18 2053 6247 5017 8848 3853 5425 9038 5314 7881 7858 5036 5666 6808 8100 1373 9073 6707 5488
21 835 4337 4939 4415 1772 8095 2602 9501 3407 3528 5349 3797 5153 6049 1205 3529 1516 4360 9715 9746 1293
19 7678 5479 2285 6795 816 6309 6279 2991 5386 9455 9060 6650 6940 8106 9223 3095 8775 968 7256
21 233 379 3530 5404 76 1204 9180 3395 8598 7918 2888 9676 2290 8751 275 7454 2161 2255 2073 7740 930
22 7379 3111 2582 8319 2021 7094 836 8468 1712 3592 2111 185 612 8554 3501 1540 5196 7220 6968 662 9853 757
21 1027 3030 6850 2122 9878 7994 5747 1071 1535 2886 1251 287 2752 3653 8754 954 818 3484 8654 2205 3244
21 1998 9754 3620 209 6501 2844 3454 3434 7665 1308 5671 7866 443 6510 383 3695 2362 1643 3126 8317 6704
22 9489 807 1562 6514 588 4788 6251 6042 8879 8753 2624 9458 4449 6077 9177 4775 6737 8612 1161 265 3260 7865
21 8878 486 5557 609 9047 7277 6676 9815 3429 5918 2323 8264 7052 1302 2200 8887 4571 4993 4110 1952 1019
19 7804 8473 4152 957 7705 2426 1969 4298 115 305 1080 7638 9570 9018 7039 270 7213 2446 1288
21 174 3508 1652 1685 2706 2592 2478 8610 456 4089 8842 7427 4856 9494 4560 9271 8764 731 7542 6273 4408
21 3291 4255 3655 6225 2128 2765 764 9660 4232 1166 3303 9400 4621 2484 6055 1792 7359 9616 8377 2286 9204
21 5444 6520 9231 3519 7242 3354 7241 4850 3485 5714 9399 4554 5619 9315 6339 5297 8222 4719 2863 6690 1653
18 2176 1781 7504 6154 690 3714 5579 7807 5546 7796 8673 3290 4609 1901 4007 6500 7449 8710
21 6583 264 71 2056 1341 828 8805 8761 9790 3041 8263 7544 6396 1203 7737 3747 8352 7568 8084 1244 3931
21 6143 9258 7713 7497 5637 7352 9379 1689 7425 6531 5121 6081 4354 1375 107 6785 5586 236 8961 3399 8577
18 7716 921 8335 5563 9534 173 9358 9052 5932 1461 2634 5964 1150 5522 6685 1547 3706 9096
21 2015 576 8297 8620 5320 604 4712 4481 1239 918 8017 5139 5447 8625 4265 7294 6682 4613 7795 797 5128
21 7108 3635 9072 9160 815 9321 7457 6113 8395 3796 1960 4654 2839 3305 7532 8835 3100 4960 5629 5368 7063
21 2620 1118 7275 620 9883 8862 4404 3494 7793 2025 9191 9596 3016 7374 2404 7145 6253 3545 3538 325 8531
20 8184 7929 6127 4992 938 1219 8162 9129 7288 8608 2539 2064 8472 9189 8186 2574 4124 9430 5131 8461
20 2212 4913 2857 3844 1042 5238 2529 5618 9050 2443 5114 4994 7214 2542 3379 8305 6776 4215 2789 1312
21 7621 9463 4573 3731 7663 1473 7165 5106 3526 5052 1981 2728 9356 7485 536 8211 9443 9971 9759 221 678
21 8553 6541 5639 6297 8566 8840 9336 2872 2466 7941 1453 1741 1783 7212 8052 3406 5685 5395 6919 508 7818
20 4679 5169 362 6062 2091 902 7062 8233 3825 8827 8409 760 6959 9233 3319 4578 5841 8144 2028 848
20 9251 9613 723 5461 7878 5430 2931 5070 9159 7466 1791 8880 1985 3836 9350 3355 6100 1823 4474 9408
21 7432 9509 7599 6399 2491 4274 2407 1283 3992 7992 4371 1724 2242 8858 863 8363 6549 7696 2328 5438 3212
17 7110 2178 2936 1768 6790 2258 3481 9194 74 8001 9941 5436 8117 8103 8717 5543 1822
17 7468 4442 964 5893 8532 6474 5995 3942 5004 6673 316 6187 7539 5534 9522 7339 3401
20 7122 5533 7535 5198 4672 2003 9978 226 7607 9441 5354 2918 1212 865 8797 3140 5321 1328 793 9332
17 8563 6032 6184 4238 5703 752 8716 2320 8600 2295 3939 1224 4987 8706 2103 6598 3576
20 872 2476 7367 4844 9903 6420 6513 7426 4108 8299 9638 1531 337 2029 8337 2047 616 2616 8386 4816
18 2887 1367 4678 4025 5952 6874 2287 5750 4651 9828 3934 5342 2437 6918 5081 7526 9850 3348
21 9864 2171 4405 9658 7267 2018 1321 9057 6172 1059 860 3187 8918 3237 4725 2243 5007 3172 8318 5613 5309
20 5578 4744 9474 9199 3060 9175 6823 8893 4906 2916 4974 2306 1793 5443 9565 3858 1103 2023 6997 3582
21 8047 6222 643 7329 985 7884 9273 6523 2354 9264 4443 7661 7895 6973 9614 3486 611 3589 3423 2607 5966
19 773 2556 2561 4510 1282 1931 2049 6117 3012 6847 2586 3883 7751 1329 5981 3353 2317 131 701
20 3381 3755 5426 4000 8344 4220 4807 3730 4182 4623 8393 9034 598 1558 3242 4312 5042 4501 4903 7549
20 1114 318 5124 7699 2742 1537 4666 3050 1837 2244 7181 3228 9872 1451 1832 6061 3777 3339 4216 4893
21 6834 7119 4936 4107 9659 7978 2167 607 3935 5845 9970 6588 1571 3231 1338 1953 5077 3308 5276 9995 8499
20 1178 905 5008 6563 6761 2196 7488 7047 5031 327 5143 3350 6174 7167 7908 5588 9667 9027 9426 3336
21 4321 8102 2166 18 2670 4931 822 6516 6085 3640 8866 5107 1218 3385 4288 7806 4864 9352 5672 5283 5195
22 3705 6129 5589 6245 6152 9146 377 9004 9677 6824 8864 1622 5943 2421 1955 8135 5102 6608 6700 9247 7138 6395
22 2007 9436 6855 6397 6907 2031 6473 3022 6670 6832 9431 9178 326 6728 2743 3473 2256 3575 5318 4861 3806 6546
21 2099 1459 3504 3439 3056 8167 6335 1041 1868 4595 8507 9716 5931 9491 6882 9922 5832 4909 3032 7480 9086
21 4417 8244 2172 14 3773 9030 5284 205 2311 3597 6344 4076 202 7624 2024 9695 5452 3627 1336 4451 391
21 7655 9048 7152 438 7643 876 1813 2133 2940 3223 9896 5217 1236 6472 811 9706 941 4422 1510 5037 7447
20 3608 1088 2549 8820 3905 7682 2302 6672 8147 355 7933 1683 3096 7502 9573 9169 782 9201 8712 4023
20 9868 3297 3138 2406 7337 6928 8440 1591 737 9176 1661 4891 7086 6666 3254 5525 5269 7950 7914 6556
21 3088 2777 8581 9943 558 3014 5785 4209 9945 4926 8266 5313 6897 3 7728 5267 4791 5033 4631 7026 2699
21 2866 7940 9845 1333 2032 2690 3031 8774 8652 1457 4658 411 7338 2942 7841 278 7772 790 8776 5956 3724
21 1105 4465 8099 6699 5626 2310 267 5687 9123 2209 8307 4741 794 4091 1498 2818 5216 5303 5511 3097 9320
21 7913 6825 5658 946 7659 8447 3023 7867 150 2156 9064 398 2345 7082 7570 6080 7817 7055 2276 3520 1207
20 2288 6430 5732 9100 5819 2483 3469 9745 254 3191 9762 8812 2845 4921 9342 1148 2532 263 9776 8524
20 9803 5851 6564 1554 5758 2473 6165 8260 4087 5474 936 9835 7944 7887 5074 4315 7748 7144 3923 7845
21 4467 6762 3566 3371 6160 5840 911 1359 5937 2867 3404 1476 261 4032 430 2114 8977 1517 2268 5874 2252
21 2486 8606 3733 2768 4140 7498 369 5001 1014 1396 4957 9915 1945 9900 981 178 1938 2733 9955 2045 4484
21 1061 2237 7899 9810 2509 3211 9512 5396 3965 2724 9439 1237 2410 525 1352 299 8045 7803 4305 7169 4841
21 7862 8397 8189 8254 5908 4832 5 3259 9119 1299 392 9131 2979 1514 3892 6715 319 2394 1469 124 7738
19 820 5072 6099 8249 5481 8082 8451 317 3953 9898 8241 2959 7998 7163 4790 5984 6671 3823 7855
21 9530 2851 6124 8471 926 6813 3776 101 235 8659 5640 800 7093 7587 9683 7777 2259 9603 8398 3841 9005
21 4868 7097 9253 4507 8549 9211 1096 2154 6020 5707 9214 7317 8517 3505 6838 573 9440 1926 9208 1152 5642
21 7453 7519 8430 8900 8538 6229 247 3199 9031 1214 7758 9437 9500 2679 7271 910 4398 5575 3155 8096 2210
21 1545 5705 1882 1889 7194 5241 1795 4447 2587 3004 1570 2544 4402 2859 195 5817 5029 4575 4462 4849 4795
20 5968 8780 4172 2773 1435 7340 3598 4049 998 7871 6921 6391 2312 2232 4589 279 3604 406 1120 2563
21 4949 6200 8080 1940 2749 9708 6580 2008 1484 5312 1413 8852 7333 2843 2389 8105 2468 6489 2188 7254 3369
21 1922 9021 9503 155 6817 1894 7700 4691 4757 8259 2126 9779 290 2340 2727 8403 8732 9318 2687 6341 1810
22 1015 8245 9920 6298 1087 2470 8767 5962 6561 4003 5544 2078 9467 969 5839 792 7514 8416 9811 3668 7604 2804
21 6610 2463 2147 5887 5094 5820 8325 428 5088 2492 8226 6006 5700 9518 3470 4201 638 692 6872 8250 4684
20 9515 3887 5348 4281 9238 1119 477 3749 7697 8903 7970 5428 36 5609 4156 9521 1614 6856 142 7238
19 8727 5597 6966 962 2697 1049 4136 6096 6925 6183 1169 8291 2303 3349 5774 7204 7151 963 8924
21 9418 7373 1893 3676 3169 9869 6342 6178 9225 2392 5115 6468 9079 7184 1638 1175 7774 765 4038 8455 2065
22 768 408 8326 4412 8857 6214 633 2937 2722 7460 1805 5482 3583 333 2725 8369 1374 6073 7257 7611 2625 1631
21 7506 3809 684 6830 6755 9464 3222 5603 8729 3264 7732 2826 2597 5423 4549 2219 9269 4383 6299 121 3415
20 2951 7957 5776 7524 4072 3718 1536 4423 5099 1961 314 6372 2102 7126 8676 296 577 8216 2856 6508
22 3028 9372 3774 1642 5391 1699 7210 2379 3619 3735 1754 9303 6261 6043 9531 2195 2753 6205 7166 8255 771 3446
18 6527 8188 651 7741 1320 4365 1241 640 9423 5109 4579 453 7099 6295 8983 8645 8707 8850
21 1246 4191 3742 7579 141 3728 5383 4157 1129 3898 8380 9671 9758 8570 1782 2871 8735 3144 8589 2400 3115
22 1194 6441 4580 6226 5272 1542 2000 9158 2514 4030 4996 590 7735 1167 4263 9329 2227 7783 7335 7822 2322 4634
21 5371 1478 5197 5412 5470 3209 5810 4272 8007 5708 8651 4397 5494 8813 5986 1966 3725 3402 8371 4319 9646
21 3870 7767 819 6644 2263 8739 9156 8752 3813 3599 9912 3863 2610 1906 2655 516 8347 619 2956 8169 9931
21 3230 995 3257 3116 78 7789 5374 5327 1655 8615 2194 7590 6605 4308 7953 1290 9101 7073 7112 68 8684
22 2359 9750 9921 884 1512 4900 4779 5536 8618 1397 5092 7801 8476 9967 5427 2943 8482 1463 343 6507 3995 2189
21 4838 2502 9609 2695 6116 2881 9363 2664 7459 8715 4911 7315 5760 6908 5537 5278 7279 2598 9007 2149 38
21 6515 4068 7150 5326 1225 351 6545 2796 4066 1990 1472 8528 2081 8602 9235 5125 5605 2813 4917 5266 4916
18 8670 1703 6363 5684 9294 5756 5971 4183 2890 2331 6684 2163 2831 7905 6702 151 9200 8925
21 3362 8950 3433 7195 4261 6603 1759 3609 8126 9236 9656 6539 2897 6791 4859 1575 5905 1829 8634 231 7616
22 1206 5721 3833 258 4069 1553 2516 7235 5054 339 6683 6203 3768 5833 1597 6257 5617 1761 4013 4662 5641 2067
17 8227 4401 4942 8295 6788 9046 4640 8498 7240 5706 5360 6643 9532 7641 6126 6926 3933
20 7061 4802 524 8902 578 8745 3681 3079 9054 8460 3049 3586 6760 1075 70 7008 7963 1714 3716 3517
20 4646 9862 784 5532 1074 7080 1258 2500 2855 988 9197 3943 7646 5657 2623 4780 2667 1686 4543 3382
18 5091 1524 2416 8623 6820 9764 487 3248 4770 7739 2842 8463 77 2955 1876 1718 4902 3479
21 1140 9636 2298 8341 5223 6405 3393 2530 3792 5019 6661 8921 7044 2033 6741 224 2734 1454 8066 4018 4440
19 5441 9836 2142 4561 4224 1939 418 1734 2666 8466 3266 5446 1360 2808 5075 6862 500 1197 4619
20 4011 5883 657 7078 7850 772 9961 3927 7669 9728 5483 1162 5880 1890 9793 9498 1748 5938 5798 2833
20 3936 9642 1633 323 8469 3118 5493 9389 2739 9711 4606 5696 7938 3392 9993 522 3511 7091 6943 6552
17 2573 8410 5340 9552 2088 9807 3750 4192 6337 3550 1314 2785 2990 3920 8604 8171 6828
21 6745 2308 3515 5064 2902 1818 6475 1064 6945 397 1149 4368 7286 2723 8008 7417 304 1548 9348 2035 9343
22 8433 8982 8373 6060 1808 7926 8609 8110 4141 7397 5581 593 5670 659 1477 3587 6185 3258 7639 4102 5180 7473
21 7990 9663 6614 4569 2247 8947 3591 6013 4697 929 3954 5694 2054 8041 3808 3937 537 2146 9308 5119 1903
20 8192 852 7380 3611 4758 9607 207 1604 1787 6625 8421 5704 9017 9771 8714 8519 5675 4800 6640 3093
22 4948 6499 1586 6540 4439 3779 3900 8653 9304 1518 6722 3551 1351 3072 2899 6542 1395 8174 8089 6079 4531 3871
19 4793 5842 1659 1551 5850 1747 9151 7247 3071 7675 4989 6272 8905 2638 7283 7977 7269 7886 1886
20 8253 8830 7127 856 8009 3441 8959 9847 6736 6406 7183 1174 3452 1460 4290 2962 8635 597 358 2719
21 7109 5141 712 329 5322 4940 1005 9493 6460 6938 4647 9631 8846 6534 7072 7592 1011 3514 3152 960 4596
21 6463 9702 4772 631 6550 5486 8624 8657 471 6624 330 7139 4692 9812 8132 9028 3880 3521 4487 1898 8012
21 4352 1670 3890 4823 5330 5465 744 4029 4119 1877 2017 6449 8037 1824 4745 1185 5555 3192 5177 6007 3335
19 4469 2759 5762 2822 7420 6426 3949 8246 6106 2262 434 1440 7307 4695 219 2387 3064 8912 1972
21 4301 7218 7146 5653 7490 3634 5229 1176 7343 2332 9157 352 5583 3671 9001 5574 9539 966 8744 5814 4277
21 9186 5954 1285 5662 1142 257 5816 4134 196 3204 4363 1618 4886 755 5731 3618 1070 1069 9942 7076 5720
19 6321 8481 3737 870 5844 348 556 2769 875 8969 9502 5882 4508 1848 4334 1669 7177 3391 9936
18 6686 1918 8619 9919 7563 2627 8014 2401 3914 2823 5290 9591 3488 7360 4036 2570 4434 514
20 4138 1316 7784 8107 9179 6566 1060 2702 3408 5993 5688 3847 5767 5651 1437 7921 7721 496 6750 2746
18 306 2698 6662 5610 6191 6037 5414 6230 7403 861 2371 625 3784 7726 1892 2640 8442 8372
22 1037 549 1356 3061 3740 7036 6576 1895 7496 8806 4540 3524 9337 8616 9193 2456 9099 6636 123 7995 6754 8136
21 240 584 8568 2523 2004 7516 6078 9839 6142 8492 5286 679 111 5665 5692 1182 6664 4400 9063 8076 9589
19 1192 1949 928 6972 4752 8512 6787 1573 1297 9874 1089 845 2757 1552 5458 2223 1841 2671 1278
22 7383 5307 8073 5635 9153 5980 2527 9652 5661 4326 9630 2264 4430 812 5645 1141 8152 3712 7396 3803 3153 2363
21 4048 2593 3552 3828 4824 9513 1864 7731 1377 7906 3206 6331 5935 1804 6826 4083 9486 5824 1279 4674 4160
22 2944 613 9109 4636 8029 3703 4432 6572 7291 6756 5132 2929 4099 3989 6993 3962 3467 401 7003 6091 5448 6166
19 8730 2983 2642 4054 8914 6526 4092 9290 9991 5011 745 7262 7785 6385 5261 3800 2030 3002 3950
18 2718 47 4812 6936 6323 8206 5787 9373 3171 2647 3121 9277 152 3048 1261 2109 1039 4676
21 5985 4810 767 6536 3166 4773 7392 654 6051 3766 140 6359 6709 543 2864 551 6810 8695 2810 7495 7925
17 2736 2368 3679 669 3359 9834 8584 7853 2319 5508 1076 7500 9701 862 6374 6400 6496
20 9044 7844 8934 8986 4436 4971 4563 5279 5632 3704 346 9070 2471 7987 9650 958 824 9 136 6861
21 8422 4181 8048 9257 2063 6917 6087 6303 10 7722 6571 7282 2798 4822 2875 5220 5656 1151 8060 6524 8145
21 3193 1713 8946 9533 9648 3323 2431 5976 7954 3447 4538 9118 7959 7029 6433 5051 3162 6068 5337 4920 5259
20 7613 9090 4241 464 2668 2852 3117 9299 7882 6232 4817 126 4746 9662 3715 1675 234 8400 6195 5999
22 7196 1427 388 5864 2589 6306 2462 1983 1568 1930 5793 5501 8650 5472 9940 2545 5504 1743 6881 8467 3357 1158
17 3202 3453 1899 2740 5201 9553 461 8540 5987 9841 4743 8770 8068 6045 9590 3956 806
17 7206 4768 6873 4720 5024 1380 7064 7310 3641 2104 4392 2129 6963 8697 4919 5398 4519
21 5975 5646 6480 3722 5847 535 7192 3327 1073 8687 7523 2801 421 4033 405 7261 7888 8911 5741 5456 7805
21 4717 2678 5168 8493 324 179 5650 580 6606 1243 7168 2870 465 6258 6668 2708 6937 4897 9690 9391 9371
22 3767 6208 8200 6072 8215 3534 367 9895 7344 5258 3356 5953 6721 4279 9218 1468 1191 9250 2086 5673 5244 8428
22 5914 4361 1131 4492 4122 4123 553 4815 5634 869 167 5078 3428 1657 2756 6637 8289 6443 6083 9545 6590 8594
21 6031 879 7658 8458 1280 188 6768 6169 4284 3186 2373 9357 2721 3282 3960 451 7603 4330 5274 2766 4259
22 4523 6319 6647 9737 432 3134 2922 2911 5690 4929 7533 82 7455 3098 7565 3243 6034 6136 1807 8627 1450 6996
22 4836 39 6988 940 4078 3512 1806 2726 6962 9040 2230 4202 7828 5527 8860 9622 7414 8256 213 9808 1501 9717
21 5979 7609 4811 3277 7019 5834 1486 3125 4339 829 4683 5264 1052 1603 6175 8972 7470 8655 7018 4681 2658
18 8967 6974 1925 1260 7813 5590 5167 2652 2540 3318 5789 9709 1361 9584 7350 5558 5061 3286
20 719 7997 9471 9376 7193 1977 3280 9230 425 7743 9879 8611 238 3412 8283 6016 6975 5302 3628 8046
20 3708 4476 8667 4840 6146 2284 3345 424 2850 3142 2348 6278 4394 7354 9091 3882 4883 8874 4382 6271
17 7948 1654 3322 3219 6759 1508 912 8590 5759 9962 5041 1337 5848 6033 9938 8178 6328
18 7433 8923 6946 6877 5917 6313 7942 7042 7615 9317 8220 2555 7489 1916 4338 3217 2041 8649
21 5742 3739 3778 6362 4753 6004 5491 979 9583 8721 7980 2034 2139 6941 11 9387 9866 2490 192 3010 4185
21 8994 1421 7068 6340 2092 4082 647 8065 7448 5973 7979 855 1948 2633 4979 1701 1127 801 3780 7939 4037
21 6744 437 4830 8230 6349 6717 9484 6529 4040 9454 75 4426 7289 7797 3183 914 7849 5419 8899 4457 7405
20 4070 6581 3320 6104 7555 7051 1702 1921 9353 9366 3194 4093 7419 1055 9963 546 5846 9781 5328 9432
21 8402 31 6170 8086 1024 3205 5118 9977 8345 1195 9688 7897 5439 4726 3909 181 4287 8360 2294 2425 357
17 4887 2376 1456 9364 9645 5370 6961 2685 2266 5022 7831 7670 6040 170 7966 5921 840
21 1022 7835 4950 726 210 1697 1722 3042 4387 9814 9206 2683 6357 8496 8050 2201 2895 6494 4081 7133 4890
21 1018 854 6320 6256 8891 3210 1875 965 1526 9791 15 3981 1629 9351 3106 3456 5329 8470 5110 8131 6705
21 1284 8815 4698 4175 2405 1342 6264 7130 7351 7358 1839 1726 5460 2084 7222 8450 695 2974 7161 1403 4155
20 7773 7778 7037 7053 7296 7115 2121 2329 1957 6201 2350 1585 4616 6798 7170 2971 4521 2058 791 1125
21 6912 3964 320 5683 1944 2370 6729 252 9555 5357 6354 4306 2226 4755 5311 460 6193 5028 6111 6347 8036
19 9377 7711 5384 9833 198 7634 4142 3271 3174 5904 8583 9529 5595 3198 2005 2321 7002 4889 9551
20 9359 8173 2677 9456 9894 5174 7830 5946 9939 7530 1095 458 8018 5529 8390 1242 7292 7348 7698 1254
21 3729 1040 4774 2214 7744 441 7898 7727 5450 5933 4884 1444 1572 1887 5199 7583 6036 1929 9243 5175 9261
20 9520 457 332 4433 3338 1651 3273 7802 3559 9395 1588 2048 2282 9892 8572 1965 1691 1157 7838 9783
20 3207 3430 568 8995 3940 6005 4355 6898 7416 2976 8723 1671 1865 4982 8592 4378 1122 1684 479 3908
22 9451 1776 1442 1021 6884 5080 4704 2970 3159 448 7790 6447 9990 1640 6414 7856 9008 5667 1458 5191 3781 4393
17 9459 5380 4762 134 293 7381 4116 6648 4769 885 283 4219 6863 58 4694 758 4186
20 7909 1289 2300 9784 5232 3788 3137 5530 7719 5005 3723 9006 7991 2152 7007 644 2076 7441 5854 3201
21 6090 1286 3020 4482 1705 849 1590 9220 8933 4754 4664 803 6565 8438 5770 2807 1578 5867 4922 8582 8674
20 9763 8278 440 189 7623 3502 4024 8108 5753 1556 1937 3915 3888 5455 3214 8120 7421 2606 7 5253
20 4483 3008 4925 7014 2754 2694 8808 5405 6978 4001 3818 3543 9108 8919 1398 6109 8527 6103 4526 8362
18 5480 3090 6602 4608 5084 1296 1436 3998 976 9669 4267 5788 4096 1420 3967 540 5165 5974
22 3161 9999 2112 5343 7707 3227 2461 8825 2865 4626 4766 2517 2946 3039 6211 3263 2336 8396 8321 4633 5468 7598
18 2528 3179 9398 2524 7446 2908 6775 1904 3644 518 3971 5655 8092 1951 6619 7827 3509 6334
20 9550 2411 3702 8237 7747 7673 4570 353 5825 1853 2553 9198 5503 5729 390 4760 6691 8067 8567 6394
21 3861 605 4127 493 4952 5221 259 8355 3487 4503 7629 3405 4356 4527 630 4514 52 3913 5273 8002 6592
21 3638 742 5561 5294 8170 3496 3533 7136 5827 1606 808 2229 4610 8535 721 7391 547 6770 6310 9036 6789
22 389 9569 5295 2825 8906 5738 4345 601 3835 3719 9097 4239 1044 3756 2834 1739 5965 9285 4702 6532 5552 520
19 6190 8334 8156 1660 8678 6766 6134 2299 9461 4568 8976 7848 7462 114 3884 7596 9234 7083 9786
21 9740 4419 474 8949 35 4735 8004 354 7226 3802 574 4453 5862 3451 9077 7332 7124 9571 3000 9009 4399
21 4644 5950 589 5211 539 2428 1026 8019 6148 6054 8477 4375 8366 4533 46 4797 8151 3801 1116 7128 9857
21 6238 594 6622 5920 73 6046 1891 7154 4344 1383 5247 6421 7642 2611 4486 2040 1418 5418 5784 6436 5585
21 8758 1411 9055 813 702 3229 291 717 8122 7375 7027 5837 8407 2496 7276 9480 1698 5591 6844 6635 2396
20 5059 5593 5158 5502 9542 7633 6891 6432 2534 1300 2969 5616 6411 7946 9634 2632 6719 7652 6876 2862
21 4317 9601 2954 1849 4511 3363 6792 9112 2439 2002 8516 4386 2165 3007 8859 4097 7006 8140 197 7424 2391
18 5071 2680 788 143 4539 9587 9192 3865 8388 3660 9777 2360 3247 8818 9678 3897 4598 5422
21 89 8792 6484 7601 6725 2840 6999 7164 1390 4061 201 714 2535 4655 9120 8966 4853 6308 925 7949 5592
20 6039 8251 3848 1755 9639 8281 3612 2968 3600 6977 7786 2422 3763 2985 1812 8997 132 9635 3328 7689
22 2981 1706 6076 600 9929 4231 5347 6482 7799 959 28 334 1672 2847 5725 3059 1233 6867 7745 7702 7538 1662
19 9954 7050 9497 1525 6198 9170 4063 6118 127 4168 6701 6731 6471 6551 9725 7821 4391 531 2554
22 3751 4629 4022 8035 5394 488 3081 9998 8150 3759 2327 567 9593 8646 6860 5055 2921 7869 1924 1184 1179 9222
21 641 7534 4135 2735 7125 4625 7577 2926 5624 9594 2019 7077 4565 6931 9734 1065 6088 2199 5476 8763 1196
21 2541 3334 7635 7410 1346 8534 1831 5572 9457 7931 2001 5926 9434 5341 9369 8593 8315 5863 7578 4669 8621
20 563 3337 7816 4212 9741 5730 6859 505 6727 1746 887 3717 1730 6260 7618 9425 635 4739 4553 4670
22 908 7239 8886 5802 4205 6465 8672 1564 9718 1098 2550 8867 484 5805 5230 7345 1731 1401 6167 6763 2704 3916
19 8596 8726 9397 6282 2204 515 5108 3119 8551 3687 3832 7937 9396 9240 6950 4798 62 4067 1370
20 3578 4763 3292 8564 470 4977 5582 9024 5331 1466 817 1325 5988 4132 4809 7969 562 5843 3963 1136
21 218 636 3104 550 26 9058 5401 1646 7010 9575 4242 4944 7021 5288 6846 8910 9844 9185 2878 4203 7824
18 2384 8565 1 9380 8821 9053 2289 7304 8991 3838 2469 9095 1405 6646 1366 1881 3331 4466
21 8719 249 5997 1430 6687 4496 298 1432 6108 7622 4292 5045 8399 5584 9749 1574 3577 7708 2341 7111 3568
22 3272 9985 8793 3536 5138 6887 6634 2836 4169 6677 3413 1636 467 7033 3500 3667 2066 3107 9368 3224 118 2980
22 4450 4052 3389 6740 8357 7788 6287 4612 6947 3300 4441 674 4477 1742 9043 3787 5521 6092 2218 8488 1483 9014
18 5903 8201 3001 2110 3690 5761 6555 4461 4964 3588 67 503 1677 182 2309 8794 3182 9517
22 211 7113 0 864 831 4286 9599 2115 8426 6626 6318 3662 4505 2440 4273 6373 8098 8043 7060 9215 1632 3458
22 2717 3694 1763 1186 7556 6769 9081 7892 844 1262 4825 2236 5336 1274 2880 7016 1612 6288 6192 2650 8725 4313
22 6600 1433 6801 4275 1428 1354 6325 4258 9143 5097 3018 3985 4294 1235 3922 4871 5560 2837 3128 7089 6854 5399
20 1844 9986 507 9588 2729 4210 1362 7290 6929 6892 4904 6255 8287 420 608 7746 5564 2365 4103 7981
17 4796 7842 5237 804 8072 3928 2120 2248 8333 1295 6870 1068 3397 5065 2449 9825 8942
21 7458 137 2615 1108 5580 427 7031 2016 3613 3076 4311 785 999 1003 7443 5228 250 9490 2891 9248 2884
20 7444 8913 776 6133 7248 3651 3213 5173 1946 8778 8311 8601 5929 7695 490 7123 2458 7302 2137 2821
21 4325 6382 2510 3232 5830 5306 750 2444 8658 9801 5044 5959 5701 1656 9527 2349 7469 2604 8515 3069 8301
20 5513 9804 9966 9184 8506 4600 6224 8391 2830 8265 8286 6478 2780 5129 2854 3574 4688 8210 6837 1391
22 1269 5891 3298 7815 1709 4599 1252 4128 6976 805 915 8193 363 4962 989 5157 3896 1932 335 6479 8474 1270
21 1529 3246 2747 2876 6239 2790 6059 1634 5599 8487 120 1964 5872 2814 5778 4641 4283 1826 6585 9203 4039
21 2265 1736 4005 1229 4953 4548 8359 2380 7503 4556 1448 4845 2351 866 6697 6204 5239 2055 8223 9637 6440
22 3252 229 1789 7314 4863 5250 8838 9065 2849 9324 7255 3464 7201 2692 7648 7730 9424 6738 3150 3306 4896 6001
22 384 3507 8070 313 9608 9083 561 6445 2203 3811 4675 6267 3344 8124 3532 9782 2419 1172 1117 5246 6533 7910
20 3341 5669 6274 2342 5248 5066 2334 6627 3595 5362 8777 8548 5963 3094 9340 9916 1740 6623 2113 4444
21 1143 7483 4249 680 5898 7520 706 1979 5724 42 1962 8235 3365 371 1720 7385 5524 7081 9887 1711 3241
19 2939 1533 2782 1094 3304 8665 1364 8272 1112 1520 7551 3165 5631 3631 3769 6827 8733 2169 2674
18 3321 4854 9026 393 6681 9105 7009 65 402 4828 90 1392 4954 4831 7035 9260 3274 5413
21 8788 1016 2805 5809 7775 216 9124 6578 5496 1599 8405 9413 2745 344 5451 3701 9310 6289 6448 9016 9905
21 23 4084 9865 6462 9540 9653 3867 6932 4280 4985 9333 3837 2656 4218 9948 7087 6084 8691 3080 7620 2046
19 8824 2070 6384 4173 2548 5559 5126 6949 2903 6716 2689 8668 3226 7024 2085 8669 331 3984 5594
22 8546 1821 3312 6477 7630 2966 9567 5960 3180 8937 7038 7328 555 1522 6957 8364 1168 2438 5270 9168 7313 9944
21 5562 6207 25 5350 9924 4144 5520 1814 5345 8332 9051 8057 4945 5677 5755 4226 6933 9956 2560 6105 7935
17 1855 5949 3046 3158 6958 2270 7413 2714 4251 1259 2472 2558 1163 2013 6528 6829 7755
20 364 4470 8948 1431 5660 4901 5941 8931 7017 3563 3250 5243 972 4718 6758 7656 6171 4905 8916 9414
21 3147 7528 9385 5815 9586 2100 763 5215 3738 5930 6927 7798 2713 7540 7547 2848 6841 7185 6219 472 6458
22 4065 9519 262 7703 1947 4174 4973 4934 9751 7472 9508 3822 6369 3902 3279 9355 810 2175 4778 8692 953 6992
21 311 1610 7330 1847 4862 7478 1199 7923 694 7066 8510 3785 9742 8497 3189 3812 6853 9753 7752 2688 1425
21 923 1676 6348 4572 2173 2819 9062 4967 3235 3044 5203 7676 9161 308 882 9279 6210 431 637 7305 5449
21 8111 8895 7771 9621 6470 8464 3852 7065 4427 9946 2249 1934 4506 9558 2014 5791 6667 3983 3127 7531 6317
21 3827 9686 3685 6562 6155 3794 2964 2381 8011 8944 4117 6451 2168 2504 8280 8660 3639 5697 1247 7819 2325
22 9049 6665 6914 7176 2075 3368 8720 5638 8757 4759 8094 9163 4009 9572 2997 6326 6330 1045 4211 9241 8897 3287
21 1546 2343 1513 6495 1474 1565 4042 1086 2596 163 4928 5047 5410 814 6130 9242 5647 7517 3498 1210 8109
20 9824 2882 9495 9770 6880 9507 6380 8258 1424 7591 2093 8242 4126 3011 1389 5989 4627 6733 1038 4518
21 6403 8661 5000 3805 3959 6596 8016 7800 4479 9410 2987 3342 9296 5459 720 5148 1107 3726 2213 7105 2267
21 8711 7854 3669 548 2433 6575 269 8701 1715 4938 9268 4582 5467 8552 9612 7404 9080 3033 9088 9766 7893
22 7600 8290 6150 2619 1481 579 7250 3374 5829 1628 3686 3845 710 7244 5083 8217 3240 8558 22 890 4075 4522
20 8968 9138 6244 8936 9861 3791 1802 9421 7651 8417 2197 8724 3480 4590 7371 8853 534 1577 7216 8166
19 8071 8759 5475 5431 412 8743 9624 4516 8643 3466 8090 4892 8429 3109 7896 4574 939 8232 53
21 4736 6547 1416 7200 9826 6089 7452 3063 1987 7309 8154 9172 5454 7985 6613 5280 7215 8543 9383 5389 1133
21 368 251 6894 977 6371 3409 3390 6028 2225 3120 8579 6459 4473 907 2409 1001 2080 9173 5149 2853 2817
21 1023 5325 494 2858 4074 8331 7742 5773 6302 634 3593 1287 6980 1943 1827 386 3581 4456 2816 177 8789
21 666 6910 3091 4991 5801 6935 8365 9576 4998 1519 3234 4243 699 1382 5752 834 1082 3285 838 6878 144
17 7227 7224 322 4362 4166 5928 8875 341 2501 5781 4057 7435 5728 8208 9188 2369 7776
21 8000 3163 9301 9245 2893 9453 3864 6157 3590 2148 1770 4165 6569 5876 6442 6149 6628 9870 8811 4878 3878
21 2412 6904 2896 592 1579 9042 8740 3136 2915 2087 4649 3881 1139 4851 2565 6774 5614 3994 8957 7608 5209
21 9913 8139 4493 7930 8202 8633 8412 4335 916 2744 1760 2978 4786 1488 5015 4424 1434 8022 8709 8871 9655
21 5649 1959 8394 2337 4808 9899 8522 3700 7996 1369 5992 7273 255 395 6240 9794 9873 9767 6082 1798 4180
21 7760 4709 3438 1363 2136 2907 8870 3820 361 1933 595 2594 5135 5058 4880 8030 6423 903 6194 6748 491
19 5983 2495 8798 3548 4230 5549 3941 648 9906 2525 2583 9470 7260 1650 7067 4814 6906 7868 2521
21 4006 8996 9748 6311 7757 5293 3510 5146 2333 6268 970 4095 6852 7631 6461 8963 983 5127 7593 8013 4813
18 3560 8284 2715 9849 3975 8165 1078 5596 7734 4163 2994 2861 8769 3930 6675 2044 2170 2775
21 6960 4438 5621 5222 3952 4799 1479 1769 9822 4269 9302 2794 5123 1820 7440 1006 4524 3175 7349 1950 4296
21 6591 1682 5556 3624 5020 5136 4240 5912 220 6070 9221 8436 1602 3075 8313 3164 5408 8427 8308 2043 8168
20 9252 8038 3957 5457 4657 33 5737 4645 161 4747 2778 888 6553 5435 5723 2643 1445 9390 1043 72
18 7013 8702 6669 1365 8529 8483 1594 6221 1756 3945 1183 974 5233 8898 2493 4707 6486 404
21 7972 6521 8276 3216 2251 5010 9668 8536 2378 8573 8453 5682 1198 9415 2423 7264 4517 705 103 7715 2659
21 1803 5821 581 6416 6678 9147 2551 2050 990 8214 4472 6378 5835 1920 7001 9875 4541 1202 2646 9951 4803
18 1339 8561 8526 6132 4705 9205 5831 9987 3313 4019 4620 4547 4685 8480 6632 3977 429 6905
20 6879 9229 2480 6567 3868 4162 5166 2982 4322 9700 7202 2761 3493 2873 3400 9110 5607 8044 2906 5353
18 476 7450 7467 8411 315 4947 5190 2730 8741 2779 1506 3261 4086 3727 6986 6057 3652 5277
20 2445 6735 6158 9682 7157 7285 6503 951 6752 6577 9039 3970 2925 5453 4137 4737 7766 7582 4460 6488
18 978 4494 1462 5506 3968 2703 9422 2447 2564 113 7298 9775 4454 8252 2117 3610 7883 9472
21 7284 5255 622 301 9755 5977 6679 7390 4416 5016 3899 6866 931 9155 7973 1907 2138 924 587 3195 1850
19 1376 8845 871 3472 2144 9827 8987 1927 6953 3268 9263 2101 9773 2012 2965 4550 2533 3522 7412
21 9910 5382 3315 2998 3594 9547 1092 8387 3630 4686 3455 3043 9025 517 4448 9877 9125 130 5528 2434 135
18 7632 8822 7071 8585 4148 1446 1905 6557 2186 5390 1343 5739 8129 6429 9417 7155 557 5942
20 3760 1216 8940 582 8207 4333 7762 6276 1187 3567 5855 7251 8404 1928 9438 2010 7974 8125 2208 2988
21 3824 4214 1385 1228 2124 4846 7917 2792 1786 3019 5375 7004 5385 7605 6137 7619 2280 4222 9959 1958 4348
21 3288 4559 9817 6322 7189 7000 5505 5316 8083 4995 9681 7983 2552 3999 3085 4010 6732 6254 1417 5421 5407
20 4411 1113 9578 7672 2608 5889 3419 5896 1047 340 3906 5916 7492 1717 3499 1608 5204 6505 632 5806
21 3086 894 9403 1936 4624 5161 8081 1298 2127 1694 7268 8478 6094 160 778 5057 4946 3026 2398 2224 2909
17 2418 442 8413 5648 5159 1153 8314 3656 7225 675 6558 6181 5790 5310 3003 8920 4316
21 9449 3388 2269 1009 9714 2894 8063 2567 8032 9445 7880 8556 9674 9013 732 5397 8930 6370 4955 4881 7159
21 1563 5140 1035 1582 1623 8431 7589 7057 2572 5363 2755 9259 5333 6990 5194 2764 5319 2068 6364 9344 7681
19 4557 7511 5518 1878 6350 7736 5644 2731 7725 4592 1504 7644 2932 4146 1801 4303 8164 7326 4535
20 1344 1177 3432 3540 9092 9821 973 6848 6989 3449 3846 108 9085 5775 8312 5768 2420 9536 6998 8639
21 873 3027 6645 8704 1144 770 6773 3343 3154 3475 9657 5748 5207 9375 3819 469 7303 2388 7961 4597 60
21 1956 8028 867 6259 9997 9615 1879 1766 4245 9891 3465 5550 3101 227 9145 796 8116 667 253 8569 7178
19 7575 6 3688 378 559 4915 2052 3102 6368 5154 6612 2097 37 4513 3218 9416 9378 2588 228
19 4941 1111 9756 6056 6720 8731 4976 6506 5420 2257 2575 9785 9703 2427 2506 2803 858 4847 366
21 2177 3557 7501 9313 2162 5181 3748 736 4937 7945 2948 3084 9335 932 7331 2301 9525 3674 478 2185 2318
18 1135 243 2815 5674 1394 8700 6951 4120 4777 9516 5873 5392 50 4229 1099 359 3834 8392
21 9914 5498 7971 6173 148 3256 2246 8418 528 5836 2027 4858 8689 7851 7377 2441 5403 7780 544 6497 9602
18 7581 7316 1323 5151 3736 6435 4159 9447 6294 1639 3831 2358 2522 5547 5434 971 5271 8196
21 5969 7088 3330 9392 7588 3143 7754 5379 9154 1688 1641 2182 9479 3720 6063 215 653 260 2238 9217 6629
21 2297 8348 7438 4121 4857 1777 312 9435 4244 5630 1913 1264 7484 387 6444 9797 8545 4101 349 3857 8533
21 7376 8929 8958 4898 8231 8666 8097 4622 8953 7729 8300 6147 1388 1758 2868 7311 373 8638 7411 2130 5027
20 180 3689 1322 360 4154 5268 3476 6131 1499 5105 6948 8180 4145 9442 2741 9796 7486 1452 9149 3070
21 4329 6197 5604 5994 3537 4468 6594 1707 9082 1954 727 4164 5231 9747 6277 8423 3151 6568 3602 9618 6390
21 7482 3650 935 7733 7557 1744 3980 7274 1871 3482 9930 8288 8027 9428 5096 703 4459 4106 5681 3854 1971
18 4027 2933 6452 54 4835 9661 8160 7187 8424 7132 3021 6428 9280 1173 4197 8415 5568 1497
20 5886 6995 9687 2283 5961 2413 3221 5859 2131 8964 6176 1485 3657 1885 1306 3895 4660 913 3087 6934
21 9349 5858 7947 4584 880 1423 8843 4748 9465 5186 1238 1083 3877 8974 3665 246 4118 149 3352 3670 9953
18 6544 7934 7182 8339 4668 5366 1495 9524 9293 5492 7149 2051 4359 7637 5388 7617 4343 8980
19 6377 8935 7671 7174 7233 2995 3074 8927 8693 9281 4611 5210 7586 4151 6017 9802 8872 5795 3346
21 7147 4100 4530 5934 9765 3752 7265 5485 9460 3625 8349 7769 3745 8454 8408 8381 9918 7084 1719 1145 480
20 2430 2074 952 288 1919 9989 1816 5400 2935 4254 356 8771 9855 7527 5611 7717 909 6383 2770 2662
21 8571 7662 8490 5346 5763 7023 2629 8917 8078 6554 8161 1036 8316 4268 204 4291 4425 6781 6439 1567 3626
21 2448 9732 8520 212 8115 3468 850 3092 1231 9284 9958 8685 5101 4295 3380 4650 5068 7814 6651 3683 5249
20 1626 5828 5334 698 105 1253 8248 1788 3525 3289 2648 6388 294 6285 5039 6266 9012 9643 3734 6469
21 1002 798 8031 5782 967 2202 2451 9029 5257 1737 6979 3783 6573 3082 2211 466 3045 626 171 5490 7221
21 5067 3178 5910 2330 2315 756 8294 146 4983 8127 2374 9298 7674 1665 3617 4918 7660 1291 8781 8511 8648
21 7347 350 9011 7510 2071 2795 7121 4532 9056 696 9772 2772 125 4728 8894 4257 3757 1265 2273 2452 5927
21 5573 5296 881 7059 1663 9739 2811 1858 9130 5625 2083 2503 8829 2947 7439 184 139 8443 6944 7131 20
18 3647 4385 9152 5736 6782 495 1393 199 8172 1872 2145 5032 7507 3238 59 5715 7505 5183
19 2758 1615 722 8851 3478 1058 1490 6751 7386 8501 9227 6231 1277 670 3969 4190 5079 729 7839
22 5245 7891 6548 4177 6217 7768 4358 898 6014 1765 4158 6314 1378 5545 1825 2800 99 7683 7034 4304 6693 6743
20 9483 9548 9726 685 7101 7513 6657 1797 5030 9673 7885 4413 5133 1727 906 1696 1678 5538 4129 3761
21 3367 3693 4727 1102 7811 435 2809 2364 8354 3013 5698 3307 9818 1217 307 17 6660 6144 162 868 9334
20 6252 7753 5171 8885 4340 9444 6074 6324 4680 7625 532 5740 8626 1619 6233 7982 1583 9727 1032 9937
17 8890 3682 9341 4852 6121 2415 4406 106 5680 7179 2221 5871 8889 8779 526 6052 3460
21 499 6607 6597 6793 43 8374 6895 3066 5500 7297 6464 5807 2059 1616 5023 1857 4342 6352 3876 3040 44
22 1695 8679 4058 5811 2499 6291 4252 6389 8432 2234 8849 6621 9148 3711 4234 5659 2094 6483 6599 6236 8544 8163
21 5254 5317 3311 9760 2923 8837 774 4968 2353 8053 9535 3535 8114 9113 5462 5355 4418 1607 642 1072 3378
18 7325 5664 7904 2037 7437 7943 5745 5577 2672 9174 2953 8938 3932 795 3078 5939 9115 3814
21 5553 9563 8356 984 5471 3173 7763 8353 7228 9780 3099 96 9592 5056 5150 5779 8074 4041 901 6797 5013
19 6753 5260 8121 3347 652 510 7560 1368 4388 4997 9860 5796 6835 7353 9704 9492 3815 7564 6358
21 4420 1439 948 6381 1860 4635 6243 1732 8954 1975 5870 6954 473 7932 8015 7431 9719 6747 6796 154 9604
20 9723 6724 1538 6009 4150 2612 13 4671 1025 777 5804 6601 2417 8197 2584 8647 7306 7402 4271 4478
20 4818 7561 1046 4751 9270 5338 4639 5236 9275 4256 1566 5542 4131 9162 6351 8383 281 8607 9107 2307
19 492 8061 7142 2599 93 947 8384 9885 9689 9384 6595 3301 8873 6140 7308 8939 407 781 7481
18 2660 3398 8224 7252 7756 2344 4403 8137 8181 8336 7258 414 7825 3860 2367 1165 980 7541
18 5991 6868 4586 614 5463 6038 6869 8277 1753 7826 7032 9407 9893 9404 5251 6490 9196 851
21 9346 3516 129 7363 8113 9798 5622 9973 2827 3856 6802 6983 3489 8841 1576 6434 4765 2339 3518 1989 3873
21 1146 4500 7650 3990 3181 7436 2324 7667 1915 3114 6413 4710 2957 6022 1230 5225 49 1505 1988 9969 7022
21 1785 2710 81 1400 8194 3503 272 450 34 645 7011 1649 7606 6604 9386 9506 8457 2408 8742 452 1063
21 5332 6692 6965 1854 8298 2637 2198 5897 5495 40 8051 9606 3918 9365 7409 2450 8327 7030 7272 740 3658
21 4604 789 4373 4015 5895 7521 6249 708 6093 1690 1137 2477 9792 504 8734 1600 1029 4016 8269 9032 4870
18 1880 1935 7706 7668 7919 2098 4409 2215 9210 5718 7054 1549 570 7653 749 4512 6050 743
20 7025 5734 7836 1780 9787 191 9117 3558 9061 9665 8756 6315 2279 7322 4178 7012 5242 8574 3275 3707
22 4390 5679 3986 7680 8881 1077 3570 1559 996 242 5733 4395 8705 5206 365 3659 5691 4498 2160 6890 8185 5200
21 1319 9735 624 1561 4204 8182 153 1991 5551 7999 6955 3996 5797 566 413 2860 3302 3058 3309 8865 6071
21 7015 9600 8999 5062 5608 6355 3431 3122 8790 542 3215 4 9854 9692 3177 7559 8907 1091 8123 4350 9730
21 7522 799 6327 5868 6582 382 1160 4176 9909 4114 6376 8358 1130 9244 4638 7664 274 5275 2526 927 7369
21 2709 2977 9897 285 8828 2889 1409 8270 2042 3782 409 4632 2961 8177 8908 2767 7378 8034 4509 6712 5822
21 9693 5147 4320 2474 8622 6019 7872 4088 7902 1775 5469 7096 321 8970 2631 7299 30 5111 1134 7723 8267
21 7355 8809 8239 3741 80 6840 3643 5185 1779 6653 2435 2335 6367 8636 7761 8562 5924 4860 4978 5923 2038
22 2669 6913 3926 1970 2984 6102 6511 6041 6899 8247 987 9867 8760 4199 3417 1624 6401 650 1911 7907 9074 7327
19 8773 1132 8508 3006 9721 3427 1914 5541 4341 4053 1249 4690 3283 8748 3185 3744 4187 827 2508
18 6517 1033 5531 7558 8179 2682 4990 8749 4529 5144 1292 6353 2494 5073 4732 4999 1419 8375
21 3614 3135 230 8389 8010 3911 1156 2820 7100 9487 2347 8495 8550 3762 1410 5922 4562 7552 9876 4253 158
21 7346 9289 8762 7020 2645 3680 8199 4198 8922 7951 4961 5878 4336 1318 3982 9181 7781 309 1234 3110 759
22 5281 5813 5134 3810 7720 5540 8459 1679 6065 7479 2716 7823 1852 6107 1941 4278 6270 4943 4357 2158 4534 9427
21 1208 9848 8240 8153 9338 1358 1976 6535 1307 843 7863 7106 7714 3677 1171 1467 3987 6375 7573 4026 4729
20 1381 1422 4819 7408 5287 1408 8909 5689 2011 6235 2835 8205 9288 286 1147 2628 2562 276 2950 7281
19 1159 6075 6674 8525 9307 498 5432 7173 6346 3132 1493 1154 676 4723 4912 6047 1188 4374 3713
20 8965 1721 1056 7546 7143 6631 8503 4367 289 4605 2750 6726 9488 877 9183 2701 2459 9446 3664 9476
18 3539 2155 4820 707 6417 3910 9010 4785 2271 6153 8817 5170 6981 602 1581 8926 9212 8802
21 7362 9462 8718 9478 6409 3360 2557 2057 6312 780 7597 4488 1790 2489 1611 6095 186 7964 145 3561 7820
