60 45 2038 4753 1204 3171 457 450 2916 130 3268 1608 1644 8701 5360 147 91 1322 4089 1821 1767 550 1317 1082 373 715 1724 301 1988 4002 2276 1126 6388 4180 863 1 588 2690 1366 7495 3690 347 2787 3115 1041 1019 1586 316 6981 3559 5337 1254 5173 652 9642 65 3668 937 1916 4940 63
56 156 701 6190 3179 8205 3911 6595 2524 477 0 2574 1525 425 1620 1519 51 5297 4064 1215 39 1618 7877 781 189 9389 4288 8901 3963 361 4434 3639 3971 5081 650 4706 3473 1743 1582 1729 3178 4022 3032 4173 6 1454 105 2211 749 5559 5471 491 3404 1875 224 98 4644
44 1566 570 2156 1359 5503 281 61 7060 3 4976 238 813 2301 466 2337 4465 5401 3234 1020 3508 4130 1557 6224 8734 8558 567 5198 7 921 160 1658 10 1718 3045 8749 5110 516 4735 2516 7966 120 1136 75 1289
41 4467 3155 7735 1942 4066 8983 1768 3579 5134 1835 4 2135 7603 1575 795 167 3225 690 4350 3513 8 2742 1357 5089 770 2363 1497 372 6751 692 4297 5536 9347 2881 1270 1027 5178 283 1773 4539 7368
54 6428 3440 9321 5798 862 476 1196 1285 3302 7648 1809 676 5 1373 5857 745 4472 2021 3037 4194 987 1118 6233 7190 6263 3743 199 6927 933 4316 1436 5118 799 3974 1046 5379 2837 11 186 2340 4783 5158 4287 7281 7396 12 7804 2291 2099 6830 5007 447 819 694
65 9475 4119 9543 9696 94 3181 3765 3460 6046 8625 6117 2736 1049 1178 629 4718 73 4694 2096 9943 1433 4758 1609 2689 8603 1545 9363 3379 4032 1292 2076 5689 2017 4601 4074 7258 2893 1706 14 3576 3928 9405 5672 3615 5750 4670 853 6568 668 3750 2190 5358 2160 8243 2405 4320 20 573 5548 4600 5280 5216 2634 1596 2436
31 2 5461 4219 4529 2085 1562 9 1135 1392 7033 369 4207 514 8029 2379 2333 2700 1624 6469 4846 3282 18 2434 5629 3157 7192 127 4913 24 85 9604
44 13 15 4788 4514 7412 3348 3556 6215 1064 5769 4446 3487 1680 5350 2052 997 292 1698 4985 6951 17 3056 4572 772 5034 2871 8612 1432 3230 3358 6517 3578 25 3141 5294 6916 31 47 119 7854 4712 3048 2497 5255
22 16 19 28 329 6071 7954 1859 7905 880 9813 8788 1594 5391 6002 1937 240 103 1079 1184 4714 124 9307
17 21 8067 3670 1630 9057 7560 29 37 3687 41 9423 3074 7934 5365 8265 4821 973
35 22 1549 4577 472 9973 7473 972 2651 4882 8755 30 5577 2581 2753 2108 2245 4043 1073 7064 2362 2898 6525 2035 6122 4029 1155 5025 44 7705 79 3906 1369 126 3021 6246
39 23 26 3698 6509 1505 32 7557 9359 623 1783 4815 193 8210 5242 354 46 7504 1008 4709 2347 3980 50 3483 2437 7440 4959 9766 8567 77 121 4695 3226 145 5513 2879 511 470 7690 3227
46 27 4878 1437 5209 854 33 36 6186 4413 2947 1269 1852 38 1723 2502 2148 1044 8938 7001 48 984 2324 254 2387 4750 6180 56 4541 905 1684 3263 6555 4208 6031 4013 4075 1628 5981 88 166 7817 1323 6524 4832 202 233
35 34 288 460 6284 357 5896 949 4096 5619 851 6752 5177 52 4054 3193 2492 4812 7003 4451 2974 104 7945 5363 6903 8252 7490 5728 8174 2104 172 212 9481 5065 722 4087
49 35 6007 9055 3090 7393 9986 1802 6230 290 9634 5530 54 2948 4823 55 9233 6508 1721 57 99 1535 4845 2226 64 595 4404 9345 8054 5061 4663 6297 1513 8101 8342 4462 6548 2905 5575 2953 2667 181 196 6303 5507 3008 8240 265 7534 5453
26 40 7724 43 4387 3243 5084 8680 58 8140 1413 2872 5827 6492 7437 4704 4085 72 113 3081 192 8061 7726 5618 277 411 7796
32 42 1788 2090 9992 2069 4067 53 4076 9121 3335 8328 5875 59 4243 66 86 3073 8996 4470 97 7780 9102 114 876 149 205 8792 282 3422 6055 5987 8392
42 49 9797 8717 60 4476 3036 3851 5671 6710 67 9628 71 1091 8384 1879 95 5956 3939 1050 8217 4596 2899 100 118 5172 7665 195 5599 3948 3237 2498 8068 9030 9164 3931 8978 6189 341 2587 8194 3143 2254
39 62 7719 2868 9184 8620 7675 5760 7163 8458 70 2943 4168 2120 3131 2520 9434 92 96 5924 6106 5199 7365 122 9578 129 3864 6101 197 218 5864 7463 1361 9045 3652 287 362 7775 8670 6091
33 68 2205 9891 69 5244 2201 7430 1787 8178 3205 4566 74 76 101 2231 3004 5651 5060 3621 875 1379 136 7920 1514 8408 235 1981 6932 321 340 7850 419 9895
32 78 4801 1752 1038 5245 4088 5511 3149 3064 80 3984 420 409 1971 5384 168 7243 3315 6997 109 112 137 142 4613 8169 251 253 368 371 696 496 519
28 81 6727 320 9439 3420 2310 6562 685 83 4401 115 428 4343 131 7159 139 5141 146 262 547 378 1615 390 3305 503 7908 531 6148
36 82 6677 9937 2992 7087 84 116 394 3303 7792 2413 1771 7099 920 2741 758 4737 7750 148 8825 201 151 5922 293 296 312 344 396 7261 8891 6442 9018 3159 537 7774 2451
29 87 6296 4929 8794 123 5913 125 4918 8341 5477 7681 7888 8401 154 155 8557 206 298 349 9074 4416 9025 6356 415 1634 426 448 518 582
36 89 5815 2003 7151 3009 93 106 8036 6473 2415 4785 4726 1668 133 143 6399 2683 639 9716 4488 162 8229 217 6771 374 399 634 427 439 8916 451 7839 5897 2267 2582 592
26 90 1691 5934 7694 6699 7516 107 110 135 140 153 165 176 242 315 8160 8556 1686 442 453 5526 9916 561 578 9192 647
33 102 108 3903 6756 7109 5151 2049 1257 9489 8368 111 5028 9919 5440 4687 157 1667 169 179 4513 260 1945 267 317 7799 441 455 464 467 556 6960 655 697
30 117 141 3158 7105 4691 161 7706 3817 178 180 2839 8495 7433 4016 5602 4899 4731 5788 269 6840 6281 459 1337 480 501 574 624 2952 711 7364
32 128 3260 132 134 150 8645 174 7745 183 7630 211 226 3754 9480 5468 7956 5893 2222 7266 284 351 1277 6248 486 497 575 637 764 6598 1778 6576 4329
39 138 2648 3632 144 9930 5696 7867 5574 1659 289 163 164 177 902 5802 3784 2183 198 5330 4448 4776 222 241 1845 244 246 346 8719 8065 485 6324 509 1939 587 769 824 825 845 2103
32 152 2414 1831 158 4639 8957 173 184 190 8182 194 203 7284 210 604 1382 247 1710 9726 3638 3252 1180 364 5328 423 783 517 566 617 788 849 960
32 159 170 4415 3367 6005 2401 9874 2053 185 200 204 213 6483 214 9598 8221 6306 9674 248 268 3089 5087 366 469 5234 581 7106 616 796 869 6279 969
33 171 208 6304 209 1299 5739 7405 219 223 1303 9250 225 861 5132 7146 234 5519 3287 255 272 401 410 506 542 614 5665 621 891 638 836 6142 9404 900
36 175 3233 2198 3496 182 191 5031 3322 215 4393 9537 216 228 5974 231 4779 9177 245 5746 263 279 433 9114 520 543 9950 8510 632 641 9828 1022 852 870 946 6656 1154
48 187 207 4759 6671 5952 8678 8143 6635 7969 8829 5171 7625 8549 2775 221 230 6256 718 4281 5327 6582 5018 237 2004 249 9367 264 8095 285 9706 5986 6957 1230 458 988 7263 9972 4362 640 2398 651 7858 677 8484 936 953 977 1177
32 188 7689 220 232 239 5874 7242 6060 7588 270 274 297 8336 4609 307 4359 6875 9237 7403 579 9684 607 661 714 717 730 731 950 5953 8715 1185 4659
33 227 229 6504 9462 236 8569 243 7680 3069 6690 1749 5304 259 278 299 3884 5816 7510 326 342 8580 622 695 732 737 787 806 882 951 966 7747 3006 1199
24 250 7227 252 8262 8289 5490 258 302 5692 348 2127 657 9715 8531 699 8902 6053 809 818 8218 9113 1001 1099 1363
32 256 7309 5942 9459 8745 257 1349 6893 9029 2826 2923 303 324 355 4837 438 488 708 712 8323 4741 814 2093 5344 940 6762 1010 8583 1106 1212 8694 9784
24 261 266 300 305 318 325 4305 370 424 7506 8704 6880 723 8202 735 8192 754 843 990 1071 1150 1235 1298 4964
28 271 6935 1822 5298 1390 5705 3318 308 310 322 331 1102 335 1611 6689 398 454 5625 707 725 752 826 856 860 1015 1211 1268 1397
36 273 8273 294 7621 311 8793 5861 313 2028 332 1908 6976 8536 3284 337 7656 367 379 381 440 8643 9875 463 495 1324 8354 6109 808 857 859 889 1105 1255 4354 1315 1445
39 275 276 291 4126 304 6280 319 323 5429 6856 7776 334 6882 339 9185 7112 376 386 4780 5498 5246 483 549 1510 2366 728 765 821 823 5677 4407 892 8376 1263 1295 1313 1345 1508 7414
26 280 4397 309 338 9329 345 382 3747 388 407 414 444 478 500 562 727 748 828 894 978 7164 1181 1327 9403 1367 1627
35 286 314 8399 5206 1909 1100 343 353 359 2389 387 406 2967 5606 4851 418 9893 3571 471 508 591 9000 4253 757 897 4848 898 932 942 1115 1288 1350 9724 1635 2936
38 295 9890 1415 328 8026 5545 356 358 360 9545 9332 5811 403 9311 412 2632 3942 7363 5443 4902 8982 5958 461 6387 481 524 608 672 767 948 5402 1119 1227 1385 1399 1484 1551 7820
32 306 4398 2996 4805 330 6754 350 363 384 5292 430 9279 449 9409 490 535 631 9026 8809 7469 7818 963 983 1209 1237 1404 1428 1473 1503 1522 1793 1993
32 327 1141 9488 336 365 380 4017 9658 391 413 475 492 9011 5187 505 536 8171 599 658 776 786 1005 1017 1266 4995 3355 8596 1464 1533 1559 8096 1766
25 333 4960 352 375 7957 383 1603 392 494 507 5640 705 742 797 1018 9536 1108 4222 1279 1305 6972 1446 1540 1637 2107
28 377 385 400 452 510 512 538 5131 759 5458 1649 761 827 9086 8635 1031 1112 9342 1281 1287 8712 9001 1486 1550 1607 1638 8964 1648
30 389 7427 2563 5388 393 402 431 6329 8150 465 4732 522 8124 8223 6545 5731 583 646 8016 7963 9512 867 885 1061 1316 1396 1629 4962 4235 1651
31 395 4980 8339 2442 8781 397 408 435 437 468 521 527 529 533 6072 559 613 649 755 763 829 890 959 1078 8763 1297 1333 1601 1653 1665 1868
31 404 422 443 456 473 9848 484 4831 525 532 539 568 611 618 6963 716 7975 774 807 9656 944 1086 1129 1347 1393 1655 1672 1678 1690 1864 1921
36 405 6600 416 4937 421 434 489 499 7927 545 8931 1034 557 1142 998 4340 633 744 801 847 864 913 935 1107 1110 8388 1183 1318 1375 1449 1543 3274 1697 1738 1791 1911
36 417 429 432 5598 504 5126 513 530 546 3058 560 564 5905 5691 580 8489 3401 635 645 756 812 840 8379 945 1072 1153 1311 1374 1378 1470 1705 1727 1739 1851 1990 2084
37 436 446 462 3536 515 7185 5201 541 8463 565 569 584 585 6147 669 6521 733 8133 762 7189 842 912 967 1006 1026 1077 1162 6489 1372 4721 1474 1762 1801 1928 1946 2016 2338
37 445 3581 474 479 8464 8699 7528 4018 555 572 576 594 600 603 628 7948 643 693 700 775 803 923 992 1043 1065 1159 1202 1328 1443 9686 1509 6929 3734 1820 1891 1954 2149
33 482 487 502 2239 571 2137 590 3300 597 9093 609 664 713 802 9214 830 884 976 1075 1084 1200 9402 1232 9602 1447 1518 1576 1798 1881 1991 2007 2155 3595
34 493 498 540 7890 589 606 3741 615 2931 9812 636 8721 1489 8332 673 729 815 2475 834 985 1058 1090 1208 1331 4176 1479 1580 1714 1943 1967 2041 2067 2134 2217
33 523 5846 8850 9236 544 593 9708 6452 610 619 620 642 644 680 751 4365 887 1033 1087 1101 1251 1274 1381 1481 1527 9523 1626 7508 1975 2008 2059 2157 2288
31 526 528 548 5387 598 605 630 648 683 777 782 9763 831 6448 903 5880 904 1116 3395 1296 1362 1455 9193 1538 1682 1728 2031 2213 6587 2296 2894
35 534 6610 551 563 8282 627 653 662 9380 670 686 5289 709 710 805 838 844 914 938 955 1013 1156 1157 6834 1384 1475 1500 1546 1583 1716 1765 2075 2215 2249 2388
33 552 659 9416 3139 3412 674 689 8728 741 778 5830 855 866 917 947 999 1117 1164 1234 1332 1388 1501 1529 1633 1786 1800 2054 2088 2119 2189 2273 2367 3082
34 553 656 663 675 4828 720 734 753 798 832 877 895 958 7499 1161 4118 1190 6127 1201 6984 1284 1343 1478 1570 1685 1790 1812 8117 9579 2105 2306 2349 2406 2423
35 554 4944 665 678 679 739 743 790 822 8437 858 909 916 965 981 1047 1169 1195 1213 1216 1252 1334 1335 9744 1506 3994 1731 1811 1834 2094 2123 2371 2386 2431 2480
34 558 596 612 2874 667 682 704 8737 760 789 793 9760 865 907 918 7702 982 1054 1057 1224 3327 1240 1273 1355 1356 1646 1669 1815 1958 2143 2380 2467 2494 3399
37 577 625 626 6729 684 703 8494 771 6854 8005 833 8153 868 9964 922 989 1052 1063 1088 1225 1231 1246 1286 1394 1438 1463 1617 1699 1841 1874 1930 2170 2268 2329 2456 2504 2994
38 586 7662 5233 687 8027 706 740 791 794 8389 5496 848 871 872 8976 924 4583 954 1068 1114 1173 1265 1291 1426 1476 5203 1534 1782 1857 1877 1947 2257 2275 2357 2400 2481 2493 2507
31 601 660 702 721 738 792 800 841 878 4774 911 986 1029 1070 6321 1122 1221 1336 1400 1528 1605 1687 1827 1869 1951 1957 2095 2308 2345 2444 2518
27 602 5030 666 736 768 881 1000 8350 1003 1056 1094 1137 1272 1338 1471 1561 1569 1663 1703 1878 1978 2203 2311 2385 2487 2528 2611
33 654 8039 698 747 779 780 784 883 886 991 1002 1023 1085 1103 1146 1171 1341 1376 1480 1563 1696 1722 1814 1900 1974 2046 2214 2261 2441 8928 2530 2561 2681
37 671 688 750 3681 785 837 888 7916 4229 893 7484 1045 1069 1097 1128 1145 1308 8942 1346 1351 1502 1523 5697 1733 1755 1843 1902 8716 1995 2063 2248 2264 2448 2514 2532 2565 3080
40 681 8849 724 9446 766 3534 8851 817 873 8575 899 901 7142 925 943 1643 5964 1144 1147 1170 1249 1353 1383 1391 1403 1450 1565 1591 1775 1912 1966 1997 2065 2269 2501 2523 2544 2556 2623 3116
41 691 5500 3832 726 810 850 879 908 926 8876 2960 1242 974 1074 1166 1176 5817 1188 1294 1409 1416 7700 3650 1456 7273 1578 1619 9801 1803 1922 1953 1982 2025 2115 2478 4517 8077 2585 3913 2630 3767
39 719 8995 7256 7006 773 811 874 896 906 919 927 980 4885 995 1158 1163 1214 1223 1314 1439 1469 1488 1581 1623 1625 1757 1844 1949 1979 1989 2072 2109 2197 2393 2505 2537 2594 2659 4131
36 746 804 3720 816 910 928 930 939 956 1007 1011 1168 1172 1244 1261 1352 1453 1457 1495 1584 1640 1652 1850 1901 2002 2074 2079 2177 2250 4798 2510 2567 2616 2620 2661 3808
38 820 839 4259 6959 931 941 964 996 9267 1032 7037 1182 1206 1262 1280 1358 1458 1496 1536 1537 1632 1645 1656 1702 1984 9843 2089 2162 2282 2294 2360 2422 2533 6153 2572 2668 2678 3504
36 835 846 915 952 970 975 6747 7317 1028 1039 1092 5064 1319 4376 1321 2235 1401 1451 1504 1511 1571 1613 5415 1748 1940 1987 2102 2117 2284 2285 2302 2454 2571 2670 2719 3818
37 929 957 961 968 971 1004 1009 1081 1083 1096 1226 1290 1320 1371 1406 1418 1452 1507 1517 1567 1598 1654 1720 1806 2665 1992 2073 8173 2199 2328 6688 2626 2691 2716 2781 2783 3952
33 934 979 4082 1012 1089 2835 1419 5096 2122 1389 7056 1459 1461 1530 1552 1606 1673 1732 1823 1910 2081 2159 2196 2210 2336 2427 2559 2627 9563 2737 2786 2791 4347
34 962 993 994 1014 1016 1025 1055 1098 1104 1228 9780 1402 1467 1482 1494 1616 1736 3184 1884 2023 7226 2172 8280 2240 2374 2376 2491 2618 2703 2749 2776 2804 2809 3232
28 1021 1024 8204 1042 1120 5012 1189 1233 9127 1395 1405 1483 1498 1636 1664 1713 1741 1903 1955 2180 2317 3613 2383 2706 2789 2807 2810 2980
33 1030 1035 1036 1051 1053 1076 1121 1193 1207 2068 1256 1444 1460 1490 7740 1553 1661 1719 1763 1780 1931 1970 2112 2356 2392 2483 2638 2709 2712 2814 2850 2901 4331
29 1037 1059 1093 1127 1132 1218 1309 1493 1544 1621 7739 1726 1781 1906 2022 2208 2277 7497 2377 2421 2443 2694 2718 2731 2828 2829 2895 5392 4576
33 1040 1066 1067 1080 1095 1133 1149 1167 1194 1248 1329 1524 1585 6082 4749 1662 4276 1789 1941 2026 2045 2361 2438 2503 9514 2545 2721 2779 2834 2902 8945 2925 3107
41 1048 1060 1113 1123 3347 6262 1131 1138 1151 9310 1174 1219 1259 5070 1360 1548 1589 1642 1744 1774 1819 1828 1848 1950 1973 2029 2118 4301 8380 2455 2461 2529 2553 2597 2751 2844 2848 2904 2956 3071 3810
35 1062 9695 1124 1152 1160 1222 1253 2207 1301 1423 1435 1526 1650 1701 1761 1830 1832 1858 1977 2047 2131 2174 2449 2471 2476 2566 9004 2729 2778 2862 2907 2957 3038 3188 5107
39 1109 1125 7096 1139 1165 1198 1203 1258 9808 5074 1304 9889 1431 1564 1695 1742 1796 1829 1838 1840 1886 2070 2087 2164 2192 2458 2486 2575 2579 2732 2796 2819 2866 2911 2915 2968 3062 3285 4361
40 1130 1140 1148 1175 6563 1197 1217 1229 1238 1302 1306 1307 1427 1647 1708 1709 1747 1847 1853 1866 1876 2043 2113 2128 2133 6528 8208 2515 2543 2588 2612 2784 2812 2885 2938 2942 2959 2969 3059 3375
37 1134 3363 1143 1186 1192 1205 1210 1236 1243 1245 9107 1310 1326 1516 1688 1754 2897 1856 1885 1887 2110 2173 2229 2259 2344 3475 7716 2605 2619 2669 2824 2883 2976 2985 4256 3106 3386
36 1179 1187 1191 1220 1239 1276 1282 1340 6419 1354 1370 1477 1622 1694 1799 1870 1873 1892 1905 1918 2181 2216 2271 2453 2621 2655 2856 2865 2884 2926 2962 2999 3024 3202 3279 3444
29 1241 1250 1293 1342 1411 1532 1671 1683 1825 1867 1894 1927 2111 2200 2246 2272 5605 2580 2628 2641 9859 2875 2896 2927 2990 3030 3101 3334 3517
34 1247 1260 6123 1300 1344 6409 1485 3785 1676 1692 4047 1880 1914 2006 2034 2130 2227 2309 2402 2490 2676 2764 2773 8451 2964 2991 3014 3041 3057 3072 3366 3403 3531 4901
34 1264 1283 1368 1420 1555 1610 1693 1849 8808 1889 1915 1919 1929 1936 1963 2015 2125 2187 2224 2270 2319 2420 2460 2650 2816 2934 2978 2987 8058 3015 3083 3120 3381 3436
35 1267 1412 5863 1440 9975 1602 8238 1679 9835 1861 1920 1934 1952 1968 2010 2060 2193 7795 2219 2290 2321 2473 6199 2598 2831 9313 3002 3022 3066 3092 3138 3161 3472 3555 4915
36 1271 1275 1278 2253 1414 1541 1657 1730 1792 1797 2760 1899 1933 4092 1948 2014 9299 2185 2206 2292 2299 2307 2488 2596 2602 2688 2880 3023 3070 7972 4746 3148 3173 3529 3634 5193
39 1312 4543 1325 1422 6718 1430 1441 9407 8442 3151 7840 1707 1725 1759 1837 1935 1962 1972 2032 2225 2251 2278 2312 2407 2521 2592 2662 2733 2932 3053 8126 3084 3098 3168 3218 3474 3530 3570 5211
31 1330 1380 1462 1487 1521 1689 1735 1810 1871 1872 1960 2019 2033 2077 2256 2327 2411 2625 2639 2696 2750 2958 3029 3111 3196 3197 3345 3349 3540 3554 3708
36 1339 1365 1398 5658 1429 8266 7572 1542 1593 4950 1777 1836 1883 1986 2011 2020 2044 2056 2082 2151 2283 2315 2341 2425 2484 2702 2827 3017 3087 3112 3207 3406 3421 3580 3642 5273
39 1348 1407 1417 1421 1442 1515 1547 2644 1639 1839 1980 2009 2030 2040 6310 2066 2080 2114 2204 2237 2287 2326 2364 2419 2564 2723 2726 7959 2861 3097 3133 3135 3154 3208 3289 3457 3633 3748 5638
34 1364 8434 8134 1410 1448 1465 1592 1770 1882 1897 9339 2050 2092 2121 2165 2171 2220 2300 2432 2445 2660 2684 2754 3000 5620 3140 3163 3214 3308 3467 3468 3769 4014 6422
35 1377 1387 1424 1491 1499 1554 1558 1588 1604 1674 1784 8911 1888 2001 2055 2062 2116 2124 2184 2342 2348 2447 2806 2886 3012 3052 3165 3219 3239 3311 3451 3589 3645 3826 4037
36 1386 1425 1468 1520 1560 1597 1600 1631 1677 1854 1895 2039 2071 9281 2100 2153 2262 2314 2354 2369 2372 2462 2466 2663 2910 2941 8459 3093 3200 3221 3224 3328 3663 3829 3857 4171
33 1408 1472 1492 4766 1531 1590 1612 1750 1865 1898 8541 2061 2078 2178 2188 2316 2382 2404 2424 2485 2692 2988 2997 3077 3189 3206 3257 3351 3354 3522 3758 3870 4188
39 1434 1466 1512 1539 1556 1614 1675 1681 1740 1760 1804 1904 1917 2064 2097 2243 2260 7007 2390 2428 2464 2508 2527 2568 2792 3007 3031 3142 3223 3294 3352 3369 3547 3583 3601 3816 3872 3876 5320
33 1568 1573 1595 1700 1715 1794 1932 1944 2083 2230 2255 2325 2370 2500 2540 2549 2593 2653 2929 3088 3217 3270 3307 3374 3424 3450 3493 3607 3664 3868 3901 4097 4275
38 1572 1574 1577 9635 1704 1737 1756 1907 1994 1996 2027 2132 2286 2320 2355 2408 2534 2546 2631 2714 2727 3046 9896 3244 3245 3296 3309 3426 3438 3459 3588 3649 3653 3719 3918 4063 4184 6202
36 1579 1587 1599 1670 1745 5456 1795 1913 1961 1998 2129 8687 2176 2373 2397 2416 2463 2551 2576 2658 2740 2972 3162 3222 3255 3337 3338 3397 3447 3478 3510 3527 3697 3956 4058 4300
36 1641 1660 1712 1734 1758 1923 2018 2106 2136 2142 2233 2412 2465 2560 2615 2695 2798 7808 3068 3248 3342 3357 3413 3469 3498 3542 3614 3710 3760 5918 3840 3957 9555 4111 4364 6301
34 1711 1746 1751 1772 1776 1969 2024 2057 2158 2161 8904 2426 2495 2577 2589 2617 2697 2975 3231 3261 3365 3497 3521 6858 3586 3661 3717 3779 3796 3958 3970 6663 4418 5561
37 1717 1753 1764 5889 1779 1818 1855 2013 2036 2175 2280 2474 2539 2606 2645 2657 2704 2708 2757 3013 3085 3253 3276 3372 3509 3538 3572 3577 3706 3800 3940 3962 3985 4135 4254 4419 6479
37 1769 1805 1860 1863 5910 1890 8250 2058 2179 2281 2457 2509 6586 2548 2610 2656 2666 2739 2821 2889 3109 3325 3371 3394 3445 3526 3593 3626 3655 3727 3842 3959 4224 4268 4339 4585 4625
34 1785 1807 1862 1926 1964 2101 2138 2194 2274 2289 2511 2513 2522 2590 2671 2869 2882 3043 3293 3378 3414 3485 3523 3561 3627 3688 3713 3859 3909 3979 4257 4345 4502 4678
38 1808 1813 1816 1976 1985 2126 2154 2232 2247 2303 2318 2542 2547 7122 2643 2675 2682 2730 8560 2888 8200 2945 3125 3329 3428 3564 3591 3624 3699 3729 3930 3936 3993 4197 4353 4512 4605 5885
44 1817 1824 1842 1924 2000 2037 2048 2166 2167 2238 7356 2313 2403 9274 2552 2629 2647 2685 2686 2743 2759 2845 2949 2951 3047 6649 3408 3433 3466 3566 3597 3658 3673 3676 3712 3752 3938 3946 4026 4352 4422 4526 4690 4747
42 1826 1833 1846 7235 1956 1983 2005 2051 2144 2212 2242 2266 2322 2525 2558 2595 2699 2724 2761 2800 2939 2970 2979 3067 3102 3204 3539 3549 3569 3600 3689 3691 3838 3841 3848 3943 4020 4237 4461 4516 4789 6575
34 1893 2012 2140 2141 2147 2218 2258 2298 3528 2331 2470 2538 2646 2705 2780 6601 2811 2944 2982 3113 4836 3419 3550 3617 3725 3726 3910 3988 4274 4384 4540 4556 4871 5284
38 1896 2042 2145 9454 8277 2279 2334 2409 2477 2624 2654 8511 2720 2790 9792 2817 3026 3108 3129 3319 3359 3594 3666 3714 3738 3739 3823 3947 3996 3998 4008 4138 4346 4412 4518 4586 4635 4916
36 1925 2086 2152 2168 2221 2346 2359 2375 2435 2499 2562 2725 8623 2808 2818 2833 2903 2981 3034 3213 3343 3376 3596 3718 3732 3736 3749 3861 3977 4012 4042 4196 4380 4437 4594 6441
41 1938 2091 2169 2186 2195 2295 9504 2391 2450 2601 6572 2955 2735 2802 2825 2842 2973 3003 3054 6904 3137 3370 3400 3432 3728 3737 3751 3768 3793 3862 3990 4036 4038 4061 4228 4271 4479 4548 4643 4707 4978
37 1959 9435 2139 2182 2228 2236 2339 2394 2410 2613 2680 2722 2763 7466 2852 2900 2977 3028 3061 3096 3211 3409 3418 3535 3761 3788 3874 3995 7220 4105 4291 4532 4552 4592 4685 4708 5486
35 1965 2146 2202 2241 2244 2252 2293 2323 2429 2433 2679 2707 2799 2857 2859 2984 3063 3152 3250 3458 3499 3602 3773 3787 3924 4000 4039 4108 4337 4381 4561 4590 4767 4977 6627
38 1999 8346 2191 2263 2304 2343 2352 2358 2439 2489 2771 2843 2846 2867 2877 2998 3065 3175 3180 3301 3512 3740 3776 3789 3809 3935 4041 4121 4150 4270 4367 4411 4619 4674 4699 4771 5269 6787
33 2098 2163 2265 2305 9385 2353 2395 2468 2531 2541 2788 2878 3010 3132 3220 3271 3344 3470 3552 3790 3792 3843 3966 4155 4319 4360 4369 9947 4680 4683 4775 4875 5208
38 2150 2209 2297 2330 2335 2350 2384 2430 2519 2536 2728 2832 9885 2887 2946 3011 3094 3269 3377 3389 3463 3525 3574 3822 3900 3933 4073 4209 4210 4326 4366 4490 4580 4682 4762 4791 4881 5517
34 2223 2234 2332 8415 2365 2396 2479 2569 2591 2674 2774 2891 2913 3095 3136 5015 3382 3437 3567 3641 3805 3852 3915 3964 3965 4242 4255 4450 4531 4698 4793 4897 5002 5644
35 2351 2399 2459 2506 2608 2637 2687 2892 2909 2924 2928 2935 3127 3199 3393 3441 3461 3599 3799 3820 3880 3916 3967 4007 4024 4265 4267 4459 4615 4702 4811 4827 4866 5033 5674
39 2368 2378 5703 7639 2418 2469 2526 2535 2609 2642 9183 2738 2917 2919 2986 3020 3124 3147 3246 3477 3605 3662 3824 3945 5444 3969 4102 4283 4296 4449 4468 4510 4571 4666 4820 4872 4923 5044 5666
37 2381 2417 2472 2555 2622 2673 2744 2794 2937 2989 5142 3035 3055 3121 3251 3321 9334 3495 3616 3674 3814 3869 3885 3973 3976 4142 4154 4324 4336 4505 4584 4688 4840 4890 4956 5410 5707
37 2440 2452 2482 2570 2573 2578 2664 8991 2745 2797 2961 3018 3078 3105 3134 3174 3317 3368 3514 3657 3677 3837 3890 3999 4198 4203 4342 4409 4593 4631 4646 9788 4841 4895 4963 5204 5738
36 2446 2496 2512 2599 2614 2677 2710 2748 2853 2983 3086 3110 3146 3191 3241 3390 3446 3568 3672 3853 3891 4010 4023 4133 4206 4216 4403 4426 4608 4664 4877 4947 4954 4965 5418 7527
43 2517 2550 2554 2604 2633 2701 2762 2908 2950 3100 7993 3130 5121 3194 3273 3290 3356 3449 3464 9935 3684 3723 3886 3960 4035 4056 4086 4211 4220 4225 4427 4463 4485 4681 4884 4936 4973 4981 4998 5021 5050 5681 6906
31 2557 2640 2746 2747 2770 2920 3144 3228 3277 3310 3360 3416 3585 3609 3692 3895 4027 4070 4143 4159 4233 4234 4245 4484 4537 4705 4905 4908 5029 5473 5723
35 2583 2649 2693 2715 2752 2768 2782 3019 3156 3166 5781 3262 3314 3415 3646 3753 7757 3927 4051 4103 4162 4187 4202 4269 4308 4536 4620 4624 4733 4907 4961 5032 5042 5551 5921
34 2584 9049 2586 2607 2755 2756 2801 2838 3040 3167 3176 3229 3286 3434 3435 3502 3700 3786 3897 4033 4059 4164 4261 4285 4333 4558 4651 4790 4927 4984 5054 5227 5690 6207
35 2600 2636 2652 4701 2767 2815 2840 2918 3079 3182 3185 3212 3280 3298 3453 3456 3543 3686 3801 3888 3961 4080 4094 4299 4330 4429 4445 4569 4850 4993 5092 7729 7470 5240 5823
40 2603 7782 2672 2698 2711 2766 2769 2841 2873 2912 3001 3103 3192 3215 3254 3313 3320 3454 3488 3584 3730 3806 3828 3894 3978 4106 4191 4357 4372 4405 4439 4508 4675 4979 4999 5009 5161 5257 5361 5988
39 2635 2713 2777 2858 2860 2914 2966 6554 3033 3091 3170 3304 3330 3364 3490 3507 3629 3759 3889 3896 4109 4125 4321 4389 4399 4464 4491 4528 4729 5011 8852 5016 5101 5196 5215 5256 5285 5470 6014
35 2717 2758 2765 2785 2813 5675 2876 2906 2965 3049 3114 3195 3336 3392 3494 3622 3695 3771 3920 4072 4113 4149 4240 4441 4499 4563 4810 5017 5091 5231 5275 5317 5481 5635 6017
40 2734 2772 2793 2836 2930 3118 9856 3203 3281 3340 3362 3402 3407 3515 3635 3685 3807 3812 3983 4112 4129 4244 4406 4453 4475 4554 4606 4744 4816 4912 5019 5120 5232 5261 5276 5372 5374 5375 5851 6051
37 2795 2855 9940 2933 2971 3050 3122 3186 3242 9133 3341 3388 3398 3431 3548 3705 3923 4011 4139 4146 4310 4482 4498 4595 4604 4626 4755 4932 5039 5180 6713 5386 5398 5432 5562 5991 6090
37 2803 2847 2940 3005 7416 3164 3267 3272 3297 3427 3429 3430 3484 3553 3563 3721 3778 3941 4120 4157 4167 4232 4328 4438 4618 4649 4668 4772 4849 5085 5155 5342 5430 5489 5591 5779 6065
41 2805 2823 2830 2890 2954 2963 3099 3177 3238 3275 3299 3480 3481 3506 3546 3631 3795 3819 3944 4090 4148 4258 4492 4534 4653 4686 4770 4781 4859 4971 5140 5184 5359 5459 5466 5491 5543 5621 5717 5836 6088
41 2822 6042 8709 2864 3027 3044 3126 3150 3266 3292 3326 3439 3489 3500 3532 3545 3565 3603 3798 3839 3926 4045 4128 4177 4280 4493 4654 4711 4806 4920 5088 5217 5221 5515 5527 5549 5586 5698 5774 6061 6172
38 2849 2922 3025 3051 3172 3201 3259 3283 9027 3332 3346 3465 3544 3606 3834 3849 4098 4161 4213 4312 4496 4555 4719 4725 4863 4876 5145 5225 5300 5380 5569 5609 5712 5789 5877 6038 6121 7264
39 2851 2993 3075 3119 3169 3264 3278 3291 3417 3443 3479 3486 3520 3608 3637 3846 3879 4160 4199 4226 4332 4509 4557 4738 4742 4778 4939 4968 5243 5286 5305 5521 5582 5593 5633 5729 5928 6133 6135
39 2870 3042 3076 3210 3258 3295 3323 3331 3537 3541 3558 3604 3647 3648 3678 3794 3863 3893 4215 4218 4230 4378 4522 4570 4752 4786 4854 4982 5190 5316 5408 5538 8708 5650 5667 5736 5930 6164 7577
37 2921 3060 3104 3128 3306 3350 3373 3573 3587 3625 3654 9870 3675 3742 3797 8832 3955 3975 3981 4277 4317 4414 4525 4538 4763 4853 4886 5004 5319 5341 5560 5615 5678 5845 5960 6173 6216
37 2995 3123 3198 3235 3312 3333 3380 3405 3619 3644 3683 3774 3791 3825 3982 4081 4294 4335 4549 4610 4645 4787 4826 4860 4928 5094 5143 5364 5381 5571 5660 5685 5780 5849 5970 6179 6405
39 3016 5919 3187 3209 3247 3316 3385 3391 3411 3610 3651 3711 3802 3813 3835 4019 4100 4132 4179 4351 4373 4421 4614 4623 4842 4861 4894 5099 5250 5437 5624 6040 5711 5734 5787 5859 6149 6235 6413
32 3039 3145 3216 3324 3396 3410 3557 3667 3669 3715 3850 3892 4021 4101 4147 4295 4368 4424 4648 4868 4879 4972 5164 5264 5445 5657 5725 5747 5844 5915 6240 6491
37 3117 3190 3265 3339 3442 3620 3680 3722 3724 3865 3908 3925 3986 4127 4136 4284 4371 4471 4477 4656 4693 4740 4911 4924 5047 5165 5339 5449 5452 5686 5764 6920 5795 5870 5948 6264 6511
37 3153 3288 3361 3383 3455 3696 3731 3745 3770 3882 3989 4028 4212 4375 4382 4410 4602 4669 4700 4727 4847 4946 4987 4991 5078 5414 5518 5589 5649 5702 5805 5809 5926 5950 6157 6537 6588
37 3183 6197 3240 3452 3462 3518 3612 3703 3777 4031 4040 4095 4153 4379 4402 4417 4420 4676 4756 4800 4865 5038 5043 6691 5111 5469 5558 5719 5812 5813 5907 6008 6094 6269 6271 6546 7649
36 3236 3471 3476 3524 3582 3671 3755 3780 3887 4062 4124 4140 4223 4383 4423 4546 4551 4814 4819 5003 5103 5179 5194 5494 5576 5709 5776 5819 5882 5937 6012 6029 6320 6480 6596 7887
39 3249 3423 3482 3501 3519 3560 3623 3702 3716 3783 3803 3904 3905 4079 4163 4178 4266 4425 5306 4578 4598 4637 4838 4893 5001 5013 5123 5139 5271 5544 5684 5710 5715 5936 6028 6074 6371 6561 6614
40 3256 3492 3503 3575 5237 3598 3707 3733 3804 3821 3912 4055 4110 4262 4290 4293 4428 4603 4633 4723 4839 4843 5056 5098 5150 5267 5283 5607 5735 5765 5873 5946 5985 6013 6052 6159 6217 6390 6625 6632
38 3353 3384 3505 9366 3618 3682 3735 3744 3757 3830 3934 4003 4145 4204 4334 4430 4511 4617 4748 4883 4934 4955 5154 5186 5288 5321 5626 5753 5785 5872 5996 6011 6041 6161 6184 6498 6639 6835
39 3387 3425 3533 3551 3630 3640 3746 3764 3836 3847 3854 3871 4004 4025 4158 4241 4344 4456 4547 4713 4761 4970 5026 5205 5236 5335 5338 5623 5676 5792 5932 6022 6059 6068 6266 6332 6496 9109 6804
35 3448 3491 3562 3643 3694 3762 3844 3845 3858 4044 4174 4201 4374 4435 4515 4743 4813 4829 5027 5037 5212 5272 5362 5421 5563 5722 5814 5824 6076 6136 6169 6305 6435 6513 6898
39 3511 3592 3656 3659 3763 3855 3881 3917 4015 4048 4083 4185 4272 4292 4431 4564 4599 4855 5040 5252 5331 5357 5431 8703 5616 5656 5743 5762 6066 6077 6141 6181 6203 6377 6404 6542 6647 6843 7911
38 3516 3590 3628 3679 3811 3898 3907 3949 3997 4116 4117 4190 4289 4440 4519 4658 9739 4862 5067 5072 5076 5174 5295 5389 5463 5572 5641 5888 5902 6086 6201 6222 6308 6311 6564 6680 6952 9346
39 3611 3665 3693 3701 3866 3951 4001 4030 4069 4134 4193 4306 4363 9690 4443 4565 4582 4667 4925 4943 5095 5114 5239 5287 5340 5393 5630 5663 5892 5961 6080 6103 6251 6325 6327 6447 6626 6730 7207
36 3636 3704 3772 3781 3867 3953 3992 4005 4093 4137 4205 4247 4325 4460 4504 4591 4696 4919 4986 5006 5104 5248 5385 5399 5745 5754 5992 5995 6139 6260 6293 6358 6360 6573 6732 6810
39 3660 3709 3756 3782 3856 3899 3919 3954 4009 4104 4183 4221 4251 4263 4341 4489 4533 4612 4930 4992 5048 5075 5191 5270 5394 5419 5422 5554 5807 5871 6108 6209 6273 6335 6397 6633 6650 6942 7010
39 3766 3775 3914 3932 4046 4053 4175 4231 4264 4497 4544 4689 4914 5024 5073 5093 5122 5268 5299 5447 5464 5573 5617 5778 5858 5866 5933 6116 6239 6289 6317 6339 6415 6490 6637 6722 6737 6806 7162
38 3815 3827 3833 3921 3950 4050 4084 4144 4181 4273 4315 4348 4370 4388 4520 4657 4782 4825 5063 5135 5202 5214 5479 5484 5628 5631 5853 5891 5979 6019 6126 6254 6366 6495 6503 6673 6865 7021
40 3831 8057 3860 3877 3972 3987 4034 4123 4152 4252 4282 4356 4385 4396 4500 4579 4684 4835 5080 5108 5152 5220 5346 5356 5485 5487 5636 5920 6004 6047 6070 6241 6316 6408 6506 6755 6823 6955 6974 9556
39 3873 3878 4006 4151 4156 4165 4192 4278 4298 4358 4377 4432 4542 4647 4720 4873 5000 5219 5230 5373 5378 5493 5495 5655 5799 5929 6067 6081 6290 6342 6431 6499 6532 6533 6776 6842 6969 7049 7234
40 3875 3902 3929 3937 4068 4091 4186 4200 4302 4313 4394 4444 4457 4527 4652 4728 4869 4906 5162 5259 5409 5505 5539 5614 5688 5708 5923 6023 6034 6089 6355 6465 6478 6534 6654 6783 6821 6947 7063 8311
38 3883 3968 3991 4099 4195 4227 4304 4307 4395 4452 4483 4638 4665 4818 4892 5137 5200 5265 5426 5531 5627 5733 5931 6043 6095 6158 6391 6420 6501 6569 6577 6660 6667 6881 7002 7066 7134 9600
39 3922 4049 4057 4166 4214 4248 4309 4454 4521 4559 4679 4822 4921 4952 5249 5332 5367 5427 5504 5540 5541 5741 5773 5841 5927 5980 6107 6131 6196 6467 6579 6583 6619 6704 6784 6883 7004 7153 7215
42 4052 4060 4169 4217 4249 4250 4314 4323 4478 4524 4545 4588 4641 4792 4833 4898 4988 5291 5352 5417 5450 5546 5565 5567 5806 5825 5977 6020 6118 6194 6370 6455 6541 6602 6631 6709 6761 6988 7008 7123 7165 7194
35 4065 4071 4122 4170 4239 4286 4355 4486 4487 4550 4630 4736 4844 4990 5083 5347 5428 5581 5590 5594 5810 5899 6035 6132 6243 6259 6477 6560 6659 6717 6798 7174 7178 7187 7272
33 4077 4115 4238 4279 4311 4386 4391 4495 4530 4562 4856 4857 5106 5395 5438 5622 5642 5643 5957 6039 6054 6140 6144 6536 6592 6636 6661 6745 6833 6901 7029 7214 7260
35 4078 4107 4236 4246 4318 4400 4408 4553 4575 4640 4724 4888 5059 5124 5281 5441 5451 5646 5648 5755 5989 6058 6064 6165 6458 6593 6769 6782 6818 6867 6921 7050 7270 7315 7326
34 4114 4182 4303 4327 4436 4442 4567 4589 4799 4864 4941 5169 5282 5497 5652 5662 5884 6045 6083 6087 6193 6219 6333 6608 6662 6702 6774 6797 6943 7089 7246 7294 7341 9697
33 4141 4260 4338 4455 4560 4597 4642 4692 4874 4900 4945 5192 5290 5488 5664 5695 5730 5737 6050 6110 6195 6232 6247 6349 6642 6679 6799 6828 7090 7100 7319 7348 9154
36 4172 4189 4349 4392 4458 4480 4573 4621 4672 4880 4889 4958 4997 5035 5175 5309 5404 5405 5579 5716 5718 5758 5775 6009 6104 6120 6270 6346 6383 6694 6801 6832 7094 7107 7322 7417
31 4322 4390 4474 4507 4587 4627 4673 4703 4809 4931 5023 5036 5329 5411 5720 5727 5790 5982 6079 6124 6285 6372 6514 6723 6838 6907 7152 7156 7362 7422 7456
35 4433 4481 4535 4607 4622 4628 4722 4734 4938 5045 5100 5420 5442 5600 5732 5804 5842 5978 6146 6249 6307 6314 6373 6700 6733 6825 6848 6887 7019 7125 7166 7223 7399 7460 7555
32 4447 4503 4629 4636 4677 4745 4953 5053 5055 5189 5279 5480 5533 5611 5752 5943 5971 6078 6288 6336 6381 6401 6831 6852 6899 6909 7119 7280 7371 7424 7471 7641
37 4466 4469 4501 4568 4632 4650 4655 4697 4730 6105 4858 4969 5010 5068 5222 5311 5550 5661 5701 5761 5767 5786 6048 6119 6315 6343 6394 6468 6605 6855 6911 7048 7121 7386 7435 7474 7492
34 4473 4494 4574 4660 4710 4716 4795 4948 5071 5119 5238 5382 5578 5766 5782 5800 5808 6075 6111 6204 6326 6400 6443 6529 6549 6886 6917 6986 7052 7154 7332 7413 7478 7502
35 4523 4581 4616 4715 4739 4817 4903 4975 5079 5090 5133 5314 5501 5592 5770 5820 5962 6100 6134 6170 6334 6353 6417 6505 6558 6571 6805 6926 7055 7287 7411 7477 7521 7533 7540
35 4611 4634 4662 4717 4777 4784 4887 4942 5052 5105 5146 5183 5322 5397 5603 7785 5803 5833 5839 6156 6220 6376 6396 6476 6526 6589 6641 6913 7073 7074 8203 7453 7517 7537 7559
36 4661 4671 4751 4757 4834 4867 4983 5058 5157 5159 5235 5366 5412 5694 5768 5834 5840 5854 5972 6166 6223 6403 6487 6527 6604 6645 6934 7092 7101 7128 7289 7457 7518 7542 7568 7652
38 4754 4769 4802 4910 4926 5020 5022 5125 5163 5168 5277 5403 5413 5514 5699 5791 5847 5848 5909 5947 6006 6226 6302 6494 6678 6682 6685 6870 7017 7139 7228 7306 7354 7544 7553 7593 7608 7688
41 4760 4764 4765 4773 4824 4909 4933 5066 5138 5167 5170 5278 5355 5407 5509 5601 5818 5828 5852 5993 5994 6175 6282 6323 6438 6512 6695 6734 6788 6896 6987 7137 7140 7197 7342 7505 7604 7631 7654 7718 7917
37 4768 4794 4797 4808 9699 4896 4917 5005 5102 5166 5176 5293 5425 5508 5647 5869 5894 6026 6338 6350 6384 6518 6617 6725 6777 6803 6937 7034 7169 7224 7339 7376 7520 7583 7655 7722 9860
37 4796 4803 4957 4966 5051 5144 5188 5218 5223 5253 5301 5434 5547 5584 5890 6010 6024 6044 6208 6362 6365 6466 6712 6736 6839 6923 7085 7204 7252 7360 7524 7551 7595 7617 7677 7697 7756
39 4804 4807 4870 4996 5082 5224 5228 5274 5315 5474 5568 5906 5963 5998 6018 6063 6174 6380 6451 6607 6628 6724 6739 6775 6789 6949 7057 7113 7182 7301 7480 7601 7602 7731 7741 7772 7805 7806 8114
37 4830 4922 4951 5077 5086 5117 5229 5296 5343 5502 5597 5793 5951 6025 6114 6143 6228 6414 6432 6594 6621 6758 6759 6827 6894 7067 7145 7303 7445 7486 7616 7730 7738 7764 7837 7885 7936
37 4852 4949 4989 5041 5109 5116 5148 5302 5312 5390 5659 5687 6085 6098 6182 6291 6418 6439 6530 6714 6760 6792 6853 6958 7041 7198 7250 7389 7461 7512 7618 7683 7788 7789 7841 7886 8465
33 4891 4904 4974 5069 5112 5128 5181 5182 5303 5369 5510 5704 5983 6115 6129 6192 6345 6433 6539 6768 6863 6964 7070 7095 7302 7465 7498 7644 7647 7713 7801 7852 7899
36 4935 4994 5113 5115 5129 5207 5210 5307 5353 5376 5406 5523 5749 6033 6137 6253 6375 6450 6462 6611 6802 6877 6900 7051 7160 7211 7391 7501 7523 7711 7746 7791 7843 7861 7907 7996
39 4967 5008 5127 5153 5226 5251 5313 5318 5323 5396 5439 5700 5763 5856 6138 6145 6176 6272 6398 6453 6644 6653 6884 6938 6967 7023 7168 7193 7269 7451 7567 7600 7717 7770 7856 7900 7921 7947 8307
37 5014 5049 5136 5156 5185 5258 5308 5348 5424 5433 5457 5757 5821 5879 5904 6178 6187 6298 6337 6426 6540 6565 6807 6905 6939 7027 7083 7170 7254 7434 7562 7619 7659 7807 7903 7978 8009
41 5046 5057 5097 5130 5195 5263 5351 5435 8532 5506 5512 5822 5843 6069 6171 6183 6206 6213 6457 6471 6624 6629 6837 6850 6940 6946 7079 7098 7241 7255 7274 7444 7658 7666 7754 7810 7923 7926 7997 8062 8314
38 5062 5147 5149 5197 5213 5247 5333 5368 5446 5556 5570 5838 5900 6037 6191 6210 6238 6352 6406 6502 6670 6726 6861 6953 6962 7093 7127 7283 7293 7452 7687 7714 7868 7930 7938 7965 8151 8351
35 5160 5241 5310 5349 5400 5416 5436 5499 5587 5639 5772 5862 6185 6252 6354 6367 6378 6544 6591 6692 6696 6841 6924 6965 7040 7103 7208 7311 7454 7734 7951 7968 8037 8167 8180
36 5254 5262 5324 5334 5345 5423 5478 5596 5637 5878 5911 6225 6287 6368 6429 6484 6698 6930 6977 8321 7129 7133 7314 7366 7420 7530 7827 7857 7895 7970 7991 8011 8060 8092 8360 8385
36 5260 5266 5326 5336 5377 5448 5522 5580 5670 5742 5935 5975 6188 6318 6386 6510 6684 6706 6743 6968 7141 7225 7372 7446 7548 7594 7892 7897 7998 8002 8018 8024 8070 8132 8387 8395
36 5325 5354 5460 5520 5525 5542 5748 5969 5976 6268 6357 6434 6449 6460 6665 6701 6742 6786 6991 7143 7262 7325 7398 7535 7657 7902 7933 7967 8032 8043 8081 8105 8187 8216 8443 8909
35 5370 5383 5462 5476 5516 5585 5610 5759 5784 5887 6015 6277 6454 6486 6716 6749 6851 7069 7181 7210 7285 7333 7507 7565 7669 7736 7977 8045 8084 8100 8110 8225 8268 8470 9138
40 5371 5465 5467 5472 5483 5566 5612 5654 5682 5714 5850 6057 6084 6364 6456 6552 6646 6719 6757 6895 6998 7081 7217 7231 7350 7357 7547 7599 7686 7862 7987 8075 8112 8146 8164 8195 8228 8298 8479 8618
31 5455 5475 5492 5534 5680 5683 5796 5916 6097 6385 6574 6581 6721 6741 6772 7013 7053 7155 7221 7373 7550 7571 7627 7904 8010 8014 8165 8236 8270 8514 8629
38 5482 5524 5528 5529 5553 5632 5693 5706 5925 6036 6160 6331 6515 6585 6612 6809 6836 6846 7044 7124 7172 7206 7248 7410 7425 7582 7749 8030 8088 8179 8197 8244 8272 8290 8317 8548 8631 9163
35 5532 5537 5668 5713 9777 5726 5867 6099 6162 6163 6344 6531 6590 6648 6728 6735 6873 7012 7018 7184 7196 7292 7428 7447 7479 7640 7786 7814 8079 8104 8219 8305 8353 8412 8636
35 5535 5555 5583 5724 5744 5783 6112 6218 6236 6412 6606 6672 6674 6693 6763 8482 6811 6892 6945 7035 7102 7200 7218 7438 7476 7563 7797 7913 8102 8127 8241 8374 8539 8589 8696
36 5552 5557 5564 5653 5669 5797 5883 5901 6027 6128 6276 6472 6609 6651 6707 6780 6829 6908 6996 7058 7075 7212 7236 7353 7570 7573 7624 7634 7940 8136 8188 8247 8402 8619 8753 9212
38 5588 5595 5721 5751 5826 5829 5860 5912 6167 6205 6295 6300 6523 6666 6697 6773 6878 6915 7005 7088 7126 7271 7500 7578 7628 7646 7685 8021 8157 8275 8302 8306 8343 8409 8416 8501 8640 8799
36 5604 5608 5613 5794 5855 5868 5949 6049 6212 6312 6436 6567 6705 6813 6941 7025 7077 7167 7171 7307 7378 7514 7585 7632 7710 7783 7819 8069 8163 8287 8308 8363 8487 8574 8683 8805
39 5634 5645 5740 5881 5895 5940 5945 6211 6221 6244 6328 6535 6708 6711 9089 6814 6948 6993 7043 7114 7238 7310 7546 7591 7635 7684 7762 7821 8059 8326 8393 8515 8516 8582 8585 8743 8744 8816 9478
37 5673 5756 5771 5865 5898 5965 5968 5990 6267 6274 6361 6630 6715 6800 6849 6954 7072 7118 7130 7265 7385 7615 7626 7732 7825 7874 8071 8344 8411 8433 8520 8522 8533 8658 8682 8768 8879
40 5777 5801 5886 5903 5997 7116 6000 6242 6286 6359 6538 6550 6675 6795 6820 6862 6999 7104 7199 7515 7622 7673 7813 7823 7826 7971 8181 8209 8382 8427 8485 8527 8535 8559 8660 8731 8750 8771 8784 9204
36 5832 5837 5908 5917 5999 6016 6292 6299 6309 6446 6559 6740 6824 6872 6914 7000 7150 7157 7233 7276 7556 7676 7829 7832 7879 7964 8064 8212 8405 8456 8542 8554 8637 8774 8819 8932
32 5835 5914 6030 6032 6073 6341 6369 6393 6553 6584 6847 6860 6918 6989 7009 7237 7290 7431 7558 7733 7834 7848 7943 8048 8301 8340 8428 8555 8672 8776 8887 9577
35 5876 5938 6003 6092 6102 6113 6125 6389 6522 6615 6750 7032 7039 7059 7247 7298 7493 7564 7737 7836 7961 8056 8086 8091 8357 8449 8576 8606 8685 8695 8782 8830 8895 8898 9343
33 5939 5941 5967 6150 6177 6255 6395 6437 6652 7024 7036 7068 7108 7288 7321 7587 7692 7758 7778 7881 7999 8098 8312 8359 8467 8622 8648 8736 8770 8880 8918 8941 9255
40 5944 5966 6151 6168 6275 6278 6411 6427 6470 6764 7038 7046 7071 7076 7213 7300 7308 7312 7682 7763 7779 7889 7994 8107 8113 8161 8361 8430 8508 8632 8633 8747 8777 8810 8893 8959 9003 9015 9354 9558
37 5955 5973 5984 6155 6231 6322 6464 6500 6519 6547 6971 7062 7082 7188 7267 7344 7586 7725 7803 7898 8023 8034 8138 8303 8397 8473 8474 8647 8690 8779 8803 8935 8953 8986 9071 9161 9418
40 5959 6001 6093 6234 6237 6348 6485 6551 6616 6676 6793 7045 7091 7131 7195 7282 7346 7623 7853 7909 7912 8028 8041 8156 8198 8457 8521 8706 8742 8802 8823 8846 8979 9023 9064 9094 9100 9296 9410 9741
38 6021 6062 6152 6245 6258 6283 6379 6566 6634 6686 6744 7097 7135 7209 7257 7328 7340 7388 7491 7831 7924 7932 8082 8186 8199 8300 8403 8570 8600 8664 8729 8739 8772 8845 9080 9152 9188 9510
39 6056 6096 6154 6200 6250 6313 6481 6580 6618 6738 6874 7111 7268 7275 7345 7355 7429 7459 7532 7696 8031 8051 8087 8116 8119 8230 8444 8676 8738 8789 8811 8836 8955 8981 9134 9293 9330 9431 9700
34 6130 6198 6214 6265 6294 6351 6410 6520 6622 6643 6817 6866 7291 7305 7334 7370 7443 7612 7809 8129 8139 8155 8233 8271 8452 8735 8748 8818 8940 8987 9244 9349 9527 9770
35 6227 6257 6347 6363 6374 6407 6421 6658 6826 6919 6979 7304 7330 7336 7377 7404 7509 7701 8135 8158 8196 8259 8304 8524 8785 8838 8929 8965 9032 9041 9358 9388 9544 9782 9941
36 6229 6319 6382 6444 6516 6703 6859 6902 6944 7316 7352 7387 7400 7432 7549 7620 7844 8148 8168 8175 8226 8269 8291 8331 8525 8806 8853 8962 8994 9082 9143 9383 9438 9607 9799 9932
37 6261 6330 6402 6445 6556 6731 6779 6978 7078 7374 7407 7423 7525 7554 7589 7663 7859 8190 8276 8288 8310 8313 8496 8656 8822 8881 8888 8905 8985 9020 9065 9099 9398 9422 9444 9643 9802
37 6340 6392 6416 6459 6620 6657 6746 6990 6994 7117 7202 7390 7409 7450 7531 7596 7712 7860 7882 8242 8295 8333 8367 8419 8563 8767 8863 8922 9022 9034 9069 9112 9208 9452 9505 9650 9827
40 6423 6425 6463 6474 6493 6681 6753 6816 7022 7028 7278 7401 7419 7503 7645 7830 7884 7893 8254 8283 8319 8396 8420 8429 8608 8705 8817 8923 8951 9013 9036 9101 9124 9148 9320 9463 9474 9580 9768 9918
35 6424 6461 6475 6482 6748 6766 6822 7054 7110 7415 7455 7522 7766 7838 7846 7919 7953 8329 8370 8414 8491 8537 8571 8795 8930 8998 9061 9063 9170 9285 9353 9573 9615 9786 9958
34 6430 6488 6578 6623 6655 6767 6815 7061 7065 7296 7462 7472 7536 7771 7863 7941 7962 8007 8355 8362 8425 8626 8662 9009 9028 9062 9108 9181 9201 9476 9535 9586 9645 9837
37 6440 6497 6597 6640 6664 6765 6794 6912 7086 7240 7468 7597 7610 7672 7873 7949 7973 8109 8348 8373 8461 8480 8671 8674 9016 9048 9132 9167 9221 9253 9517 9542 9687 9723 9748 9838 9982
39 6507 6543 6557 6687 6778 6790 6844 6966 7149 7338 7369 7483 7614 7651 7753 7958 7989 8015 8066 8279 8422 8497 8519 8587 8684 8692 9105 9125 9146 9176 9198 9277 9557 9613 9698 9731 9829 9841 9914
42 6570 6603 6668 6720 6796 6819 6864 6868 6876 7201 7299 7347 7392 7580 7629 7661 7767 7802 7928 7983 8020 8038 8137 8475 8490 8498 8529 8534 8720 8800 8856 9137 9205 9225 9291 9524 9633 9679 9765 9767 9847 9969
37 6599 6975 6638 6669 6785 6857 6869 6922 6985 7239 7349 7379 7592 7664 7670 7727 7824 7990 8035 8115 8149 8338 8550 8578 8667 8702 8827 8839 8868 9142 9206 9301 9335 9572 9705 9866 9873
36 6613 6683 6770 6871 6889 6910 6995 7016 7203 7359 7489 7660 7671 7703 7709 7811 7906 8094 8185 8255 8597 8599 8614 8707 8869 9083 9210 9305 9306 9318 9450 9576 9710 9774 9869 9882
39 6781 6791 6879 6888 6890 6925 7020 7144 7147 7158 7361 7513 7541 7693 7743 7761 7815 7939 8106 8142 8378 8601 8610 8713 8757 8900 8921 8947 9171 9234 9259 9331 9364 9377 9759 9778 9894 9968 9995
36 6808 6812 6928 6936 6961 7026 7176 7327 7375 7526 7748 7755 7765 7816 7925 7935 8008 8189 8334 8426 8621 8688 8758 8804 8973 9005 9195 9226 9245 9348 9374 9582 9863 9900 9971 9991
34 6845 6891 6931 6970 6973 7177 7180 7249 7381 7406 7561 7784 7835 7847 7950 8222 8231 8436 8630 8732 8759 8764 8837 8866 8984 9085 9265 9275 9369 9379 9503 9620 9805 9904
34 6885 6897 6980 6983 7191 7232 7259 7408 7441 7598 7812 7875 7942 8047 8191 8248 8278 8371 8650 8762 8773 8843 8997 9088 9269 9341 9399 9433 9508 9637 9713 9912 9927 9987
35 6933 6950 6956 6992 7011 7042 7279 7286 7436 7464 7605 7777 7869 7876 8013 8089 8144 8335 8345 8390 8675 8780 8847 9017 9144 9199 9271 9298 9357 9472 9486 9661 9886 9934 9962
30 6982 7014 7084 7295 7383 7467 7751 7931 7955 8055 8122 8145 8337 8435 8509 8761 8796 8860 8867 9021 9046 9070 9162 9230 9319 9333 9539 9667 9953 9905
29 7015 7115 7120 7161 7442 7482 7538 7691 7872 7981 8004 8025 8147 8284 8352 8512 8787 8871 8908 9040 9156 9239 9373 9449 9550 9569 9819 9878 9978
29 7030 7031 7173 7183 7230 7485 7488 7607 7768 7891 8040 8131 8159 8294 8413 8639 8807 8882 8960 9066 9169 9174 9266 9294 9386 9468 9608 9631 9865
30 7047 7175 7219 7244 7323 7543 7637 7668 7800 7960 8000 8042 8123 8206 8214 8215 8446 8722 8883 8926 8972 9077 9262 9316 9396 9432 9479 9496 9610 9849
30 7080 7132 7148 7222 7253 7331 7650 7679 7866 7988 8001 8211 8213 8245 8296 8455 8538 8591 8864 8886 8975 9103 9295 9337 9401 9493 9603 9623 9652 9903
29 7136 7179 7251 7329 7351 7367 7667 7715 7870 7878 8076 8224 8253 8347 8448 8507 8752 8990 8999 9140 9276 9429 9516 9519 9574 9638 9680 9881 9948
32 7138 7186 7216 7335 7384 7449 7519 7721 7773 7880 8154 8249 8258 8260 8330 8552 8604 8605 8842 9002 9024 9047 9209 9297 9465 9473 9511 9521 9541 9605 9657 9924
31 7205 7313 7343 7358 7380 7575 7723 7790 7896 8022 8251 8274 8309 8318 8369 8573 8611 8686 8814 9050 9098 9323 9471 9487 9518 9530 9532 9639 9682 9691 9977
30 7229 7297 7394 7458 7579 7728 7910 7915 8235 8263 8325 8358 8391 8505 8616 8661 8691 8915 9060 9091 9119 9419 9426 9509 9551 9566 9649 9722 9789 9840
30 7245 7324 8835 7397 7475 7481 7699 7769 7842 7944 8256 8264 8398 8466 8476 8659 8665 8775 8925 9118 9122 9264 9427 9525 9597 9614 9663 9775 9879 9945
30 7277 7337 7395 7402 7552 7581 7742 7845 7865 8006 8050 8292 8316 8477 8499 8562 8666 8963 9008 9196 9197 9312 9513 9528 9534 9611 9644 9693 9834 9965
30 7318 7320 7382 7421 7611 7707 7952 7974 8012 8093 8322 8469 8483 8617 8677 8769 8801 8826 9010 9081 9232 9325 9387 9553 9567 9626 9641 9701 9711 9746
30 7418 7439 7496 7636 7894 7976 7980 8111 8201 8349 8377 8486 8493 8593 8628 8813 8821 8855 9160 9207 9252 9290 9400 9469 9560 9647 9653 9730 9749 9926
30 7426 7448 7529 7695 7698 7752 7986 8046 8176 8239 8365 8423 8518 8602 8760 8815 8824 8844 8956 9217 9256 9283 9355 9564 9596 9659 9676 9758 9897 9938
25 7487 7494 7638 7744 7985 7992 8072 8257 8281 8285 8441 8460 8652 8857 8859 8861 9135 9292 9570 9587 9776 9779 9783 9911 9944
27 7511 7566 7569 7798 8052 8108 8293 9467 8381 8488 8506 8528 8655 8668 8862 8877 8878 8899 8939 9261 9326 9421 9483 9624 9709 9807 9920
24 7539 7574 7708 7864 8003 8063 8162 8320 8410 8478 8517 8588 8689 8889 8892 8989 9043 9344 9424 9507 9630 9671 9846 9946
26 7545 7606 7720 7922 7982 8053 8193 8375 8417 8500 8553 8577 8700 8894 8907 9007 9068 9222 9381 9390 9588 9673 9717 9867 9901 9981
27 7576 7613 7704 7787 7929 8049 8074 8234 8418 8454 8572 8581 8627 8641 8912 8917 8943 8967 9072 9158 9365 9411 9430 9595 9683 9922 9928
28 7584 7633 7642 7793 7871 7979 8017 8083 8130 8421 8462 8526 8638 8840 8944 9012 9035 9092 9179 9414 9448 9453 9547 9617 9734 9823 9929 9985
23 7609 7760 7794 7918 8073 8120 8237 8445 8564 8609 8642 8874 8988 9051 9187 9278 9455 9552 9609 9616 9757 9794 9998
24 7643 7674 7822 7946 8080 8118 8261 8327 8471 8594 8634 8646 8723 8974 9067 9090 9116 9216 9218 9280 9666 9796 9830 9999
19 7653 7781 7984 8166 8297 8324 8438 8439 8649 8783 8993 9056 9087 9228 9287 9458 9668 9810 9852
22 7678 7828 7855 8121 8170 8356 8530 8584 8651 8673 8741 8812 9006 9110 9247 9249 9300 9464 9672 9681 9877 9996
22 7833 7849 7883 8152 8286 8481 8540 8615 8663 8679 8718 8791 9044 9126 9173 9303 9490 9694 9707 9712 9876 9736
20 7851 7901 7937 8125 8386 8431 8503 8547 8624 8681 8711 8726 8798 9078 9149 9153 9309 9501 9729 9923
18 7914 8044 8177 8400 8565 8613 8697 8714 8727 8828 9084 9178 9203 9368 9370 9618 9769 9800
19 7995 8128 8183 8432 8513 8586 8693 8746 8754 8831 8848 9186 9220 9231 9254 9372 9466 9824 9902
20 8033 8078 8085 8184 8207 8543 8733 8751 8756 8834 8914 9240 9260 9317 9412 9497 9651 9844 9845 9931
15 8090 8227 8566 8765 8790 8873 8920 9270 9327 9375 9502 9654 9655 9906 9959
16 8097 8172 8246 8440 8592 8766 8865 8897 8968 9182 9289 9314 9376 9482 9664 9704
20 8099 8267 8364 8447 8740 8778 8820 8833 8910 8913 8933 9059 9308 9420 9526 9575 9677 9750 9833 9862
21 8103 8220 8299 8315 8523 8710 8797 8841 8872 8884 8924 8958 9172 9324 9338 9442 9500 9529 9689 9703 9983
18 8141 8366 8590 8875 8885 8890 8906 8937 8970 9235 9272 9362 9436 9548 9562 9728 9809 9855
17 8372 8383 8472 8654 8870 8919 8936 8954 9147 9223 9315 9393 9415 9451 9593 9821 9871
16 8394 8492 8903 8949 8950 8966 8992 9165 9238 9350 9406 9425 9531 9720 9793 9857
18 8404 8406 8657 8927 8934 9019 9033 9076 9096 9229 9356 9394 9437 9499 9660 9771 9908 9952
18 8407 8468 8948 8952 9039 9052 9095 9097 9241 9302 9395 9457 9495 9733 9737 9815 9917 9993
16 8424 8453 8502 8504 8969 8977 9042 9073 9115 9242 9391 9461 9491 9798 9818 9839
15 8450 8544 8545 8568 8971 9075 9079 9120 9139 9258 9456 9477 9554 9842 9979
12 8546 8579 9037 9123 9190 9485 9533 9583 9762 9851 9883 9910
12 8551 8653 9104 9128 9129 9219 9263 9494 9540 9619 9853 9921
12 8561 8669 8730 9117 9130 9150 9268 9546 9599 9675 9854 9970
12 8595 8698 8961 9131 9175 9286 9397 9565 9622 9725 9781 9976
14 8598 8607 9031 9136 9200 9224 9273 9322 9484 9571 9648 9753 9949 9994
11 8644 8786 9157 9202 9251 9378 9428 9585 9745 9898 9939
12 8724 8896 9213 9227 9304 9382 9384 9520 9590 9665 9795 9880
12 8725 8858 8980 9248 9352 9515 9549 9678 9803 9864 9936 9954
12 8854 9014 9155 9257 9336 9408 9592 9621 9625 9719 9892 9990
12 8946 9038 9288 9361 9492 9506 9612 9629 9721 9825 9955 9989
11 9053 9054 9166 9441 9522 9559 9627 9640 9831 9909 9790
12 9058 9106 9194 9417 9470 9568 9606 9669 9752 9773 9961 9915
10 9111 9211 9243 9561 9632 9636 9735 9754 9772 9907
11 9141 9246 9360 9440 9584 9646 9702 9751 9761 9963 9974
10 9145 9151 9282 9460 9591 9685 9732 9785 9811 9899
10 9159 9284 9445 9589 9743 9747 9755 9816 9980 9817
9 9168 9328 9447 9688 9756 9804 9806 9836 9884
8 9180 9340 9443 9498 9787 9951 9956 9967
6 9189 9538 9718 9791 9933 9966
6 9191 9215 9594 9727 9820 9984
5 9351 9371 9826 9850 9942
5 9392 9581 9601 9868 9988
3 9413 9662 9887
3 9670 9692 9913
3 9714 9740 9960
3 9738 9742 9764
2 9814 9858
3 9822 9861 9957
2 9832 9872
1 9888
1 9925
0
0
0
0
0
0
0
0
0
0
0
0
0
0
0
0
0
0
0
0
0
0
0
0
0
0
0
0
0
0
0
0
0
0
0
0
