5027
0 0 3 1
0 2 1 5
0 6 8 6
0 7 1 11
0 12 1 15
0 16 3 17
0 18 3 19
0 20 7 20
0 21 1 24
0 25 7 25
0 26 3 27
0 28 8 28
0 29 7 29
0 30 7 30
0 31 7 31
0 32 2 34
0 35 0 44
0 45 3 46
0 47 3 48
0 49 3 50
0 51 3 52
0 53 1 56
0 57 7 57
0 58 8 58
0 59 3 60
0 61 8 61
0 62 3 63
0 64 8 64
0 65 3 66
0 67 3 68
0 69 0 76
0 77 3 78
0 79 0 86
0 87 1 91
0 92 3 93
0 94 3 95
0 96 3 97
0 98 8 98
0 99 7 99
0 100 0 107
0 108 2 110
0 111 3 112
0 113 3 114
0 115 3 116
0 117 3 118
0 119 0 126
0 127 7 127
0 128 3 129
0 130 7 130
0 131 7 131
0 132 7 132
0 133 9 133
0 134 0 143
0 144 0 151
0 152 8 152
0 153 7 153
0 154 7 154
0 155 0 164
0 165 0 173
0 174 3 175
0 176 3 177
0 178 8 178
0 179 1 182
0 183 7 183
0 184 7 184
0 185 3 186
0 187 8 187
0 188 8 188
0 189 7 189
0 190 3 191
0 192 7 192
0 193 4 194
0 195 10 195
0 196 0 205
0 206 7 206
0 207 3 208
0 209 3 210
0 211 2 213
0 214 7 214
0 215 7 215
0 216 3 217
0 218 7 218
0 219 1 222
0 223 3 224
0 225 8 225
0 226 0 234
0 235 8 235
0 236 2 238
0 239 1 242
0 243 7 243
0 244 3 245
0 246 9 246
0 247 7 247
0 248 4 249
1 35 1 42
1 43 8 43
1 44 9 44
1 71 9 71
1 72 11 72
1 73 9 73
1 74 8 74
1 75 5 76
1 79 2 83
1 84 4 85
1 100 4 101
1 102 4 103
1 104 12 104
1 105 3 107
1 119 2 122
1 123 2 126
1 134 4 135
1 136 9 136
1 137 3 139
1 140 8 140
1 141 1 148
1 149 11 149
1 150 10 150
1 151 9 151
1 155 3 157
1 158 8 158
1 159 3 161
1 162 4 163
1 164 4 165
1 166 4 167
1 168 4 169
1 170 2 173
1 196 10 196
1 197 9 197
1 198 9 198
1 199 8 199
1 200 2 204
1 205 12 205
1 226 3 228
1 229 4 230
1 231 8 231
1 232 4 233
1 234 9 234
2 2 4 4
2 5 10 5
2 7 13 7
2 8 10 8
2 9 3 12
2 13 5 14
2 15 10 15
2 21 13 21
2 22 5 23
2 24 11 24
2 35 4 37
2 38 4 40
2 41 9 41
2 42 10 42
2 53 9 53
2 54 4 56
2 86 3 90
2 91 9 91
2 141 3 144
2 145 4 147
2 148 9 148
2 179 5 180
2 181 9 181
2 219 3 222
2 239 12 239
2 240 5 241
2 242 11 242
3 32 6 33
3 34 11 34
3 69 14 69
3 79 5 81
3 82 10 82
3 83 12 83
3 108 6 109
3 119 8 120
3 121 5 123
3 124 6 125
3 126 10 126
3 170 4 173
3 182 14 182
3 200 5 202
3 203 13 203
3 204 10 204
3 212 7 213
3 236 12 236
3 237 12 237
3 238 14 238
4 0 14 0
4 1 14 1
4 9 7 10
4 11 11 11
4 12 15 12
4 16 13 16
4 17 6 19
4 26 8 27
4 45 13 45
4 46 5 49
4 50 13 50
4 51 13 51
4 52 12 52
4 59 7 60
4 62 11 62
4 63 11 63
4 65 7 66
4 67 8 68
4 77 11 77
4 78 14 78
4 86 8 87
4 88 6 90
4 92 7 93
4 94 11 94
4 95 7 96
4 105 12 105
4 106 13 106
4 107 12 107
4 110 5 113
4 114 5 117
4 118 12 118
4 128 11 128
4 137 7 138
4 139 14 139
4 141 9 142
4 143 14 143
4 144 12 144
4 155 12 155
4 156 8 157
4 159 8 160
4 161 12 161
4 174 7 176
4 177 11 177
4 185 8 186
4 190 11 190
4 191 15 191
4 207 8 208
4 209 7 210
4 211 15 211
4 217 12 217
4 219 7 220
4 221 7 222
4 223 8 224
4 226 9 227
4 228 11 228
4 244 8 245
5 2 8 3
5 4 16 4
5 35 6 38
5 39 12 39
5 40 12 40
5 54 9 55
5 56 12 56
5 84 8 85
5 97 16 97
5 100 8 101
5 102 9 103
5 134 14 134
5 135 14 135
5 146 12 146
5 162 5 170
5 171 12 171
5 172 13 172
5 173 13 173
5 193 12 193
5 194 12 194
5 230 13 230
5 232 12 232
5 233 14 233
5 248 15 248
5 249 14 249
6 13 9 14
6 22 14 22
6 46 13 46
6 47 10 48
6 49 13 49
6 75 13 75
6 76 13 76
6 79 9 80
6 81 17 81
6 110 17 110
6 111 7 115
6 116 13 116
6 117 17 117
6 121 9 122
6 123 16 123
6 145 17 145
6 162 6 169
6 170 16 170
6 180 15 180
6 200 8 202
6 240 13 240
7 17 9 19
7 32 14 32
7 33 14 33
7 35 14 35
7 36 10 37
7 38 18 38
7 70 18 70
7 88 11 89
7 90 18 90
7 108 12 109
7 124 10 125
7 162 14 162
7 163 10 164
7 165 14 165
7 166 14 166
7 167 15 167
7 168 14 168
7 169 15 169
7 216 18 216
7 229 18 229
8 9 13 10
8 20 15 20
8 25 16 25
8 29 16 29
8 30 16 30
8 31 16 31
8 57 17 57
8 59 15 59
8 60 16 60
8 65 11 66
8 92 15 92
8 95 12 96
8 99 17 99
8 111 16 111
8 112 9 115
8 127 15 127
8 129 9 132
8 137 17 137
8 138 15 138
8 153 16 153
8 154 19 154
8 174 11 175
8 176 19 176
8 183 12 184
8 189 15 189
8 192 15 192
8 206 17 206
8 209 12 210
8 212 15 212
8 213 10 215
8 218 15 218
8 219 15 219
8 220 19 220
8 221 18 221
8 222 19 222
8 243 17 243
8 247 16 247
9 2 12 3
9 6 18 6
9 26 13 27
9 28 20 28
9 43 17 43
9 58 17 58
9 61 17 61
9 64 16 64
9 67 12 68
9 74 17 74
9 84 10 87
9 93 20 93
9 98 17 98
9 100 13 101
9 119 19 119
9 120 20 120
9 140 17 140
9 152 19 152
9 156 10 159
9 160 20 160
9 178 20 178
9 185 10 188
9 199 16 199
9 200 13 201
9 207 16 207
9 208 19 208
9 223 11 225
9 231 19 231
9 235 16 235
9 241 20 241
9 244 17 244
9 245 18 245
10 13 18 13
10 17 19 17
10 19 19 19
10 23 21 23
10 41 21 41
10 44 18 44
10 53 13 54
10 55 20 55
10 71 20 71
10 73 17 73
10 79 14 80
10 91 18 91
10 102 17 102
10 112 11 115
10 121 13 122
10 129 11 133
10 136 19 136
10 141 18 141
10 142 17 142
10 147 13 148
10 151 20 151
10 179 21 179
10 181 18 181
10 197 20 197
10 198 18 198
10 234 19 234
10 246 19 246
11 5 22 5
11 8 22 8
11 14 15 15
11 18 22 18
11 36 20 36
11 37 22 37
11 42 19 42
11 47 18 47
11 48 18 48
11 82 22 82
11 84 12 87
11 124 15 125
11 126 20 126
11 150 20 150
11 156 14 157
11 158 19 158
11 159 21 159
11 163 16 164
11 185 18 185
11 186 20 186
11 187 20 187
11 188 18 188
11 195 18 195
11 196 19 196
11 204 21 204
11 213 16 214
11 215 21 215
11 226 22 226
12 11 20 11
12 24 19 24
12 34 19 34
12 62 19 62
12 63 20 63
12 65 21 65
12 66 20 66
12 72 22 72
12 77 19 77
12 88 15 89
12 94 20 94
12 112 20 112
12 113 16 114
12 115 21 115
12 128 13 132
12 149 19 149
12 174 15 175
12 177 20 177
12 190 23 190
12 202 23 202
12 223 14 225
12 227 17 228
12 242 22 242
13 2 16 3
13 39 23 39
13 40 23 40
13 52 20 52
13 56 23 56
13 67 23 67
13 68 23 68
13 83 14 87
13 95 17 96
13 103 18 104
13 105 20 105
13 107 21 107
13 108 23 108
13 109 21 109
13 118 22 118
13 133 24 133
13 144 23 144
13 146 22 146
13 155 23 155
13 161 24 161
13 171 21 171
13 184 22 184
13 193 21 193
13 194 22 194
13 209 16 210
13 217 21 217
13 232 24 232
13 236 17 237
13 239 21 239
14 9 21 9
14 10 24 10
14 16 25 16
14 26 21 26
14 27 21 27
14 45 18 46
14 49 18 50
14 51 21 51
14 53 21 53
14 54 22 54
14 75 19 76
14 100 21 100
14 101 23 101
14 106 21 106
14 116 21 116
14 121 17 122
14 128 16 130
14 131 18 132
14 147 19 148
14 172 22 172
14 173 22 173
14 183 25 183
14 200 23 200
14 201 25 201
14 203 22 203
14 230 22 230
14 240 25 240
15 0 20 1
15 21 19 22
15 32 18 33
15 35 26 35
15 78 26 78
15 79 19 80
15 83 20 84
15 85 18 86
15 87 25 87
15 134 18 135
15 139 25 139
15 143 23 143
15 156 18 157
15 162 26 162
15 165 20 166
15 168 24 168
15 182 22 182
15 223 17 225
15 233 26 233
15 238 22 238
15 249 23 249
16 12 26 12
16 14 27 14
16 15 24 15
16 20 24 20
16 59 25 59
16 69 27 69
16 88 19 89
16 92 23 92
16 124 20 125
16 127 24 127
16 138 24 138
16 167 27 167
16 169 27 169
16 174 19 175
16 180 23 180
16 189 23 189
16 191 23 191
16 192 23 192
16 205 27 205
16 211 20 212
16 218 20 219
16 248 23 248
17 2 25 2
17 3 24 3
17 4 28 4
17 25 25 25
17 29 19 31
17 60 24 60
17 64 28 64
17 97 28 97
17 111 27 111
17 113 27 113
17 114 27 114
17 123 24 123
17 128 19 130
17 153 28 153
17 163 24 163
17 164 24 164
17 170 28 170
17 199 28 199
17 207 24 207
17 209 22 210
17 213 24 213
17 235 26 235
17 247 26 247
18 7 29 7
18 43 25 43
18 57 21 58
18 61 25 61
18 73 27 73
18 74 25 74
18 81 29 81
18 95 26 95
18 96 26 96
18 98 25 98
18 99 27 99
18 102 28 102
18 110 26 110
18 117 29 117
18 121 22 122
18 137 29 137
18 140 25 140
18 142 29 142
18 145 27 145
18 206 25 206
18 223 25 223
18 224 22 225
18 227 21 228
18 236 25 236
18 237 29 237
18 243 22 244
19 6 26 6
19 13 28 13
19 32 23 33
19 38 26 38
19 44 23 45
19 46 20 50
19 85 22 86
19 90 22 91
19 103 22 104
19 131 22 132
19 134 24 135
19 141 26 141
19 156 23 157
19 181 26 181
19 185 27 185
19 188 29 188
19 195 30 195
19 198 30 198
19 216 26 216
19 221 27 221
19 229 29 229
19 245 26 245
20 17 29 17
20 19 27 19
20 21 24 22
20 24 29 24
20 29 22 31
20 34 27 34
20 42 28 42
20 62 29 62
20 70 31 70
20 75 22 77
20 79 24 80
20 88 23 89
20 119 30 119
20 128 29 128
20 129 23 130
20 136 31 136
20 147 27 147
20 148 28 148
20 149 28 149
20 152 31 152
20 158 28 158
20 174 31 174
20 175 31 175
20 176 30 176
20 196 27 196
20 208 28 208
20 220 28 220
20 222 27 222
20 231 31 231
20 234 27 234
20 246 28 246
21 0 24 1
21 11 29 11
21 36 28 36
21 46 32 46
21 47 23 49
21 52 29 52
21 55 32 55
21 63 29 63
21 66 30 66
21 71 30 71
21 84 30 84
21 93 25 94
21 105 30 105
21 112 28 112
21 120 30 120
21 124 26 125
21 126 32 126
21 150 24 151
21 154 32 154
21 165 29 165
21 166 28 166
21 177 30 177
21 178 28 178
21 186 24 187
21 197 31 197
21 211 24 212
21 218 30 218
21 219 32 219
21 241 28 241
22 9 32 9
22 23 29 23
22 26 24 28
22 41 29 41
22 50 26 51
22 53 32 53
22 57 26 58
22 65 30 65
22 100 29 100
22 106 30 106
22 107 32 107
22 109 29 109
22 115 29 115
22 116 32 116
22 159 26 160
22 171 29 171
22 179 32 179
22 193 29 193
22 204 33 204
22 214 25 215
22 217 30 217
22 227 26 228
22 239 29 239
23 5 34 5
23 8 33 8
23 18 32 18
23 29 25 31
23 37 30 37
23 54 34 54
23 72 34 72
23 75 25 77
23 82 26 83
23 85 26 86
23 90 26 91
23 103 26 104
23 118 30 118
23 121 33 121
23 122 30 122
23 131 26 132
23 146 34 146
23 172 30 172
23 173 31 173
23 182 31 182
23 184 33 184
23 194 32 194
23 203 31 203
23 209 30 209
23 210 30 210
23 224 25 226
23 230 31 230
23 238 32 238
23 242 26 243
23 244 31 244
24 32 32 32
24 33 35 33
24 39 33 39
24 40 35 40
24 44 27 45
24 47 27 48
24 49 32 49
24 56 35 56
24 67 35 67
24 68 34 68
24 88 31 88
24 89 33 89
24 92 33 92
24 101 32 101
24 108 35 108
24 129 27 130
24 143 28 144
24 155 31 155
24 156 27 157
24 180 33 180
24 189 32 189
24 190 26 192
24 200 31 200
24 202 33 202
24 248 32 248
24 249 34 249
25 0 34 0
25 1 34 1
25 3 33 3
25 10 36 10
25 15 34 15
25 20 28 21
25 26 33 26
25 27 28 28
25 60 33 60
25 79 29 80
25 123 35 123
25 127 33 127
25 133 27 135
25 138 33 138
25 150 34 150
25 151 35 151
25 161 32 161
25 163 34 163
25 164 35 164
25 168 33 168
25 186 34 186
25 187 34 187
25 207 35 207
25 211 33 211
25 212 28 213
26 2 37 2
26 16 34 16
26 25 35 25
26 29 28 31
26 43 35 43
26 59 33 59
26 61 34 61
26 74 31 75
26 76 29 77
26 87 35 87
26 93 29 94
26 98 36 98
26 139 30 140
26 183 33 183
26 201 36 201
26 206 34 206
26 214 29 215
26 223 27 226
26 236 37 236
26 240 37 240
27 6 34 6
27 12 34 12
27 38 34 38
27 50 31 51
27 57 37 57
27 58 34 58
27 78 34 78
27 82 36 82
27 83 37 83
27 85 35 85
27 90 31 91
27 95 34 95
27 96 37 96
27 103 34 103
27 104 38 104
27 110 37 110
27 124 38 124
27 125 34 125
27 131 32 132
27 141 35 141
27 159 37 159
27 162 35 162
27 181 34 181
27 190 36 190
27 191 37 191
27 192 36 192
27 216 37 216
27 227 32 228
27 232 32 233
27 235 38 235
27 242 30 243
27 245 35 245
27 247 38 247
28 14 39 14
28 19 37 19
28 22 39 22
28 34 36 34
28 44 35 44
28 47 35 47
28 48 38 48
28 69 36 69
28 73 38 73
28 99 39 99
28 111 37 111
28 113 33 114
28 129 33 130
28 133 30 135
28 145 35 145
28 147 39 147
28 156 31 157
28 160 39 160
28 167 35 167
28 185 37 185
28 196 38 196
28 205 38 205
28 221 35 221
28 222 38 222
28 223 33 224
28 225 32 226
28 234 35 234
29 13 40 13
29 20 37 20
29 27 30 30
29 31 36 31
29 35 33 36
29 42 36 42
29 64 38 64
29 97 37 97
29 102 37 102
29 112 36 112
29 143 40 143
29 144 38 144
29 148 32 149
29 158 40 158
29 166 39 166
29 169 33 170
29 178 36 178
29 208 40 208
29 212 39 212
29 213 36 213
29 220 36 220
29 241 39 241
29 246 36 246
30 7 37 7
30 11 37 11
30 17 38 17
30 21 41 21
30 23 38 23
30 24 41 24
30 41 37 41
30 52 41 52
30 62 34 63
30 76 37 76
30 77 39 77
30 79 32 81
30 93 37 93
30 94 37 94
30 100 41 100
30 109 37 109
30 115 41 115
30 117 38 117
30 128 37 128
30 137 37 137
30 142 37 142
30 165 39 165
30 171 41 171
30 188 38 188
30 193 38 193
30 214 33 215
30 229 38 229
30 237 37 237
30 239 38 239
31 27 35 28
31 29 42 29
31 30 38 30
31 37 40 37
31 65 38 65
31 66 40 66
31 71 42 71
31 84 40 84
31 105 42 105
31 106 39 106
31 118 34 119
31 120 40 120
31 122 41 122
31 133 38 133
31 134 34 135
31 139 34 140
31 172 42 172
31 176 41 176
31 177 41 177
31 198 39 198
31 209 39 209
31 210 39 210
31 217 34 218
31 242 38 242
31 243 40 243
32 50 35 51
32 74 42 74
32 75 42 75
32 86 43 86
32 88 40 88
32 91 39 91
32 136 39 136
32 152 40 152
32 155 36 156
32 157 40 157
32 173 39 173
32 174 43 174
32 182 41 182
32 197 39 197
32 200 41 200
32 203 40 203
32 230 39 230
32 231 39 231
32 244 40 244
33 9 41 9
33 18 41 18
33 32 40 32
33 49 40 49
33 53 44 53
33 55 41 55
33 79 40 79
33 80 40 80
33 81 43 81
33 101 42 101
33 107 40 107
33 116 40 116
33 126 41 126
33 131 40 131
33 148 41 148
33 149 41 149
33 154 40 154
33 161 43 161
33 179 42 179
33 189 44 189
33 194 36 195
33 219 43 219
33 225 35 227
33 228 40 228
33 232 37 233
33 238 44 238
33 248 42 248
34 3 44 3
34 8 41 8
34 26 45 26
34 35 42 35
34 36 43 36
34 39 45 39
34 59 37 60
34 70 45 70
34 89 42 89
34 92 43 92
34 113 39 114
34 121 41 121
34 127 44 127
34 129 44 129
34 130 44 130
34 138 43 138
34 168 36 170
34 180 42 180
34 183 38 184
34 202 45 202
34 211 44 211
34 214 37 215
34 223 42 223
34 224 42 224
35 0 39 1
35 4 37 6
35 12 42 12
35 15 44 15
35 16 44 16
35 38 42 38
35 54 42 54
35 58 42 58
35 61 44 61
35 62 46 62
35 63 43 63
35 68 42 68
35 78 43 78
35 95 44 95
35 103 44 103
35 118 40 119
35 125 43 125
35 134 38 135
35 139 43 139
35 140 44 140
35 146 44 146
35 150 45 150
35 163 43 163
35 181 42 181
35 186 39 187
35 199 46 199
35 204 46 204
35 206 44 206
35 217 45 217
35 249 46 249
36 25 44 25
36 27 39 28
36 33 44 33
36 43 44 43
36 44 44 44
36 45 41 46
36 47 43 47
36 50 39 51
36 67 43 67
36 72 47 72
36 85 43 85
36 87 44 87
36 90 47 90
36 108 44 108
36 123 44 123
36 141 47 141
36 145 43 145
36 151 45 151
36 162 46 162
36 164 43 164
36 167 46 167
36 207 47 207
36 218 47 218
36 221 44 221
36 225 40 226
36 227 46 227
36 234 43 234
36 245 47 245
37 31 46 31
37 34 44 34
37 42 45 42
37 69 45 69
37 82 48 82
37 98 46 98
37 112 45 112
37 155 40 156
37 168 45 168
37 169 40 170
37 178 48 178
37 190 48 190
37 192 47 192
37 194 47 194
37 195 47 195
37 201 47 201
37 213 45 213
37 220 44 220
37 246 44 246
38 2 46 2
38 4 39 7
38 10 41 11
38 19 41 20
38 40 49 40
38 41 45 41
38 57 47 57
38 59 41 60
38 76 49 76
38 83 49 83
38 93 42 94
38 96 42 97
38 102 49 102
38 109 46 109
38 110 42 111
38 128 46 128
38 137 45 137
38 142 47 142
38 159 49 159
38 185 47 185
38 191 45 191
38 214 40 216
38 232 41 233
38 236 41 237
38 240 48 240
39 17 46 17
39 23 50 23
39 30 50 30
39 48 49 48
39 64 47 64
39 65 48 65
39 73 50 73
39 104 48 104
39 117 48 117
39 124 46 124
39 132 44 133
39 134 42 135
39 144 47 144
39 153 50 153
39 183 43 184
39 188 49 188
39 193 47 193
39 196 47 196
39 205 47 205
39 222 46 222
39 229 50 229
39 235 46 235
39 239 50 239
39 242 46 242
39 247 50 247
40 1 48 1
40 4 43 5
40 6 47 6
40 7 49 7
40 14 49 14
40 22 49 22
40 27 48 27
40 28 47 28
40 50 44 51
40 77 48 77
40 91 48 91
40 99 49 99
40 106 47 106
40 113 49 113
40 114 48 114
40 136 50 136
40 147 48 147
40 160 47 160
40 165 43 166
40 173 48 173
40 186 43 187
40 197 49 197
40 198 47 198
40 209 45 210
40 212 51 212
40 230 50 230
40 231 47 231
40 241 48 241
41 13 48 13
41 32 50 32
41 37 48 37
41 49 49 49
41 66 52 66
41 79 48 79
41 80 48 80
41 84 50 84
41 88 49 88
41 107 52 107
41 116 48 116
41 119 49 119
41 120 48 120
41 131 48 131
41 152 52 152
41 154 43 156
41 157 48 157
41 158 50 158
41 169 48 169
41 170 50 170
41 203 50 203
41 208 50 208
41 214 44 215
41 225 50 225
41 226 51 226
41 228 50 228
41 243 45 244
42 0 53 0
42 8 44 10
42 11 49 11
42 18 53 18
42 19 44 21
42 24 50 24
42 45 50 45
42 46 52 46
42 52 51 52
42 55 50 55
42 59 45 60
42 115 51 115
42 121 46 122
42 126 50 126
42 148 49 148
42 149 53 149
42 171 49 171
42 175 45 176
42 177 51 177
42 182 52 182
42 200 49 200
42 216 53 216
42 232 50 232
42 233 49 233
42 236 45 237
43 12 51 12
43 29 50 29
43 35 54 35
43 38 50 38
43 54 51 54
43 58 50 58
43 68 50 68
43 71 51 71
43 74 46 75
43 89 54 89
43 93 46 94
43 96 47 97
43 100 46 101
43 105 51 105
43 110 51 110
43 111 51 111
43 118 54 118
43 134 53 134
43 135 51 135
43 172 53 172
43 179 45 181
43 223 47 224
43 248 53 248
44 4 47 5
44 36 51 36
44 47 51 47
44 63 51 63
44 67 53 67
44 78 53 78
44 81 52 81
44 85 48 86
44 92 55 92
44 125 52 125
44 138 47 139
44 145 53 145
44 154 55 154
44 155 48 156
44 161 53 161
44 163 47 164
44 165 47 166
44 174 55 174
44 183 47 184
44 186 47 187
44 219 55 219
44 234 55 234
45 3 52 3
45 8 47 10
45 15 53 15
45 16 53 16
45 19 47 21
45 25 56 25
45 33 48 34
45 43 48 44
45 50 53 50
45 51 52 51
45 61 52 61
45 87 55 87
45 95 52 95
45 103 54 103
45 108 52 108
45 123 56 123
45 127 54 127
45 129 49 130
45 132 49 133
45 140 52 140
45 143 56 143
45 146 52 146
45 206 52 206
45 211 54 211
45 214 49 215
45 220 48 221
45 238 52 238
45 246 55 246
46 26 55 26
46 39 55 39
46 41 53 41
46 42 53 42
46 53 57 53
46 59 53 59
46 60 53 60
46 69 53 69
46 70 57 70
46 112 56 112
46 137 53 137
46 150 53 150
46 151 53 151
46 168 56 168
46 176 55 176
46 179 53 179
46 180 49 181
46 189 57 189
46 191 53 191
46 213 53 213
46 217 57 217
46 236 50 237
46 244 57 244
47 2 57 2
47 17 54 17
47 31 56 31
47 56 58 56
47 62 57 62
47 74 50 75
47 93 56 93
47 94 56 94
47 98 54 98
47 100 50 101
47 109 55 109
47 121 52 122
47 124 56 124
47 128 56 128
47 162 54 162
47 167 55 167
47 199 57 199
47 202 58 202
47 204 55 204
47 222 56 222
47 227 57 227
47 235 54 235
47 242 55 242
48 4 51 5
48 6 59 6
48 8 50 10
48 19 57 19
48 20 59 20
48 21 59 21
48 28 56 28
48 57 56 57
48 64 57 64
48 72 55 72
48 90 55 90
48 96 55 96
48 97 58 97
48 106 55 106
48 138 56 138
48 139 55 139
48 141 58 141
48 142 57 142
48 144 56 144
48 160 57 160
48 163 56 163
48 164 52 165
48 166 59 166
48 183 55 183
48 184 55 184
48 185 56 185
48 186 57 186
48 187 57 187
48 192 51 193
48 194 50 196
48 198 56 198
48 201 59 201
48 205 58 205
48 223 56 223
48 224 55 224
48 231 56 231
48 249 59 249
49 1 59 1
49 13 58 13
49 27 57 27
49 33 58 33
49 34 60 34
49 37 59 37
49 43 52 44
49 65 59 65
49 77 60 77
49 79 57 79
49 80 57 80
49 85 53 86
49 91 58 91
49 104 56 104
49 114 60 114
49 116 60 116
49 117 57 117
49 120 60 120
49 131 57 131
49 147 59 147
49 155 57 155
49 156 54 157
49 169 58 169
49 173 60 173
49 178 60 178
49 220 56 220
49 221 56 221
49 240 53 241
49 245 60 245
50 7 59 7
50 11 60 11
50 14 58 14
50 22 60 22
50 40 59 40
50 48 54 49
50 76 57 76
50 82 53 83
50 88 61 88
50 99 58 99
50 102 61 102
50 113 58 113
50 119 60 119
50 129 54 130
50 132 54 133
50 148 61 148
50 171 58 171
50 180 53 181
50 188 60 188
50 197 61 197
50 200 58 200
50 207 61 207
50 209 61 209
50 214 58 214
50 215 57 215
50 218 61 218
50 233 57 233
51 8 54 9
51 10 60 10
51 23 55 24
51 29 54 30
51 32 60 32
51 38 60 38
51 45 62 45
51 55 58 55
51 58 62 58
51 68 60 68
51 73 54 74
51 75 58 75
51 84 61 84
51 100 58 100
51 101 61 101
51 126 62 126
51 136 60 136
51 153 59 153
51 158 58 158
51 170 62 170
51 194 55 195
51 196 61 196
51 203 59 203
51 208 60 208
51 210 62 210
51 225 58 225
51 228 54 229
51 230 61 230
51 232 58 232
51 237 62 237
51 239 62 239
51 243 62 243
51 247 59 247
52 4 60 4
52 5 60 5
52 12 59 12
52 36 60 36
52 47 63 47
52 52 63 52
52 54 62 54
52 63 61 63
52 71 61 71
52 105 59 105
52 110 56 111
52 115 63 115
52 135 62 135
52 175 63 175
52 177 61 177
52 192 62 192
52 193 62 193
52 212 61 212
52 226 63 226
53 3 62 3
53 43 64 43
53 44 60 44
53 46 60 46
53 51 62 51
53 61 62 61
53 66 63 66
53 81 64 81
53 95 60 95
53 107 63 107
53 108 63 108
53 122 61 122
53 125 60 125
53 140 60 140
53 146 62 146
53 159 64 159
53 164 60 164
53 165 60 165
53 182 64 182
53 206 61 206
53 238 63 238
54 0 63 0
54 15 59 16
54 41 58 42
54 50 65 50
54 59 57 60
54 67 61 67
54 69 62 69
54 78 62 78
54 82 57 83
54 85 62 85
54 86 62 86
54 134 62 134
54 137 61 137
54 145 62 145
54 149 61 149
54 150 61 150
54 151 64 151
54 161 63 161
54 172 62 172
54 179 56 181
54 191 63 191
54 213 61 213
54 240 59 241
54 248 62 248
55 8 62 8
55 9 62 9
55 17 59 18
55 29 58 30
55 48 64 48
55 49 66 49
55 73 62 73
55 74 63 74
55 89 65 89
55 98 65 98
55 103 65 103
55 118 64 118
55 127 62 127
55 129 58 130
55 132 58 133
55 152 66 152
55 156 60 157
55 162 62 162
55 190 66 190
55 211 63 211
55 229 63 229
55 235 60 236
56 23 63 23
56 24 63 24
56 26 67 26
56 39 66 39
56 72 63 72
56 87 63 87
56 90 64 90
56 92 67 92
56 96 64 96
56 106 67 106
56 109 64 109
56 139 67 139
56 154 66 154
56 167 65 167
56 174 64 174
56 176 63 176
56 183 60 184
56 194 59 195
56 204 63 204
56 216 67 216
56 219 63 219
56 224 64 224
56 234 67 234
56 242 64 242
56 246 67 246
57 25 64 25
57 28 65 28
57 31 64 31
57 57 67 57
57 93 64 93
57 94 67 94
57 104 66 104
57 110 66 110
57 111 64 111
57 112 64 112
57 121 68 121
57 123 61 124
57 128 68 128
57 138 68 138
57 143 67 143
57 144 67 144
57 163 65 163
57 168 68 168
57 179 60 180
57 181 64 181
57 185 68 185
57 198 68 198
57 220 60 221
57 222 61 223
57 231 68 231
58 2 65 2
58 19 66 19
58 27 67 27
58 35 69 35
58 53 68 53
58 59 63 60
58 62 69 62
58 64 67 64
58 70 69 70
58 76 68 76
58 79 62 80
58 82 66 82
58 83 69 83
58 117 69 117
58 131 66 131
58 142 69 142
58 155 66 155
58 160 68 160
58 186 65 186
58 187 69 187
58 189 66 189
58 199 69 199
58 215 68 215
58 217 66 217
58 227 61 228
58 233 65 233
58 244 65 244
59 13 62 14
59 29 66 29
59 30 70 30
59 33 70 33
59 41 69 41
59 42 69 42
59 55 66 55
59 56 66 56
59 75 68 75
59 91 68 91
59 97 69 97
59 99 62 100
59 113 67 113
59 129 66 129
59 130 66 130
59 132 69 132
59 133 69 133
59 141 70 141
59 158 69 158
59 169 69 169
59 171 68 171
59 200 68 200
59 202 67 202
59 205 67 205
59 214 68 214
59 225 67 225
59 232 67 232
60 1 71 1
60 6 64 7
60 12 68 12
60 15 67 15
60 16 62 18
60 20 67 20
60 37 67 37
60 40 67 40
60 65 67 65
60 105 68 105
60 147 67 147
60 153 70 153
60 194 63 195
60 201 71 201
60 203 68 203
60 240 63 241
60 247 67 247
60 249 69 249
61 4 71 4
61 5 70 5
61 10 64 11
61 21 65 22
61 32 69 32
61 36 68 36
61 38 72 38
61 44 69 44
61 46 70 46
61 68 71 68
61 95 68 95
61 114 69 114
61 119 68 119
61 120 68 120
61 125 72 125
61 136 68 136
61 140 70 140
61 156 68 156
61 157 69 157
61 164 63 166
61 173 68 173
61 178 69 178
61 179 69 179
61 180 68 180
61 183 68 183
61 184 68 184
61 188 69 188
61 208 70 208
61 220 71 220
61 221 72 221
61 245 70 245
62 34 73 34
62 63 71 63
62 67 73 67
62 71 70 71
62 84 73 84
62 88 73 88
62 101 69 101
62 102 70 102
62 116 73 116
62 122 67 123
62 124 71 124
62 137 69 137
62 148 64 150
62 177 72 177
62 196 72 196
62 197 72 197
62 206 72 206
62 207 70 207
62 212 65 213
62 218 71 218
62 222 66 223
62 227 70 227
62 228 73 228
62 230 69 230
63 3 70 3
63 8 66 9
63 13 70 13
63 14 72 14
63 16 72 16
63 17 73 17
63 18 73 18
63 45 70 45
63 51 74 51
63 54 73 54
63 61 73 61
63 69 71 69
63 73 72 73
63 77 64 80
63 85 74 85
63 86 70 86
63 99 71 99
63 126 70 126
63 127 70 127
63 134 68 135
63 145 70 145
63 146 71 146
63 162 72 162
63 172 72 172
63 192 68 193
63 209 68 210
63 235 74 235
63 243 70 243
63 248 72 248
64 0 72 0
64 23 69 24
64 47 74 47
64 58 66 60
64 66 72 66
64 72 72 72
64 74 72 74
64 87 71 87
64 107 67 108
64 161 71 161
64 164 67 165
64 166 72 166
64 175 68 176
64 191 74 191
64 194 71 194
64 195 73 195
64 204 71 204
64 211 74 211
64 219 71 219
64 226 73 226
64 229 73 229
64 237 68 238
64 240 75 240
64 241 73 241
65 7 74 7
65 10 69 11
65 25 73 25
65 31 72 31
65 48 75 48
65 77 68 78
65 79 68 80
65 81 76 81
65 90 75 90
65 93 72 93
65 96 76 96
65 109 72 109
65 111 70 112
65 115 76 115
65 118 72 118
65 148 68 149
65 150 70 151
65 159 75 159
65 174 75 174
65 181 72 181
65 224 75 224
65 242 73 242
66 2 75 2
66 6 77 6
66 21 77 21
66 28 74 28
66 50 73 50
66 52 77 52
66 89 74 89
66 98 74 98
66 100 77 100
66 103 73 103
66 163 74 163
66 167 76 167
66 186 77 186
66 212 70 213
66 233 76 233
66 244 73 244
67 8 75 8
67 9 74 9
67 19 75 19
67 29 78 29
67 39 74 39
67 49 77 49
67 55 76 55
67 56 76 56
67 58 69 60
67 82 75 82
67 104 78 104
67 110 75 110
67 129 75 129
67 130 75 130
67 131 78 131
67 152 74 152
67 154 72 155
67 170 78 170
67 189 70 190
67 217 77 217
67 222 76 222
67 236 78 236
68 15 79 15
68 20 75 20
68 26 73 27
68 37 76 37
68 40 77 40
68 57 76 57
68 64 71 65
68 92 78 92
68 94 79 94
68 106 71 108
68 113 79 113
68 122 71 123
68 139 76 139
68 143 72 144
68 147 76 147
68 165 78 165
68 202 77 202
68 205 75 205
68 216 78 216
68 223 79 223
68 225 77 225
68 232 77 232
68 234 76 234
68 246 71 247
69 12 80 12
69 36 77 36
69 53 78 53
69 75 70 78
69 79 79 79
69 80 79 80
69 91 77 91
69 95 79 95
69 105 79 105
69 119 74 120
69 121 79 121
69 134 72 135
69 136 79 136
69 138 76 138
69 148 73 149
69 156 79 156
69 160 80 160
69 168 76 168
69 171 80 171
69 173 79 173
69 175 77 175
69 176 76 176
69 180 77 180
69 183 77 183
69 184 76 184
69 192 76 192
69 193 77 193
69 200 79 200
69 203 76 203
69 209 73 210
69 214 72 215
69 231 78 231
69 237 73 238
70 10 78 10
70 11 78 11
70 22 73 23
70 24 79 24
70 32 81 32
70 35 78 35
70 41 74 42
70 44 79 44
70 58 72 60
70 62 77 62
70 83 78 83
70 97 79 97
70 101 78 101
70 114 77 114
70 128 81 128
70 132 78 132
70 133 81 133
70 137 77 137
70 142 78 142
70 157 74 158
70 164 81 164
70 169 77 169
70 178 73 179
70 185 81 185
70 187 78 187
70 188 81 188
70 198 73 199
70 230 77 230
70 249 80 249
71 3 82 3
71 5 80 5
71 13 82 13
71 30 82 30
71 33 80 33
71 43 82 43
71 45 82 45
71 46 82 46
71 71 78 71
71 75 73 77
71 78 79 78
71 86 80 86
71 102 82 102
71 111 74 112
71 126 75 127
71 140 74 141
71 145 79 145
71 150 74 151
71 153 81 153
71 189 82 189
71 190 81 190
71 207 79 207
71 208 79 208
71 212 79 212
71 227 80 227
71 243 82 243
71 245 78 245
72 1 81 1
72 4 82 4
72 63 75 64
72 65 81 65
72 68 80 68
72 69 80 69
72 87 82 87
72 99 83 99
72 106 74 108
72 122 75 123
72 124 79 124
72 146 83 146
72 161 79 161
72 194 82 194
72 204 83 204
72 213 83 213
72 218 74 220
72 246 75 247
73 0 83 0
73 14 83 14
73 16 81 16
73 31 80 31
73 58 76 59
73 60 80 60
73 66 80 66
73 72 75 74
73 93 80 93
73 109 82 109
73 118 81 118
73 125 84 125
73 134 77 135
73 143 77 144
73 154 84 154
73 162 83 162
73 166 81 166
73 172 80 172
73 177 84 177
73 181 83 181
73 196 77 197
73 206 80 206
73 214 80 214
73 215 84 215
73 248 84 248
74 17 78 18
74 22 82 22
74 23 83 23
74 25 77 26
74 27 85 27
74 34 81 34
74 50 84 50
74 54 81 54
74 61 84 61
74 75 82 75
74 77 83 77
74 84 83 84
74 88 84 88
74 103 84 103
74 116 77 117
74 148 83 148
74 149 81 149
74 178 77 179
74 195 85 195
74 198 78 199
74 201 85 201
74 209 83 209
74 210 84 210
74 226 84 226
74 228 77 229
74 237 77 238
74 241 78 242
74 244 83 244
75 7 84 7
75 9 83 9
75 28 84 28
75 38 80 39
75 41 86 41
75 42 82 42
75 47 83 47
75 51 83 51
75 85 85 85
75 89 82 89
75 98 85 98
75 106 79 107
75 108 85 108
75 111 80 112
75 119 86 119
75 140 79 141
75 150 84 150
75 151 78 152
75 157 82 157
75 158 82 158
75 163 82 163
75 191 85 191
75 211 86 211
75 218 76 221
75 235 83 235
75 239 86 239
76 2 87 2
76 8 85 8
76 19 80 20
76 48 86 48
76 63 84 63
76 64 83 64
76 72 78 74
76 82 84 82
76 90 85 90
76 110 87 110
76 122 87 122
76 123 83 123
76 126 79 127
76 129 80 130
76 155 87 155
76 159 84 159
76 174 87 174
76 205 87 205
76 224 87 224
76 246 79 247
77 37 85 37
77 55 78 58
77 59 84 59
77 81 85 81
77 96 85 96
77 115 85 115
77 138 85 138
77 139 88 139
77 147 84 147
77 167 80 168
77 176 85 176
77 184 86 184
77 192 85 192
77 203 87 203
77 218 80 219
77 220 80 221
77 222 87 222
77 233 80 234
78 6 85 6
78 21 86 21
78 25 81 26
78 36 87 36
78 40 86 40
78 49 87 49
78 52 89 52
78 62 88 62
78 91 87 91
78 114 85 114
78 116 85 116
78 134 83 135
78 137 86 137
78 143 85 143
78 144 88 144
78 169 87 169
78 175 89 175
78 178 85 178
78 179 86 179
78 180 86 180
78 183 86 183
78 193 86 193
78 197 86 197
78 202 88 202
78 217 85 217
78 225 87 225
78 228 81 229
78 230 88 230
78 232 87 232
78 237 85 237
78 238 86 238
79 10 82 11
79 17 87 17
79 18 86 18
79 29 88 29
79 35 89 35
79 53 86 53
79 55 80 58
79 70 84 71
79 72 84 73
79 74 88 74
79 76 90 76
79 83 90 83
79 92 87 92
79 100 90 100
79 101 90 101
79 104 86 104
79 117 90 117
79 131 83 132
79 142 88 142
79 151 83 152
79 165 90 165
79 170 86 170
79 186 90 186
79 187 88 187
79 198 86 198
79 199 89 199
79 216 86 216
79 231 86 231
79 236 86 236
79 240 90 240
79 241 82 242
79 245 87 245
80 24 88 24
80 44 91 44
80 78 82 80
80 94 91 94
80 95 91 95
80 97 91 97
80 105 85 106
80 107 87 107
80 113 91 113
80 121 91 121
80 124 87 124
80 126 84 127
80 136 87 136
80 140 87 140
80 141 90 141
80 145 88 145
80 156 89 156
80 161 91 161
80 173 87 173
80 200 90 200
80 207 89 207
80 208 89 208
80 212 87 212
80 223 88 223
80 246 84 247
81 5 89 5
81 19 88 19
81 20 92 20
81 31 88 31
81 33 90 33
81 38 86 39
81 55 82 58
81 60 90 60
81 66 91 66
81 67 92 67
81 68 85 69
81 86 92 86
81 93 89 93
81 111 89 111
81 112 90 112
81 129 84 130
81 167 84 168
81 171 90 171
81 172 88 172
81 182 92 182
81 206 89 206
81 214 92 214
81 218 84 219
81 220 92 220
81 221 91 221
81 227 89 227
81 233 86 234
81 249 91 249
82 1 92 1
82 15 86 16
82 25 86 26
82 34 91 34
82 54 90 54
82 65 92 65
82 118 90 118
82 128 90 128
82 133 92 133
82 149 89 149
82 153 91 153
82 164 91 164
82 166 90 166
82 188 93 188
82 190 89 190
82 228 85 229
83 3 86 4
83 10 86 11
83 12 88 13
83 22 92 22
83 30 92 30
83 42 90 42
83 46 94 46
83 55 86 56
83 57 90 57
83 75 91 75
83 78 85 80
83 87 91 87
83 89 90 89
83 109 90 109
83 157 93 157
83 158 94 158
83 163 92 163
83 189 94 189
83 194 93 194
83 241 86 242
83 243 94 243
84 0 95 0
84 9 91 9
84 14 95 14
84 23 95 23
84 45 95 45
84 47 94 47
84 51 91 51
84 58 95 58
84 64 91 64
84 77 94 77
84 84 91 84
84 123 91 123
84 131 92 131
84 132 93 132
84 134 92 134
84 135 91 135
84 146 95 146
84 148 95 148
84 152 95 152
84 160 95 160
84 162 92 162
84 181 91 181
84 185 95 185
84 209 91 209
84 213 91 213
84 235 94 235
84 244 91 244
85 7 94 7
85 28 96 28
85 50 92 50
85 59 92 59
85 61 94 61
85 63 93 63
85 70 92 70
85 71 87 73
85 82 92 82
85 88 95 88
85 99 96 99
85 102 89 103
85 120 96 120
85 125 88 127
85 129 88 130
85 147 93 147
85 150 90 151
85 154 92 154
85 159 93 159
85 167 89 168
85 177 93 177
85 210 94 210
85 218 88 219
85 226 94 226
85 246 87 248
86 6 94 6
86 8 93 8
86 27 93 27
86 37 97 37
86 69 97 69
86 78 94 78
86 79 91 80
86 81 97 81
86 85 96 85
86 90 97 90
86 96 94 96
86 98 94 98
86 105 94 105
86 106 97 106
86 108 93 108
86 114 88 116
86 138 97 138
86 143 94 143
86 176 93 176
86 178 95 178
86 191 90 192
86 195 95 195
86 201 97 201
86 217 97 217
86 228 94 228
86 229 93 229
86 237 94 237
87 3 90 4
87 10 91 11
87 15 92 16
87 18 98 18
87 21 94 21
87 25 91 26
87 32 98 32
87 38 90 40
87 41 98 41
87 48 95 48
87 53 96 53
87 55 98 55
87 56 94 56
87 104 97 104
87 119 95 119
87 137 94 137
87 170 96 170
87 179 90 180
87 183 91 184
87 193 97 193
87 196 92 197
87 198 98 198
87 216 97 216
87 231 97 231
87 233 90 234
87 236 95 236
87 238 91 239
87 241 90 242
88 2 96 2
88 17 99 17
88 36 95 36
88 49 98 49
88 71 96 71
88 72 93 73
88 91 96 91
88 92 95 92
88 107 95 107
88 122 97 122
88 124 96 124
88 136 99 136
88 140 99 140
88 155 99 155
88 169 95 169
88 173 91 174
88 203 90 205
88 211 91 212
88 222 98 222
88 225 98 225
88 232 96 232
88 245 89 248
89 12 99 12
89 13 99 13
89 19 99 19
89 24 100 24
89 29 96 29
89 31 98 31
89 62 99 62
89 74 99 74
89 114 93 115
89 116 96 116
89 125 91 127
89 129 92 130
89 139 99 139
89 142 97 142
89 144 97 144
89 145 98 145
89 172 96 172
89 187 100 187
89 202 97 202
89 218 99 218
89 219 97 219
89 223 97 223
89 230 96 230
90 5 97 5
90 35 98 35
90 52 97 52
90 68 101 68
90 93 97 93
90 102 94 103
90 111 101 111
90 149 100 149
90 156 101 156
90 167 101 167
90 168 99 168
90 190 98 190
90 199 101 199
90 206 98 206
90 207 101 207
90 208 97 208
90 227 99 227
90 245 91 248
91 3 101 3
91 4 98 4
91 33 98 33
91 38 95 39
91 40 98 40
91 42 99 42
91 54 98 54
91 57 99 57
91 60 100 60
91 76 101 76
91 83 99 83
91 89 98 89
91 100 102 100
91 109 98 109
91 112 98 112
91 117 95 118
91 128 99 128
91 141 98 141
91 151 98 151
91 165 102 165
91 166 102 166
91 171 102 171
91 175 102 175
91 179 102 179
91 180 98 180
91 186 98 186
91 191 95 192
91 200 99 200
91 203 95 204
91 205 100 205
91 215 102 215
91 233 99 233
91 234 98 234
91 240 98 240
91 241 95 242
92 9 94 11
92 25 95 26
92 34 103 34
92 43 97 44
92 51 99 51
92 64 102 64
92 66 100 66
92 75 100 75
92 79 95 80
92 84 99 84
92 87 101 87
92 94 97 95
92 97 99 97
92 101 103 101
92 123 100 123
92 125 102 125
92 126 95 127
92 135 100 135
92 153 100 153
92 161 99 161
92 164 99 164
92 173 95 174
92 181 99 181
92 183 96 184
92 209 101 209
92 211 99 211
92 212 96 213
92 221 101 221
92 238 103 238
92 239 101 239
92 244 100 244
92 245 99 245
92 246 96 247
92 248 95 249
93 1 100 1
93 15 98 16
93 22 104 22
93 30 100 30
93 50 101 50
93 59 103 59
93 65 102 65
93 67 104 67
93 70 104 70
93 82 100 82
93 86 100 86
93 129 95 131
93 133 98 134
93 154 102 154
93 162 96 163
93 182 103 182
93 196 97 197
93 214 102 214
94 8 105 8
94 27 102 27
94 63 105 63
94 72 97 73
94 108 104 108
94 113 97 114
94 115 103 115
94 132 104 132
94 147 103 147
94 157 105 157
94 159 105 159
94 176 98 177
94 188 104 188
94 194 105 194
94 220 105 220
94 224 105 224
94 229 103 229
95 6 99 7
95 9 98 10
95 11 106 11
95 20 100 21
95 46 98 47
95 56 103 56
95 61 106 61
95 77 102 77
95 78 103 78
95 96 106 96
95 98 104 98
95 102 98 103
95 105 102 105
95 110 106 110
95 137 102 137
95 143 103 143
95 150 106 150
95 158 106 158
95 189 102 189
95 210 106 210
95 226 105 226
95 228 103 228
95 235 104 235
95 237 106 237
95 243 105 243
96 14 104 14
96 23 104 23
96 25 99 26
96 36 103 36
96 39 104 39
96 45 103 45
96 48 103 48
96 58 107 58
96 79 99 80
96 88 107 88
96 92 104 92
96 107 104 107
96 117 100 118
96 119 107 119
96 126 105 126
96 127 105 127
96 129 98 131
96 146 105 146
96 152 106 152
96 160 104 160
96 169 107 169
96 174 103 174
96 178 106 178
96 185 106 185
96 191 99 192
96 195 105 195
96 203 100 204
96 236 104 236
96 241 99 242
96 248 106 248
96 249 107 249
97 2 107 2
97 29 108 29
97 38 108 38
97 53 104 53
97 71 108 71
97 85 104 85
97 91 105 91
97 116 108 116
97 120 100 121
97 124 108 124
97 162 105 162
97 170 105 170
97 172 105 172
97 183 100 184
97 212 105 212
97 213 105 213
97 230 104 230
97 232 108 232
97 247 106 247
98 5 105 5
98 37 108 37
98 43 106 43
98 44 107 44
98 52 107 52
98 69 106 69
98 72 107 72
98 73 106 73
98 93 100 95
98 104 105 104
98 106 109 106
98 113 102 114
98 122 106 122
98 138 106 138
98 142 105 142
98 144 107 144
98 193 106 193
98 196 106 196
98 197 105 197
98 201 107 201
98 202 105 202
98 208 105 208
98 216 101 217
98 219 108 219
98 223 109 223
98 231 105 231
99 4 106 4
99 9 102 10
99 15 106 15
99 16 110 16
99 31 102 32
99 33 106 33
99 35 106 35
99 40 110 40
99 41 107 41
99 46 102 47
99 49 109 49
99 54 109 54
99 55 110 55
99 81 110 81
99 89 102 90
99 102 106 102
99 103 108 103
99 109 110 109
99 112 110 112
99 129 107 129
99 130 106 130
99 131 108 131
99 133 110 133
99 134 107 134
99 141 106 141
99 145 109 145
99 151 106 151
99 163 110 163
99 176 110 176
99 177 110 177
99 180 110 180
99 186 108 186
99 190 106 190
99 198 108 198
99 206 108 206
99 222 110 222
99 225 106 225
99 234 108 234
99 240 108 240
99 246 110 246
100 0 111 0
100 6 103 7
100 12 111 12
100 13 109 13
100 17 110 17
100 19 107 19
100 25 108 25
100 26 108 26
100 28 111 28
100 42 111 42
100 51 108 51
100 57 109 57
100 62 111 62
100 74 108 74
100 79 103 80
100 83 110 83
100 84 110 84
100 97 107 97
100 128 110 128
100 136 110 136
100 139 104 140
100 161 109 161
100 164 108 164
100 168 107 168
100 173 111 173
100 181 111 181
100 191 103 192
100 200 109 200
100 211 107 211
100 218 110 218
100 227 108 227
100 233 110 233
100 241 108 241
100 242 111 242
100 245 111 245
101 1 109 1
101 20 104 21
101 24 110 24
101 30 108 30
101 60 112 60
101 66 110 66
101 75 111 75
101 82 108 82
101 86 109 86
101 93 104 94
101 117 111 117
101 120 110 120
101 121 112 121
101 123 108 123
101 135 108 135
101 148 104 149
101 153 111 153
101 183 105 184
101 187 109 187
101 203 110 203
101 204 110 204
101 205 108 205
101 244 110 244
102 3 112 3
102 50 111 50
102 68 111 68
102 76 113 76
102 87 109 87
102 111 110 111
102 155 106 156
102 167 112 167
102 199 111 199
102 207 109 207
102 209 109 209
102 216 105 217
102 221 113 221
102 239 113 239
103 9 110 9
103 27 110 27
103 31 113 31
103 32 110 32
103 46 110 46
103 64 114 64
103 65 113 65
103 77 111 77
103 89 111 89
103 95 114 95
103 99 107 100
103 105 110 105
103 113 106 114
103 125 110 125
103 137 111 137
103 154 111 154
103 165 108 166
103 171 111 171
103 179 113 179
103 189 111 189
103 214 108 215
104 6 111 6
104 7 111 7
104 34 111 34
104 36 115 36
104 45 114 45
104 47 108 48
104 56 111 56
104 59 112 59
104 78 107 79
104 80 112 80
104 101 112 101
104 115 112 115
104 143 115 143
104 147 113 147
104 174 113 174
104 182 111 182
104 191 111 191
104 192 111 192
104 228 111 228
104 229 113 229
105 14 112 14
105 18 116 18
105 20 113 20
105 21 112 21
105 22 108 23
105 39 112 39
105 53 112 53
105 85 114 85
105 92 108 93
105 94 115 94
105 98 116 98
105 107 116 107
105 108 116 108
105 132 112 132
105 139 109 140
105 148 110 149
105 160 115 160
105 188 114 188
105 230 115 230
105 235 108 236
106 5 115 5
106 63 115 63
106 67 117 67
106 90 109 91
106 104 117 104
106 126 111 127
106 142 114 142
106 146 113 146
106 157 113 157
106 162 114 162
106 170 114 170
106 172 116 172
106 183 109 184
106 194 111 195
106 197 114 197
106 202 114 202
106 208 116 208
106 212 110 213
106 216 111 217
106 220 113 220
106 224 116 224
106 226 113 226
106 231 115 231
106 243 115 243
107 4 115 4
107 10 118 10
107 15 118 15
107 33 114 33
107 35 114 35
107 43 115 43
107 69 110 70
107 73 118 73
107 96 116 96
107 102 114 102
107 110 117 110
107 113 110 114
107 118 118 118
107 122 115 122
107 130 114 130
107 138 115 138
107 141 114 141
107 150 110 151
107 152 115 152
107 156 114 156
107 158 116 158
107 178 118 178
107 185 115 185
107 190 117 190
107 193 114 193
107 196 114 196
107 210 118 210
107 225 114 225
107 237 110 238
107 247 116 247
107 248 114 248
108 2 116 2
108 11 119 11
108 19 115 19
108 41 116 41
108 44 117 44
108 52 116 52
108 58 115 58
108 72 115 72
108 78 112 79
108 88 117 88
108 97 119 97
108 99 112 100
108 119 115 119
108 129 117 129
108 134 118 134
108 144 117 144
108 159 119 159
108 168 116 168
108 169 119 169
108 175 119 175
108 201 118 201
108 211 115 211
108 249 119 249
109 8 120 8
109 22 120 22
109 23 119 23
109 25 113 26
109 30 118 30
109 37 116 37
109 38 120 38
109 47 116 47
109 48 116 48
109 51 119 51
109 61 120 61
109 71 118 71
109 74 119 74
109 82 117 82
109 92 114 93
109 103 120 103
109 116 117 116
109 123 116 123
109 124 116 124
109 131 117 131
109 135 120 135
109 164 111 166
109 186 117 186
109 198 118 198
109 205 117 205
109 206 117 206
109 214 113 215
109 219 120 219
109 227 117 227
109 234 112 235
109 236 116 236
109 240 112 241
110 1 118 1
110 13 119 13
110 29 121 29
110 49 121 49
110 54 121 54
110 57 121 57
110 86 117 86
110 87 117 87
110 91 117 91
110 106 119 106
110 139 117 139
110 140 119 140
110 145 121 145
110 161 118 161
110 183 117 183
110 184 121 184
110 187 118 187
110 200 117 200
110 207 118 207
110 209 118 209
110 223 118 223
110 232 121 232
111 9 122 9
111 17 122 17
111 24 120 24
111 27 118 27
111 32 122 32
111 40 121 40
111 46 119 46
111 55 121 55
111 66 120 66
111 69 119 69
111 81 121 81
111 83 118 83
111 84 118 84
111 105 119 105
111 111 119 111
111 112 114 113
111 114 122 114
111 120 122 120
111 125 120 125
111 128 122 128
111 133 121 133
111 136 119 136
111 148 113 151
111 155 122 155
111 163 122 163
111 176 118 176
111 180 119 180
111 203 114 204
111 212 120 212
111 213 119 213
111 218 122 218
111 222 119 222
111 233 118 233
111 237 118 237
111 238 120 238
111 244 119 244
111 246 122 246
112 0 120 0
112 6 121 6
112 7 119 7
112 34 119 34
112 42 120 42
112 50 120 50
112 56 119 56
112 62 123 62
112 68 122 68
112 75 120 75
112 77 123 77
112 89 120 89
112 117 122 117
112 126 115 127
112 137 122 137
112 153 116 154
112 164 114 166
112 171 120 171
112 173 120 173
112 181 115 182
112 189 121 189
112 191 119 191
112 192 121 192
112 194 117 195
112 199 122 199
112 216 122 216
112 217 123 217
112 228 121 228
112 242 119 242
112 245 119 245
113 3 120 3
113 14 122 14
113 16 124 16
113 21 121 21
113 39 121 39
113 53 123 53
113 59 117 60
113 78 115 80
113 99 120 99
113 100 117 101
113 109 124 109
113 115 120 115
113 132 121 132
113 167 123 167
113 234 118 235
113 240 117 241
114 20 122 20
114 25 117 26
114 28 125 28
114 31 122 31
114 65 124 65
114 76 121 76
114 146 122 146
114 147 122 147
114 148 115 151
114 157 122 157
114 174 124 174
114 177 125 177
114 179 124 179
114 214 123 214
114 220 118 221
114 226 121 226
114 229 125 229
114 239 124 239
115 33 122 33
115 35 126 35
115 45 122 45
115 85 125 85
115 92 124 92
115 93 122 93
115 95 123 95
115 102 126 102
115 112 118 113
115 130 125 130
115 141 125 141
115 142 126 142
115 156 123 156
115 162 122 162
115 164 122 164
115 165 122 165
115 166 122 166
115 170 126 170
115 188 126 188
115 193 123 193
115 196 118 197
115 202 117 204
115 225 126 225
115 248 122 248
116 4 121 5
116 19 124 19
116 36 124 36
116 43 125 43
116 58 124 58
116 63 127 63
116 64 127 64
116 72 124 72
116 78 124 78
116 80 125 80
116 94 123 94
116 119 124 119
116 121 121 122
116 126 125 126
116 127 124 127
116 138 123 138
116 143 125 143
116 148 117 151
116 152 124 152
116 160 123 160
116 181 120 182
116 185 123 185
116 211 123 211
116 215 127 215
116 230 125 230
116 231 123 231
116 243 124 243
117 2 124 2
117 18 124 18
117 37 125 37
117 41 127 41
117 47 125 47
117 48 126 48
117 52 126 52
117 96 125 96
117 98 124 98
117 107 120 108
117 123 124 123
117 124 124 124
117 153 125 153
117 154 127 154
117 158 126 158
117 168 128 168
117 172 125 172
117 208 125 208
117 224 124 224
117 236 124 236
117 247 125 247
118 25 121 26
118 44 125 44
118 59 122 60
118 67 126 67
118 79 129 79
118 82 128 82
118 86 122 87
118 88 126 88
118 90 121 91
118 100 122 101
118 104 125 104
118 110 129 110
118 116 129 116
118 129 126 129
118 131 125 131
118 139 127 139
118 144 125 144
118 148 125 148
118 149 127 149
118 150 127 150
118 151 129 151
118 183 126 183
118 186 129 186
118 190 128 190
118 194 129 194
118 195 128 195
118 200 126 200
118 202 122 203
118 204 121 205
118 206 127 206
118 227 125 227
118 240 123 241
119 1 130 1
119 10 128 10
119 15 128 15
119 27 129 27
119 30 130 30
119 71 130 71
119 83 126 83
119 84 127 84
119 112 122 113
119 118 126 118
119 134 126 134
119 161 126 161
119 176 126 176
119 178 129 178
119 187 127 187
119 196 122 197
119 198 126 198
119 201 126 201
119 207 128 207
119 209 123 210
119 220 129 220
119 221 126 221
119 223 127 223
119 233 121 235
119 237 130 237
120 7 128 7
120 11 127 11
120 12 123 13
120 23 131 23
120 34 129 34
120 46 127 46
120 51 128 51
120 56 129 56
120 69 123 70
120 73 124 74
120 97 128 97
120 105 124 106
120 111 131 111
120 136 127 136
120 140 127 140
120 159 128 159
120 175 129 175
120 180 130 180
120 191 128 191
120 213 128 213
120 222 131 222
120 242 127 242
120 244 127 244
120 245 127 245
120 249 127 249
121 0 128 0
121 3 128 3
121 8 132 8
121 24 131 24
121 38 128 38
121 42 130 42
121 50 128 50
121 61 130 61
121 66 129 66
121 75 128 75
121 89 129 89
121 99 129 99
121 103 132 103
121 107 129 107
121 108 130 108
121 115 132 115
121 125 130 125
121 135 130 135
121 171 128 171
121 173 130 173
121 181 130 181
121 182 131 182
121 212 128 212
121 219 132 219
121 238 130 238
122 4 130 4
122 5 125 6
122 21 131 21
122 25 132 25
122 26 132 26
122 29 130 29
122 39 129 39
122 40 130 40
122 49 129 49
122 54 126 55
122 57 130 57
122 76 129 76
122 81 133 81
122 90 125 91
122 121 132 121
122 122 131 122
122 132 131 132
122 133 132 133
122 145 129 145
122 189 129 189
122 192 131 192
122 204 129 204
122 205 133 205
122 226 130 226
122 228 132 228
122 232 131 232
122 233 131 233
122 234 129 234
122 235 130 235
123 9 130 9
123 14 133 14
123 20 130 20
123 31 125 33
123 45 130 45
123 59 126 60
123 68 134 68
123 86 131 86
123 87 133 87
123 93 133 93
123 100 130 100
123 101 131 101
123 112 130 112
123 113 131 113
123 114 131 114
123 117 132 117
123 120 133 120
123 137 132 137
123 146 126 147
123 155 131 155
123 157 132 157
123 162 126 163
123 164 132 164
123 165 126 166
123 196 133 196
123 199 131 199
123 202 126 203
123 216 132 216
123 218 130 218
123 246 134 246
123 248 134 248
124 12 129 13
124 22 135 22
124 53 135 53
124 62 132 62
124 69 131 69
124 70 133 70
124 94 128 95
124 128 135 128
124 138 132 138
124 156 135 156
124 160 131 160
124 167 131 167
124 169 135 169
124 184 127 185
124 193 134 193
124 209 127 210
124 211 131 211
124 214 131 214
124 217 131 217
124 231 135 231
124 240 127 241
125 2 132 2
125 16 132 16
125 17 127 19
125 36 136 36
125 58 134 58
125 65 135 65
125 72 135 72
125 73 128 74
125 78 136 78
125 92 132 92
125 98 132 98
125 105 129 106
125 119 135 119
125 123 130 124
125 127 132 127
125 152 132 152
125 174 136 174
125 179 132 179
125 197 136 197
125 224 132 224
125 236 136 236
125 239 134 239
125 243 136 243
126 5 134 5
126 28 137 28
126 31 133 31
126 37 135 37
126 43 135 43
126 44 135 44
126 47 136 47
126 80 133 80
126 85 133 85
126 90 134 90
126 91 134 91
126 96 134 96
126 104 135 104
126 109 137 109
126 126 133 126
126 130 129 131
126 141 134 141
126 143 129 144
126 148 134 148
126 153 136 153
126 172 137 172
126 177 135 177
126 208 136 208
126 227 135 227
126 230 137 230
126 247 135 247
127 35 138 35
127 48 134 48
127 52 136 52
127 54 135 54
127 59 130 60
127 67 134 67
127 83 134 83
127 88 136 88
127 102 136 102
127 118 137 118
127 129 134 129
127 134 136 134
127 142 137 142
127 146 135 146
127 147 136 147
127 158 136 158
127 161 130 163
127 166 136 166
127 170 137 170
127 176 137 176
127 183 134 183
127 188 138 188
127 198 137 198
127 200 130 201
127 202 134 202
127 203 134 203
127 221 134 221
127 225 134 225
127 229 138 229
128 11 135 11
128 17 131 19
128 41 137 41
128 46 137 46
128 55 139 55
128 63 136 63
128 64 138 64
128 84 137 84
128 136 136 136
128 139 131 140
128 149 137 149
128 150 139 150
128 154 136 154
128 184 132 185
128 187 135 187
128 206 138 206
128 209 132 210
128 215 135 215
128 223 136 223
128 240 131 241
128 242 138 242
128 244 132 245
128 249 139 249
129 0 138 0
129 3 136 3
129 6 133 7
129 10 137 10
129 15 139 15
129 32 134 33
129 38 137 38
129 50 133 51
129 73 140 73
129 74 138 74
129 75 136 75
129 82 137 82
129 94 140 94
129 95 136 95
129 97 136 97
129 159 136 159
129 165 140 165
129 168 138 168
129 171 137 171
129 190 137 190
129 191 138 191
129 195 137 195
129 207 140 207
129 212 137 212
129 213 137 213
130 12 134 13
130 27 138 27
130 34 139 34
130 39 140 39
130 49 138 49
130 56 137 56
130 66 141 66
130 76 133 77
130 79 140 79
130 89 139 89
130 99 139 99
130 105 138 105
130 106 134 107
130 116 138 116
130 130 140 130
130 131 140 131
130 143 134 144
130 145 139 145
130 175 140 175
130 178 140 178
130 186 138 186
130 189 138 189
130 194 141 194
130 204 141 204
130 220 137 220
130 234 137 234
131 1 141 1
131 4 138 4
131 9 139 9
131 20 140 20
131 29 134 30
131 40 142 40
131 42 141 42
131 45 140 45
131 57 140 57
131 59 138 59
131 60 139 60
131 61 139 61
131 71 142 71
131 100 139 100
131 108 140 108
131 112 141 112
131 123 135 124
131 125 139 125
131 135 138 135
131 161 138 161
131 162 134 163
131 173 139 173
131 180 134 181
131 200 134 201
131 218 138 218
131 226 141 226
131 235 141 235
131 238 142 238
132 17 134 19
132 21 142 21
132 23 140 23
132 24 143 24
132 69 139 69
132 86 143 86
132 101 139 101
132 113 140 113
132 114 141 114
132 122 139 122
132 132 139 132
132 139 135 140
132 151 143 151
132 155 141 155
132 160 140 160
132 167 139 167
132 182 142 182
132 192 140 192
132 199 141 199
132 211 139 211
132 214 141 214
132 217 140 217
132 232 136 233
132 240 135 241
133 2 141 2
133 8 144 8
133 16 140 16
133 25 140 25
133 26 143 26
133 62 143 62
133 92 140 92
133 98 143 98
133 103 140 103
133 115 144 115
133 117 142 117
133 121 140 121
133 127 142 127
133 133 141 133
133 137 140 137
133 138 142 138
133 152 144 152
133 157 141 157
133 164 142 164
133 179 144 179
133 184 141 184
133 185 143 185
133 209 142 209
133 210 142 210
133 216 141 216
133 219 143 219
133 224 144 224
133 228 140 228
133 244 144 244
134 6 143 6
134 7 141 7
134 14 145 14
134 31 141 31
134 50 143 50
134 51 141 51
134 70 143 70
134 76 139 77
134 80 142 80
134 85 142 85
134 87 145 87
134 93 145 93
134 110 139 111
134 120 145 120
134 126 143 126
134 196 143 196
134 222 145 222
135 5 144 5
135 12 145 12
135 13 146 13
135 17 144 17
135 18 138 19
135 29 138 30
135 48 142 48
135 58 143 58
135 67 145 67
135 68 144 68
135 83 145 83
135 90 139 91
135 96 146 96
135 106 143 106
135 107 144 107
135 129 146 129
135 141 143 141
135 143 139 144
135 148 142 148
135 162 139 163
135 180 142 180
135 181 146 181
135 183 142 183
135 193 146 193
135 200 142 200
135 201 138 202
135 203 143 203
135 205 146 205
135 221 146 221
135 225 142 225
135 239 142 239
135 245 140 246
135 248 146 248
136 11 143 11
136 22 145 22
136 37 145 37
136 43 139 44
136 53 141 54
136 65 143 65
136 72 145 72
136 104 145 104
136 119 147 119
136 123 145 123
136 124 147 124
136 128 143 128
136 139 139 140
136 146 147 146
136 177 147 177
136 187 145 187
136 215 145 215
136 227 143 227
136 240 139 241
136 247 144 247
137 3 147 3
137 36 145 36
137 47 148 47
137 52 146 52
137 63 146 63
137 75 145 75
137 88 146 88
137 95 144 95
137 97 146 97
137 102 144 102
137 134 148 134
137 136 147 136
137 147 144 147
137 153 146 153
137 154 146 154
137 158 140 159
137 166 146 166
137 208 144 208
137 223 148 223
137 231 142 232
137 233 147 233
137 236 148 236
138 10 145 10
138 32 149 32
138 38 147 38
138 41 149 41
138 46 148 46
138 56 145 56
138 82 147 82
138 84 149 84
138 109 147 109
138 118 146 118
138 142 149 142
138 149 147 149
138 169 140 171
138 172 148 172
138 176 148 176
138 190 146 190
138 195 148 195
138 197 141 198
138 212 141 213
138 220 145 220
138 230 145 230
138 234 145 234
138 237 149 237
139 0 148 0
139 4 147 4
139 18 147 18
139 19 146 19
139 27 148 27
139 28 141 30
139 49 147 49
139 59 146 59
139 64 146 64
139 74 149 74
139 78 150 78
139 105 148 105
139 116 147 116
139 135 146 135
139 161 146 161
139 168 149 168
139 186 150 186
139 188 147 188
139 189 149 189
139 191 146 191
139 201 147 201
139 202 146 202
139 206 147 206
139 218 147 218
139 229 149 229
139 242 148 242
140 9 148 9
140 15 147 15
140 33 145 34
140 43 144 44
140 60 143 61
140 69 149 69
140 77 150 77
140 89 143 90
140 99 142 101
140 122 147 122
140 125 151 125
140 132 149 132
140 139 144 140
140 143 142 145
140 162 144 163
140 167 147 167
140 173 147 173
140 211 150 211
140 240 143 241
140 249 147 249
141 16 150 16
141 20 152 20
141 23 150 23
141 25 152 25
141 39 149 39
141 45 149 45
141 57 148 57
141 76 152 76
141 79 148 79
141 92 150 92
141 94 149 94
141 103 150 103
141 108 152 108
141 111 152 111
141 113 149 113
141 121 149 121
141 130 151 130
141 131 151 131
141 137 148 137
141 158 145 159
141 160 149 160
141 165 148 165
141 169 143 171
141 175 149 175
141 178 150 178
141 192 148 192
141 217 150 217
141 228 149 228
141 245 146 246
142 1 145 2
142 7 151 7
142 28 147 29
142 30 151 30
142 31 150 31
142 42 150 42
142 51 149 51
142 53 144 55
142 66 149 66
142 81 153 81
142 91 153 91
142 112 150 112
142 114 149 114
142 133 149 133
142 155 145 157
142 174 153 174
142 184 149 184
142 194 150 194
142 197 144 199
142 212 150 212
142 213 150 213
142 214 149 214
142 216 152 216
142 226 153 226
142 235 152 235
143 21 154 21
143 40 153 40
143 48 150 48
143 73 154 73
143 80 150 80
143 85 151 85
143 99 146 100
143 101 150 101
143 117 152 117
143 127 153 127
143 138 151 138
143 143 146 144
143 145 154 145
143 148 151 148
143 150 154 150
143 164 154 164
143 180 153 180
143 182 151 182
143 183 150 183
143 200 150 200
143 209 148 210
143 225 150 225
143 232 150 232
143 238 146 239
144 6 153 6
144 11 153 11
144 24 153 24
144 26 151 26
144 50 154 50
144 58 152 58
144 60 148 61
144 62 152 62
144 65 152 65
144 70 151 70
144 86 151 86
144 89 148 90
144 98 154 98
144 106 151 106
144 126 155 126
144 128 155 128
144 141 155 141
144 151 151 151
144 171 152 171
144 185 153 185
144 196 151 196
144 203 153 203
144 207 155 207
144 219 155 219
144 227 153 227
144 240 149 241
145 5 156 5
145 17 153 17
145 43 152 43
145 44 156 44
145 53 147 55
145 68 152 68
145 95 152 95
145 102 154 102
145 107 152 107
145 139 152 139
145 140 155 140
145 147 153 147
145 152 154 152
145 162 148 163
145 169 156 169
145 197 150 198
145 204 156 204
145 208 152 208
145 224 155 224
145 247 155 247
146 1 149 2
146 10 153 10
146 12 153 12
146 14 153 14
146 22 153 22
146 33 147 36
146 37 155 37
146 56 157 56
146 67 156 67
146 71 149 72
146 75 157 75
146 83 153 83
146 87 153 87
146 104 154 104
146 123 157 123
146 155 157 155
146 156 148 158
146 159 156 159
146 187 154 187
146 215 155 215
146 220 156 220
146 222 154 222
146 230 150 231
146 234 153 234
146 243 157 243
147 13 156 13
147 19 156 19
147 52 155 52
147 59 155 59
147 63 150 64
147 88 155 88
147 96 151 97
147 99 151 100
147 115 158 115
147 118 156 118
147 135 154 135
147 143 151 144
147 153 150 154
147 161 154 161
147 166 154 166
147 179 158 179
147 190 152 191
147 193 158 193
147 202 157 202
147 221 154 221
147 238 151 239
147 245 155 245
147 246 155 246
147 248 154 248
148 3 151 4
148 8 159 8
148 15 155 15
148 18 159 18
148 28 155 28
148 29 155 29
148 33 159 33
148 34 150 36
148 38 155 38
148 49 158 49
148 53 150 55
148 82 156 82
148 93 159 93
148 109 157 109
148 110 159 110
148 116 155 116
148 119 156 119
148 120 159 120
148 122 159 122
148 124 157 124
148 129 159 129
148 136 155 136
148 146 155 146
148 149 159 149
148 167 157 167
148 173 159 173
148 177 158 177
148 188 155 188
148 199 159 199
148 201 155 201
148 205 153 206
148 218 155 218
148 233 156 233
148 249 159 249
149 0 159 0
149 9 157 9
149 27 158 27
149 46 154 47
149 57 156 57
149 60 152 61
149 79 157 79
149 89 153 90
149 105 160 105
149 134 159 134
149 137 157 137
149 156 151 158
149 162 156 162
149 163 156 163
149 165 159 165
149 170 160 170
149 172 157 172
149 176 157 176
149 192 158 192
149 195 157 195
149 209 152 210
149 242 160 242
150 1 157 1
150 2 158 2
150 32 161 32
150 39 157 39
150 45 157 45
150 51 161 51
150 66 161 66
150 69 159 69
150 71 153 72
150 74 157 74
150 84 161 84
150 94 157 94
150 113 153 114
150 121 157 121
150 132 153 133
150 142 157 142
150 160 158 160
150 168 157 168
150 175 157 175
150 184 161 184
150 189 157 189
150 214 159 214
150 228 157 228
150 229 158 229
150 237 161 237
150 240 158 240
150 241 158 241
150 244 161 244
151 16 160 16
151 23 158 23
151 31 158 31
151 34 154 35
151 36 159 36
151 41 154 42
151 48 162 48
151 53 160 53
151 54 156 55
151 63 158 63
151 64 159 64
151 77 156 78
151 80 158 80
151 92 161 92
151 101 160 101
151 103 159 103
151 112 161 112
151 153 159 153
151 154 162 154
151 178 159 178
151 183 159 183
151 194 158 194
151 197 154 198
151 200 160 200
151 211 153 213
151 217 162 217
151 225 159 225
151 230 154 231
151 232 160 232
151 236 162 236
152 3 159 3
152 4 161 4
152 7 159 7
152 26 160 26
152 30 159 30
152 70 161 70
152 85 159 85
152 86 163 86
152 96 155 97
152 99 160 99
152 100 161 100
152 106 163 106
152 125 161 125
152 130 159 130
152 131 163 131
152 138 159 138
152 143 155 144
152 148 162 148
152 151 159 151
152 156 160 156
152 157 160 157
152 158 159 158
152 181 156 182
152 196 160 196
152 238 155 239
153 25 162 25
153 43 162 43
153 58 164 58
153 60 163 60
153 61 156 62
153 65 164 65
153 68 160 68
153 76 162 76
153 95 162 95
153 107 161 107
153 108 161 108
153 111 161 111
153 117 160 117
153 139 161 139
153 171 160 171
153 190 163 190
153 191 161 191
153 208 163 208
153 209 157 210
153 216 161 216
153 235 160 235
154 6 164 6
154 10 156 12
154 14 165 14
154 17 165 17
154 22 161 22
154 24 165 24
154 40 165 40
154 71 162 71
154 72 162 72
154 81 162 81
154 83 163 83
154 87 162 87
154 89 156 91
154 113 161 113
154 114 165 114
154 127 161 127
154 132 158 133
154 147 162 147
154 174 164 174
154 180 163 180
154 185 157 186
154 203 163 203
154 205 157 206
154 211 157 212
154 213 162 213
154 223 165 223
154 226 157 227
154 234 162 234
155 20 159 21
155 34 163 34
155 35 166 35
155 41 165 41
155 46 163 46
155 47 163 47
155 50 162 50
155 73 163 73
155 98 162 98
155 102 163 102
155 104 163 104
155 135 164 135
155 150 164 150
155 152 164 152
155 161 162 161
155 166 163 166
155 187 164 187
155 197 163 197
155 221 159 222
155 230 162 230
155 231 165 231
155 248 166 248
156 15 167 15
156 28 160 29
156 37 160 38
156 52 166 52
156 59 163 59
156 88 164 88
156 96 166 96
156 97 163 97
156 116 164 116
156 126 163 126
156 128 164 128
156 136 164 136
156 140 167 140
156 143 164 143
156 144 166 144
156 145 160 146
156 188 164 188
156 201 167 201
156 207 165 207
156 215 163 215
156 218 163 218
156 219 163 219
156 224 165 224
156 238 160 239
156 245 160 246
156 247 167 247
157 5 168 5
157 10 165 10
157 11 160 12
157 13 168 13
157 19 164 19
157 44 164 44
157 54 160 55
157 57 164 57
157 61 161 62
157 67 168 67
157 77 165 77
157 82 168 82
157 89 166 89
157 91 168 91
157 118 160 119
157 159 166 159
157 162 160 163
157 169 168 169
157 181 164 181
157 182 164 182
157 204 166 204
157 220 165 220
157 233 164 233
158 1 165 1
158 9 167 9
158 39 166 39
158 45 167 45
158 56 166 56
158 74 165 74
158 75 166 75
158 78 163 79
158 94 165 94
158 109 169 109
158 121 167 121
158 123 162 124
158 137 167 137
158 141 162 142
158 155 166 155
158 167 161 168
158 172 169 172
158 175 162 176
158 185 165 185
158 189 165 189
158 195 166 195
158 202 168 202
158 205 161 206
158 209 163 210
158 211 162 212
158 226 166 226
158 227 161 228
158 243 167 243
159 2 168 2
159 23 167 23
159 27 166 27
159 31 169 31
159 49 168 49
159 63 166 63
159 80 166 80
159 115 169 115
159 132 166 132
159 133 166 133
159 160 166 160
159 164 170 164
159 177 166 177
159 179 166 179
159 186 170 186
159 192 170 192
159 193 162 194
159 229 167 229
159 240 162 241
160 0 171 0
160 3 170 3
160 7 168 7
160 8 169 8
160 20 164 21
160 30 167 30
160 36 167 36
160 42 171 42
160 64 171 64
160 69 168 69
160 85 167 85
160 93 170 93
160 103 168 103
160 110 170 110
160 120 169 120
160 129 163 130
160 134 168 134
160 138 171 138
160 151 168 151
160 153 169 153
160 158 170 158
160 165 167 165
160 178 168 178
160 183 168 183
160 198 164 199
160 214 167 214
160 221 163 222
160 225 171 225
160 249 167 249
161 11 170 11
161 12 169 12
161 16 168 16
161 18 172 18
161 26 171 26
161 28 164 29
161 37 172 37
161 38 168 38
161 53 164 54
161 55 169 55
161 68 172 68
161 99 168 99
161 101 172 101
161 105 170 105
161 117 168 117
161 118 171 118
161 119 169 119
161 122 172 122
161 145 168 145
161 146 168 146
161 149 172 149
161 156 165 157
161 162 164 163
161 170 169 170
161 171 172 171
161 196 171 196
161 200 172 200
161 232 171 232
161 235 168 235
161 238 168 238
161 239 171 239
161 242 168 242
161 245 164 246
162 4 172 4
162 22 169 22
162 51 170 51
162 61 166 62
162 66 169 66
162 70 173 70
162 84 173 84
162 90 173 90
162 92 171 92
162 100 170 100
162 107 169 107
162 108 171 108
162 111 166 112
162 113 170 113
162 125 173 125
162 127 170 127
162 139 171 139
162 167 169 167
162 168 169 168
162 191 169 191
162 205 169 205
162 206 173 206
162 216 172 216
162 227 165 228
162 237 172 237
162 244 169 244
163 25 170 25
163 43 174 43
163 48 174 48
163 50 170 50
163 71 170 71
163 72 171 72
163 76 174 76
163 81 171 81
163 87 173 87
163 95 171 95
163 98 174 98
163 123 167 124
163 141 168 142
163 147 167 148
163 161 174 161
163 175 167 176
163 184 174 184
163 193 171 193
163 194 170 194
163 211 170 211
163 213 170 213
163 217 170 217
163 230 170 230
163 234 172 234
163 236 170 236
163 240 172 240
163 241 172 241
164 33 169 34
164 46 173 46
164 47 171 47
164 59 169 60
164 73 171 73
164 78 167 79
164 83 175 83
164 86 175 86
164 97 172 97
164 102 173 102
164 104 171 104
164 106 175 106
164 126 172 126
164 129 168 130
164 131 174 131
164 166 173 166
164 180 175 180
164 190 172 190
164 197 175 197
164 203 175 203
164 208 166 210
164 215 173 215
164 218 167 219
164 221 171 221
164 222 173 222
165 6 176 6
165 19 167 21
165 28 173 28
165 29 175 29
165 44 175 44
165 53 172 53
165 54 175 54
165 57 169 58
165 88 173 88
165 116 174 116
165 128 174 128
165 135 172 135
165 136 176 136
165 143 174 143
165 150 175 150
165 152 176 152
165 162 173 162
165 163 176 163
165 173 169 174
165 181 170 182
165 187 172 187
165 188 175 188
165 198 170 199
165 233 176 233
165 245 168 246
166 1 177 1
166 10 177 10
166 24 177 24
166 40 174 40
166 41 177 41
166 74 177 74
166 77 174 77
166 94 176 94
166 114 174 114
166 156 169 157
166 185 174 185
166 189 175 189
166 207 176 207
166 212 177 212
166 220 173 220
166 223 176 223
166 224 175 224
166 227 169 228
166 231 174 231
167 27 175 27
167 35 178 35
167 39 178 39
167 52 178 52
167 56 175 56
167 61 170 62
167 63 178 63
167 75 178 75
167 80 174 80
167 89 174 89
167 96 174 96
167 111 170 112
167 132 171 133
167 144 177 144
167 155 174 155
167 159 170 160
167 177 175 177
167 179 175 179
167 195 177 195
167 204 175 204
167 208 170 210
167 226 176 226
167 248 177 248
168 9 176 9
168 15 176 15
168 19 170 21
168 23 178 23
168 30 175 30
168 32 179 32
168 36 175 36
168 45 179 45
168 78 176 78
168 79 177 79
168 85 176 85
168 121 178 121
168 123 172 124
168 137 175 137
168 147 171 148
168 165 176 165
168 175 175 175
168 176 175 176
168 201 177 201
168 214 177 214
168 218 172 219
168 229 175 229
168 243 176 243
168 249 178 249
169 2 180 2
169 5 180 5
169 7 177 7
169 13 177 13
169 16 172 17
169 38 176 38
169 49 177 49
169 69 178 69
169 82 179 82
169 91 176 91
169 99 177 99
169 103 176 103
169 117 180 117
169 129 173 130
169 134 177 134
169 141 173 142
169 145 172 146
169 151 176 151
169 178 179 178
169 183 177 183
169 202 177 202
169 235 177 235
169 238 176 238
169 242 176 242
169 246 180 246
169 247 180 247
170 8 177 8
170 12 177 12
170 22 179 22
170 31 180 31
170 34 180 34
170 55 177 55
170 57 174 58
170 59 177 59
170 60 178 60
170 65 173 66
170 107 181 107
170 115 177 115
170 119 174 120
170 153 174 154
170 156 177 156
170 157 177 157
170 167 171 170
170 172 174 173
170 191 178 191
170 205 178 205
170 227 173 228
170 244 178 244
171 3 179 3
171 11 180 11
171 14 182 14
171 19 179 19
171 20 176 21
171 25 178 25
171 50 174 51
171 61 178 61
171 62 180 62
171 71 179 71
171 93 178 93
171 100 180 100
171 105 182 105
171 109 172 113
171 127 180 127
171 158 174 160
171 164 179 164
171 174 182 174
171 181 179 181
171 182 178 182
171 186 178 186
171 194 182 194
171 198 175 199
171 208 173 210
171 211 179 211
171 213 180 213
171 217 180 217
171 230 178 230
171 236 180 236
171 245 182 245
172 0 180 0
172 26 183 26
172 42 179 42
172 47 183 47
172 64 179 64
172 72 180 72
172 73 180 73
172 81 180 81
172 92 179 92
172 95 182 95
172 104 180 104
172 108 183 108
172 118 182 118
172 132 177 133
172 138 180 138
172 139 179 139
172 147 179 147
172 148 182 148
172 167 179 167
172 168 179 168
172 169 182 169
172 192 177 193
172 196 180 196
172 221 181 221
172 232 179 232
172 239 183 239
173 4 181 4
173 16 176 17
173 18 181 18
173 53 183 53
173 67 178 68
173 97 180 97
173 101 180 101
173 109 175 111
173 112 177 113
173 122 177 123
173 126 181 126
173 135 180 135
173 145 182 145
173 146 180 146
173 149 183 149
173 170 178 171
173 187 184 187
173 190 183 190
173 200 180 200
173 216 180 216
173 218 184 218
173 219 181 219
173 234 180 234
173 237 184 237
173 240 176 241
174 28 185 28
174 33 185 33
174 46 184 46
174 65 177 66
174 70 184 70
174 87 179 88
174 90 181 90
174 102 184 102
174 124 178 125
174 129 181 129
174 130 182 130
174 141 181 141
174 142 183 142
174 162 182 162
174 166 185 166
174 206 184 206
174 208 176 210
174 215 181 215
174 220 181 220
174 222 185 222
174 227 179 228
175 40 183 40
175 43 184 43
175 50 179 51
175 57 178 58
175 76 182 76
175 77 186 77
175 80 184 80
175 89 182 89
175 96 182 96
175 98 184 98
175 114 182 114
175 116 182 116
175 119 179 120
175 128 182 128
175 131 183 131
175 143 185 143
175 153 178 155
175 158 178 159
175 160 186 160
175 172 184 172
175 173 182 173
175 184 179 185
175 231 183 231
176 27 183 27
176 29 181 30
176 36 179 37
176 44 184 44
176 48 187 48
176 54 184 54
176 56 183 56
176 83 183 83
176 86 185 86
176 106 184 106
176 109 187 109
176 110 185 110
176 111 187 111
176 137 187 137
176 150 185 150
176 175 179 176
176 177 186 177
176 179 183 179
176 180 184 180
176 188 187 188
176 189 185 189
176 197 178 199
176 203 181 204
176 224 184 224
176 229 187 229
177 6 185 6
177 9 187 9
177 15 184 15
177 16 184 16
177 20 180 21
177 38 184 38
177 78 186 78
177 84 180 85
177 91 186 91
177 94 187 94
177 103 186 103
177 136 188 136
177 151 184 151
177 152 186 152
177 163 185 163
177 165 184 165
177 207 180 208
177 209 180 210
177 223 185 223
177 225 182 226
177 233 187 233
177 238 188 238
177 240 178 243
178 1 189 1
178 7 181 8
178 10 185 10
178 12 181 13
178 41 187 41
178 49 188 49
178 55 186 55
178 59 189 59
178 65 182 66
178 74 189 74
178 79 186 79
178 99 189 99
178 112 182 113
178 115 186 115
178 122 181 123
178 132 181 134
178 144 186 144
178 156 186 156
178 157 186 157
178 183 185 183
178 192 182 193
178 195 185 195
178 201 186 201
178 202 187 202
178 212 186 212
178 214 187 214
178 235 189 235
178 248 187 248
179 23 186 23
179 24 183 25
179 39 186 39
179 52 190 52
179 57 186 57
179 58 187 58
179 60 182 61
179 63 186 63
179 67 182 68
179 69 190 69
179 75 187 75
179 93 189 93
179 121 188 121
179 124 188 124
179 125 187 125
179 153 189 153
179 154 187 154
179 158 183 159
179 170 184 171
179 182 188 182
179 186 186 186
179 191 190 191
179 197 183 198
179 199 190 199
179 205 187 205
179 230 186 230
179 240 186 240
179 241 180 244
179 249 188 249
180 3 188 3
180 17 191 17
180 19 188 19
180 22 191 22
180 32 191 32
180 35 183 36
180 37 189 37
180 42 187 42
180 45 189 45
180 50 188 50
180 64 189 64
180 71 187 71
180 82 187 82
180 87 188 87
180 92 189 92
180 119 188 119
180 120 187 120
180 139 187 139
180 147 188 147
180 155 191 155
180 161 191 161
180 164 188 164
180 167 183 168
180 176 191 176
180 178 191 178
180 181 190 181
180 184 183 185
180 211 191 211
180 227 191 227
180 228 191 228
180 232 188 232
181 0 191 0
181 5 192 5
181 11 189 11
181 20 189 20
181 31 191 31
181 34 189 34
181 51 192 51
181 62 191 62
181 72 184 73
181 81 188 81
181 84 185 85
181 97 188 97
181 100 185 101
181 104 192 104
181 117 192 117
181 127 192 127
181 135 191 135
181 138 191 138
181 140 192 140
181 146 192 146
181 196 188 196
181 200 188 200
181 207 189 207
181 208 192 208
181 209 185 210
181 213 190 213
181 216 188 216
181 217 191 217
181 234 190 234
181 236 192 236
181 241 182 244
181 246 189 246
181 247 189 247
182 4 189 4
182 7 186 8
182 12 191 12
182 13 191 13
182 18 191 18
182 21 193 21
182 29 193 29
182 30 189 30
182 88 193 88
182 90 192 90
182 107 193 107
182 122 190 122
182 123 193 123
182 126 193 126
182 129 193 129
182 133 187 134
182 141 192 141
182 175 193 175
182 203 185 204
182 215 193 215
182 219 185 220
182 221 191 221
183 14 191 14
183 60 194 60
183 61 194 61
183 65 186 67
183 76 194 76
183 89 192 89
183 95 194 95
183 96 194 96
183 105 192 105
183 112 185 114
183 116 190 116
183 118 194 118
183 128 193 128
183 130 193 130
183 132 194 132
183 145 190 145
183 148 194 148
183 162 194 162
183 169 194 169
183 173 187 174
183 192 190 192
183 193 186 194
183 241 186 242
183 243 186 244
183 245 194 245
184 25 195 25
184 26 188 27
184 35 193 35
184 40 194 40
184 53 195 53
184 56 195 56
184 83 195 83
184 108 193 108
184 131 194 131
184 142 193 142
184 149 195 149
184 158 194 158
184 159 194 159
184 167 188 168
184 179 193 179
184 184 192 184
184 185 192 185
184 190 195 190
184 197 187 198
184 231 195 231
184 239 191 239
185 15 196 15
185 16 196 16
185 38 194 38
185 43 188 44
185 46 188 47
185 54 195 54
185 70 196 70
185 72 190 73
185 80 196 80
185 98 196 98
185 102 196 102
185 106 192 106
185 151 196 151
185 165 192 165
185 170 196 170
185 171 196 171
185 172 196 172
185 180 193 180
185 187 196 187
185 206 196 206
185 224 196 224
185 225 196 225
185 226 196 226
185 237 196 237
186 6 193 6
186 10 197 10
186 28 197 28
186 33 195 33
186 84 188 86
186 100 190 101
186 110 197 110
186 112 188 114
186 143 193 143
186 150 197 150
186 163 196 163
186 183 196 183
186 189 195 189
186 195 193 195
186 203 189 204
186 209 197 209
186 210 193 210
186 218 188 220
186 222 189 223
187 7 198 7
187 23 191 24
187 39 194 39
187 55 198 55
187 57 198 57
187 63 198 63
187 65 188 68
187 77 198 77
187 78 190 79
187 91 198 91
187 103 198 103
187 115 196 115
187 144 198 144
187 152 198 152
187 156 190 157
187 177 198 177
187 186 196 186
187 193 198 193
187 201 197 201
187 212 198 212
187 230 198 230
187 240 190 241
187 242 191 243
187 244 197 244
188 2 199 2
188 8 192 9
188 41 191 42
188 48 197 48
188 58 199 58
188 71 199 71
188 75 199 75
188 82 199 82
188 94 198 94
188 109 199 109
188 120 199 120
188 125 197 125
188 133 191 134
188 137 199 137
188 139 199 139
188 154 196 154
188 173 199 173
188 174 199 174
188 188 198 188
188 197 192 198
188 202 197 202
188 205 197 205
188 214 199 214
188 233 199 233
188 248 199 248
189 3 199 3
189 19 198 19
189 26 192 27
189 43 193 44
189 46 197 46
189 47 197 47
189 49 193 50
189 65 192 67
189 81 199 81
189 84 193 85
189 86 198 86
189 87 198 87
189 97 199 97
189 111 193 112
189 113 196 113
189 119 199 119
189 121 199 121
189 124 199 124
189 147 199 147
189 164 196 164
189 166 192 168
189 182 196 182
189 196 197 196
189 200 197 200
189 216 199 216
189 218 191 220
189 232 199 232
189 249 199 249
190 4 199 4
190 11 199 11
190 20 198 20
190 30 199 30
190 34 199 34
190 37 199 37
190 45 197 45
190 64 199 64
190 92 193 93
190 153 199 153
190 203 197 203
190 204 197 204
190 207 199 207
190 222 193 223
190 235 199 235
190 246 199 246
190 247 199 247
191 52 199 52
191 68 195 69
191 72 199 72
191 73 199 73
191 78 199 78
191 79 199 79
191 99 193 101
191 116 199 116
191 122 199 122
191 145 199 145
191 156 196 157
191 181 199 181
191 191 195 192
191 213 199 213
191 234 199 234
191 240 199 240
191 241 199 241
192 0 197 1
192 12 194 14
192 17 197 18
192 22 199 22
192 23 196 24
192 31 195 32
192 42 199 42
192 62 199 62
192 133 194 136
192 138 199 138
192 160 197 161
192 178 199 178
192 217 197 218
192 219 194 221
192 227 194 229
192 238 196 239
192 242 197 243
193 8 198 9
193 26 196 27
193 65 198 66
193 89 198 90
193 104 195 106
193 140 198 141
193 165 198 166
193 167 198 168
193 184 196 185
193 197 197 198
194 5 199 6
194 35 199 36
194 43 197 44
194 49 197 51
194 84 199 85
194 92 198 93
194 100 199 101
194 107 199 108
194 111 199 112
194 126 195 130
194 142 199 143
194 175 199 176
194 179 199 180
194 194 197 195
194 210 199 211
194 222 199 223
195 12 198 14
195 38 198 40
195 59 198 61
195 95 199 96
195 131 196 136
195 158 199 159
195 219 197 221
195 227 197 229
196 31 199 33
196 53 199 54
196 67 199 69
196 104 199 106
196 126 197 130
196 148 199 149
196 189 198 192
197 23 199 26
197 113 199 115
197 131 199 134
197 154 199 157
197 162 199 164
197 182 198 187
197 236 199 239
198 43 198 51
198 125 199 130
198 194 198 201
198 202 199 206
198 217 199 221
198 224 199 229
198 242 199 245
199 12 199 21
199 86 199 94
199 186 199 197